时间:2020-07-15 10:41:18,553  方法:<module>  级别:DEBUG  消息:Not in REPL -> leaving logger event level as is. 行数: 18 文件名:factory.py
时间:2020-07-15 10:41:18,554  方法:_find_provider_class  级别:DEBUG  消息:Looking for locale `zh_CN` in provider `faker.providers.address`. 行数: 91 文件名:factory.py
时间:2020-07-15 10:41:18,557  方法:_find_provider_class  级别:DEBUG  消息:Provider `faker.providers.address` has been localized to `zh_CN`. 行数: 105 文件名:factory.py
时间:2020-07-15 10:41:18,558  方法:_find_provider_class  级别:DEBUG  消息:Looking for locale `zh_CN` in provider `faker.providers.automotive`. 行数: 91 文件名:factory.py
时间:2020-07-15 10:41:18,560  方法:_find_provider_class  级别:DEBUG  消息:Specified locale `zh_CN` is not available for provider `faker.providers.automotive`. Locale reset to `en_US` for this provider. 行数: 101 文件名:factory.py
时间:2020-07-15 10:41:18,560  方法:_find_provider_class  级别:DEBUG  消息:Looking for locale `zh_CN` in provider `faker.providers.bank`. 行数: 91 文件名:factory.py
时间:2020-07-15 10:41:18,561  方法:_find_provider_class  级别:DEBUG  消息:Specified locale `zh_CN` is not available for provider `faker.providers.bank`. Locale reset to `en_GB` for this provider. 行数: 101 文件名:factory.py
时间:2020-07-15 10:41:18,562  方法:_find_provider_class  级别:DEBUG  消息:Looking for locale `zh_CN` in provider `faker.providers.barcode`. 行数: 91 文件名:factory.py
时间:2020-07-15 10:41:18,562  方法:_find_provider_class  级别:DEBUG  消息:Specified locale `zh_CN` is not available for provider `faker.providers.barcode`. Locale reset to `en_US` for this provider. 行数: 101 文件名:factory.py
时间:2020-07-15 10:41:18,563  方法:_find_provider_class  级别:DEBUG  消息:Looking for locale `zh_CN` in provider `faker.providers.color`. 行数: 91 文件名:factory.py
时间:2020-07-15 10:41:18,564  方法:_find_provider_class  级别:DEBUG  消息:Specified locale `zh_CN` is not available for provider `faker.providers.color`. Locale reset to `en_US` for this provider. 行数: 101 文件名:factory.py
时间:2020-07-15 10:41:18,565  方法:_find_provider_class  级别:DEBUG  消息:Looking for locale `zh_CN` in provider `faker.providers.company`. 行数: 91 文件名:factory.py
时间:2020-07-15 10:41:18,567  方法:_find_provider_class  级别:DEBUG  消息:Provider `faker.providers.company` has been localized to `zh_CN`. 行数: 105 文件名:factory.py
时间:2020-07-15 10:41:18,567  方法:_find_provider_class  级别:DEBUG  消息:Looking for locale `zh_CN` in provider `faker.providers.credit_card`. 行数: 91 文件名:factory.py
时间:2020-07-15 10:41:18,568  方法:_find_provider_class  级别:DEBUG  消息:Specified locale `zh_CN` is not available for provider `faker.providers.credit_card`. Locale reset to `en_US` for this provider. 行数: 101 文件名:factory.py
时间:2020-07-15 10:41:18,568  方法:_find_provider_class  级别:DEBUG  消息:Looking for locale `zh_CN` in provider `faker.providers.currency`. 行数: 91 文件名:factory.py
时间:2020-07-15 10:41:18,569  方法:_find_provider_class  级别:DEBUG  消息:Specified locale `zh_CN` is not available for provider `faker.providers.currency`. Locale reset to `en_US` for this provider. 行数: 101 文件名:factory.py
时间:2020-07-15 10:41:18,569  方法:_find_provider_class  级别:DEBUG  消息:Looking for locale `zh_CN` in provider `faker.providers.date_time`. 行数: 91 文件名:factory.py
时间:2020-07-15 10:41:18,571  方法:_find_provider_class  级别:DEBUG  消息:Specified locale `zh_CN` is not available for provider `faker.providers.date_time`. Locale reset to `en_US` for this provider. 行数: 101 文件名:factory.py
时间:2020-07-15 10:41:18,572  方法:_find_provider_class  级别:DEBUG  消息:Provider `faker.providers.file` does not feature localization. Specified locale `zh_CN` is not utilized for this provider. 行数: 118 文件名:factory.py
时间:2020-07-15 10:41:18,572  方法:_find_provider_class  级别:DEBUG  消息:Looking for locale `zh_CN` in provider `faker.providers.geo`. 行数: 91 文件名:factory.py
时间:2020-07-15 10:41:18,572  方法:_find_provider_class  级别:DEBUG  消息:Specified locale `zh_CN` is not available for provider `faker.providers.geo`. Locale reset to `en_US` for this provider. 行数: 101 文件名:factory.py
时间:2020-07-15 10:41:18,573  方法:_find_provider_class  级别:DEBUG  消息:Looking for locale `zh_CN` in provider `faker.providers.internet`. 行数: 91 文件名:factory.py
时间:2020-07-15 10:41:18,575  方法:_find_provider_class  级别:DEBUG  消息:Provider `faker.providers.internet` has been localized to `zh_CN`. 行数: 105 文件名:factory.py
时间:2020-07-15 10:41:18,577  方法:_find_provider_class  级别:DEBUG  消息:Provider `faker.providers.isbn` does not feature localization. Specified locale `zh_CN` is not utilized for this provider. 行数: 118 文件名:factory.py
时间:2020-07-15 10:41:18,577  方法:_find_provider_class  级别:DEBUG  消息:Looking for locale `zh_CN` in provider `faker.providers.job`. 行数: 91 文件名:factory.py
时间:2020-07-15 10:41:18,579  方法:_find_provider_class  级别:DEBUG  消息:Provider `faker.providers.job` has been localized to `zh_CN`. 行数: 105 文件名:factory.py
时间:2020-07-15 10:41:18,579  方法:_find_provider_class  级别:DEBUG  消息:Looking for locale `zh_CN` in provider `faker.providers.lorem`. 行数: 91 文件名:factory.py
时间:2020-07-15 10:41:18,581  方法:_find_provider_class  级别:DEBUG  消息:Provider `faker.providers.lorem` has been localized to `zh_CN`. 行数: 105 文件名:factory.py
时间:2020-07-15 10:41:18,582  方法:_find_provider_class  级别:DEBUG  消息:Looking for locale `zh_CN` in provider `faker.providers.misc`. 行数: 91 文件名:factory.py
时间:2020-07-15 10:41:18,582  方法:_find_provider_class  级别:DEBUG  消息:Specified locale `zh_CN` is not available for provider `faker.providers.misc`. Locale reset to `en_US` for this provider. 行数: 101 文件名:factory.py
时间:2020-07-15 10:41:18,583  方法:_find_provider_class  级别:DEBUG  消息:Looking for locale `zh_CN` in provider `faker.providers.person`. 行数: 91 文件名:factory.py
时间:2020-07-15 10:41:18,587  方法:_find_provider_class  级别:DEBUG  消息:Provider `faker.providers.person` has been localized to `zh_CN`. 行数: 105 文件名:factory.py
时间:2020-07-15 10:41:18,588  方法:_find_provider_class  级别:DEBUG  消息:Looking for locale `zh_CN` in provider `faker.providers.phone_number`. 行数: 91 文件名:factory.py
时间:2020-07-15 10:41:18,592  方法:_find_provider_class  级别:DEBUG  消息:Provider `faker.providers.phone_number` has been localized to `zh_CN`. 行数: 105 文件名:factory.py
时间:2020-07-15 10:41:18,592  方法:_find_provider_class  级别:DEBUG  消息:Provider `faker.providers.profile` does not feature localization. Specified locale `zh_CN` is not utilized for this provider. 行数: 118 文件名:factory.py
时间:2020-07-15 10:41:18,592  方法:_find_provider_class  级别:DEBUG  消息:Provider `faker.providers.python` does not feature localization. Specified locale `zh_CN` is not utilized for this provider. 行数: 118 文件名:factory.py
时间:2020-07-15 10:41:18,592  方法:_find_provider_class  级别:DEBUG  消息:Looking for locale `zh_CN` in provider `faker.providers.ssn`. 行数: 91 文件名:factory.py
时间:2020-07-15 10:41:18,596  方法:_find_provider_class  级别:DEBUG  消息:Provider `faker.providers.ssn` has been localized to `zh_CN`. 行数: 105 文件名:factory.py
时间:2020-07-15 10:41:18,597  方法:_find_provider_class  级别:DEBUG  消息:Provider `faker.providers.user_agent` does not feature localization. Specified locale `zh_CN` is not utilized for this provider. 行数: 118 文件名:factory.py
时间:2020-07-15 10:45:52,629  方法:<module>  级别:DEBUG  消息:Not in REPL -> leaving logger event level as is. 行数: 18 文件名:factory.py
时间:2020-07-15 10:45:52,629  方法:_find_provider_class  级别:DEBUG  消息:Looking for locale `zh_CN` in provider `faker.providers.address`. 行数: 91 文件名:factory.py
时间:2020-07-15 10:45:52,634  方法:_find_provider_class  级别:DEBUG  消息:Provider `faker.providers.address` has been localized to `zh_CN`. 行数: 105 文件名:factory.py
时间:2020-07-15 10:45:52,634  方法:_find_provider_class  级别:DEBUG  消息:Looking for locale `zh_CN` in provider `faker.providers.automotive`. 行数: 91 文件名:factory.py
时间:2020-07-15 10:45:52,636  方法:_find_provider_class  级别:DEBUG  消息:Specified locale `zh_CN` is not available for provider `faker.providers.automotive`. Locale reset to `en_US` for this provider. 行数: 101 文件名:factory.py
时间:2020-07-15 10:45:52,637  方法:_find_provider_class  级别:DEBUG  消息:Looking for locale `zh_CN` in provider `faker.providers.bank`. 行数: 91 文件名:factory.py
时间:2020-07-15 10:45:52,638  方法:_find_provider_class  级别:DEBUG  消息:Specified locale `zh_CN` is not available for provider `faker.providers.bank`. Locale reset to `en_GB` for this provider. 行数: 101 文件名:factory.py
时间:2020-07-15 10:45:52,638  方法:_find_provider_class  级别:DEBUG  消息:Looking for locale `zh_CN` in provider `faker.providers.barcode`. 行数: 91 文件名:factory.py
时间:2020-07-15 10:45:52,639  方法:_find_provider_class  级别:DEBUG  消息:Specified locale `zh_CN` is not available for provider `faker.providers.barcode`. Locale reset to `en_US` for this provider. 行数: 101 文件名:factory.py
时间:2020-07-15 10:45:52,640  方法:_find_provider_class  级别:DEBUG  消息:Looking for locale `zh_CN` in provider `faker.providers.color`. 行数: 91 文件名:factory.py
时间:2020-07-15 10:45:52,641  方法:_find_provider_class  级别:DEBUG  消息:Specified locale `zh_CN` is not available for provider `faker.providers.color`. Locale reset to `en_US` for this provider. 行数: 101 文件名:factory.py
时间:2020-07-15 10:45:52,641  方法:_find_provider_class  级别:DEBUG  消息:Looking for locale `zh_CN` in provider `faker.providers.company`. 行数: 91 文件名:factory.py
时间:2020-07-15 10:45:52,644  方法:_find_provider_class  级别:DEBUG  消息:Provider `faker.providers.company` has been localized to `zh_CN`. 行数: 105 文件名:factory.py
时间:2020-07-15 10:45:52,644  方法:_find_provider_class  级别:DEBUG  消息:Looking for locale `zh_CN` in provider `faker.providers.credit_card`. 行数: 91 文件名:factory.py
时间:2020-07-15 10:45:52,645  方法:_find_provider_class  级别:DEBUG  消息:Specified locale `zh_CN` is not available for provider `faker.providers.credit_card`. Locale reset to `en_US` for this provider. 行数: 101 文件名:factory.py
时间:2020-07-15 10:45:52,645  方法:_find_provider_class  级别:DEBUG  消息:Looking for locale `zh_CN` in provider `faker.providers.currency`. 行数: 91 文件名:factory.py
时间:2020-07-15 10:45:52,646  方法:_find_provider_class  级别:DEBUG  消息:Specified locale `zh_CN` is not available for provider `faker.providers.currency`. Locale reset to `en_US` for this provider. 行数: 101 文件名:factory.py
时间:2020-07-15 10:45:52,646  方法:_find_provider_class  级别:DEBUG  消息:Looking for locale `zh_CN` in provider `faker.providers.date_time`. 行数: 91 文件名:factory.py
时间:2020-07-15 10:45:52,648  方法:_find_provider_class  级别:DEBUG  消息:Specified locale `zh_CN` is not available for provider `faker.providers.date_time`. Locale reset to `en_US` for this provider. 行数: 101 文件名:factory.py
时间:2020-07-15 10:45:52,648  方法:_find_provider_class  级别:DEBUG  消息:Provider `faker.providers.file` does not feature localization. Specified locale `zh_CN` is not utilized for this provider. 行数: 118 文件名:factory.py
时间:2020-07-15 10:45:52,649  方法:_find_provider_class  级别:DEBUG  消息:Looking for locale `zh_CN` in provider `faker.providers.geo`. 行数: 91 文件名:factory.py
时间:2020-07-15 10:45:52,649  方法:_find_provider_class  级别:DEBUG  消息:Specified locale `zh_CN` is not available for provider `faker.providers.geo`. Locale reset to `en_US` for this provider. 行数: 101 文件名:factory.py
时间:2020-07-15 10:45:52,650  方法:_find_provider_class  级别:DEBUG  消息:Looking for locale `zh_CN` in provider `faker.providers.internet`. 行数: 91 文件名:factory.py
时间:2020-07-15 10:45:52,652  方法:_find_provider_class  级别:DEBUG  消息:Provider `faker.providers.internet` has been localized to `zh_CN`. 行数: 105 文件名:factory.py
时间:2020-07-15 10:45:52,653  方法:_find_provider_class  级别:DEBUG  消息:Provider `faker.providers.isbn` does not feature localization. Specified locale `zh_CN` is not utilized for this provider. 行数: 118 文件名:factory.py
时间:2020-07-15 10:45:52,653  方法:_find_provider_class  级别:DEBUG  消息:Looking for locale `zh_CN` in provider `faker.providers.job`. 行数: 91 文件名:factory.py
时间:2020-07-15 10:45:52,655  方法:_find_provider_class  级别:DEBUG  消息:Provider `faker.providers.job` has been localized to `zh_CN`. 行数: 105 文件名:factory.py
时间:2020-07-15 10:45:52,656  方法:_find_provider_class  级别:DEBUG  消息:Looking for locale `zh_CN` in provider `faker.providers.lorem`. 行数: 91 文件名:factory.py
时间:2020-07-15 10:45:52,657  方法:_find_provider_class  级别:DEBUG  消息:Provider `faker.providers.lorem` has been localized to `zh_CN`. 行数: 105 文件名:factory.py
时间:2020-07-15 10:45:52,658  方法:_find_provider_class  级别:DEBUG  消息:Looking for locale `zh_CN` in provider `faker.providers.misc`. 行数: 91 文件名:factory.py
时间:2020-07-15 10:45:52,658  方法:_find_provider_class  级别:DEBUG  消息:Specified locale `zh_CN` is not available for provider `faker.providers.misc`. Locale reset to `en_US` for this provider. 行数: 101 文件名:factory.py
时间:2020-07-15 10:45:52,659  方法:_find_provider_class  级别:DEBUG  消息:Looking for locale `zh_CN` in provider `faker.providers.person`. 行数: 91 文件名:factory.py
时间:2020-07-15 10:45:52,663  方法:_find_provider_class  级别:DEBUG  消息:Provider `faker.providers.person` has been localized to `zh_CN`. 行数: 105 文件名:factory.py
时间:2020-07-15 10:45:52,664  方法:_find_provider_class  级别:DEBUG  消息:Looking for locale `zh_CN` in provider `faker.providers.phone_number`. 行数: 91 文件名:factory.py
时间:2020-07-15 10:45:52,668  方法:_find_provider_class  级别:DEBUG  消息:Provider `faker.providers.phone_number` has been localized to `zh_CN`. 行数: 105 文件名:factory.py
时间:2020-07-15 10:45:52,668  方法:_find_provider_class  级别:DEBUG  消息:Provider `faker.providers.profile` does not feature localization. Specified locale `zh_CN` is not utilized for this provider. 行数: 118 文件名:factory.py
时间:2020-07-15 10:45:52,668  方法:_find_provider_class  级别:DEBUG  消息:Provider `faker.providers.python` does not feature localization. Specified locale `zh_CN` is not utilized for this provider. 行数: 118 文件名:factory.py
时间:2020-07-15 10:45:52,668  方法:_find_provider_class  级别:DEBUG  消息:Looking for locale `zh_CN` in provider `faker.providers.ssn`. 行数: 91 文件名:factory.py
时间:2020-07-15 10:45:52,672  方法:_find_provider_class  级别:DEBUG  消息:Provider `faker.providers.ssn` has been localized to `zh_CN`. 行数: 105 文件名:factory.py
时间:2020-07-15 10:45:52,673  方法:_find_provider_class  级别:DEBUG  消息:Provider `faker.providers.user_agent` does not feature localization. Specified locale `zh_CN` is not utilized for this provider. 行数: 118 文件名:factory.py
时间:2020-07-15 10:47:05,462  方法:<module>  级别:DEBUG  消息:Not in REPL -> leaving logger event level as is. 行数: 18 文件名:factory.py
时间:2020-07-15 10:47:05,463  方法:_find_provider_class  级别:DEBUG  消息:Looking for locale `zh_CN` in provider `faker.providers.address`. 行数: 91 文件名:factory.py
时间:2020-07-15 10:47:05,466  方法:_find_provider_class  级别:DEBUG  消息:Provider `faker.providers.address` has been localized to `zh_CN`. 行数: 105 文件名:factory.py
时间:2020-07-15 10:47:05,467  方法:_find_provider_class  级别:DEBUG  消息:Looking for locale `zh_CN` in provider `faker.providers.automotive`. 行数: 91 文件名:factory.py
时间:2020-07-15 10:47:05,468  方法:_find_provider_class  级别:DEBUG  消息:Specified locale `zh_CN` is not available for provider `faker.providers.automotive`. Locale reset to `en_US` for this provider. 行数: 101 文件名:factory.py
时间:2020-07-15 10:47:05,469  方法:_find_provider_class  级别:DEBUG  消息:Looking for locale `zh_CN` in provider `faker.providers.bank`. 行数: 91 文件名:factory.py
时间:2020-07-15 10:47:05,470  方法:_find_provider_class  级别:DEBUG  消息:Specified locale `zh_CN` is not available for provider `faker.providers.bank`. Locale reset to `en_GB` for this provider. 行数: 101 文件名:factory.py
时间:2020-07-15 10:47:05,470  方法:_find_provider_class  级别:DEBUG  消息:Looking for locale `zh_CN` in provider `faker.providers.barcode`. 行数: 91 文件名:factory.py
时间:2020-07-15 10:47:05,471  方法:_find_provider_class  级别:DEBUG  消息:Specified locale `zh_CN` is not available for provider `faker.providers.barcode`. Locale reset to `en_US` for this provider. 行数: 101 文件名:factory.py
时间:2020-07-15 10:47:05,472  方法:_find_provider_class  级别:DEBUG  消息:Looking for locale `zh_CN` in provider `faker.providers.color`. 行数: 91 文件名:factory.py
时间:2020-07-15 10:47:05,473  方法:_find_provider_class  级别:DEBUG  消息:Specified locale `zh_CN` is not available for provider `faker.providers.color`. Locale reset to `en_US` for this provider. 行数: 101 文件名:factory.py
时间:2020-07-15 10:47:05,474  方法:_find_provider_class  级别:DEBUG  消息:Looking for locale `zh_CN` in provider `faker.providers.company`. 行数: 91 文件名:factory.py
时间:2020-07-15 10:47:05,476  方法:_find_provider_class  级别:DEBUG  消息:Provider `faker.providers.company` has been localized to `zh_CN`. 行数: 105 文件名:factory.py
时间:2020-07-15 10:47:05,476  方法:_find_provider_class  级别:DEBUG  消息:Looking for locale `zh_CN` in provider `faker.providers.credit_card`. 行数: 91 文件名:factory.py
时间:2020-07-15 10:47:05,477  方法:_find_provider_class  级别:DEBUG  消息:Specified locale `zh_CN` is not available for provider `faker.providers.credit_card`. Locale reset to `en_US` for this provider. 行数: 101 文件名:factory.py
时间:2020-07-15 10:47:05,477  方法:_find_provider_class  级别:DEBUG  消息:Looking for locale `zh_CN` in provider `faker.providers.currency`. 行数: 91 文件名:factory.py
时间:2020-07-15 10:47:05,478  方法:_find_provider_class  级别:DEBUG  消息:Specified locale `zh_CN` is not available for provider `faker.providers.currency`. Locale reset to `en_US` for this provider. 行数: 101 文件名:factory.py
时间:2020-07-15 10:47:05,478  方法:_find_provider_class  级别:DEBUG  消息:Looking for locale `zh_CN` in provider `faker.providers.date_time`. 行数: 91 文件名:factory.py
时间:2020-07-15 10:47:05,480  方法:_find_provider_class  级别:DEBUG  消息:Specified locale `zh_CN` is not available for provider `faker.providers.date_time`. Locale reset to `en_US` for this provider. 行数: 101 文件名:factory.py
时间:2020-07-15 10:47:05,481  方法:_find_provider_class  级别:DEBUG  消息:Provider `faker.providers.file` does not feature localization. Specified locale `zh_CN` is not utilized for this provider. 行数: 118 文件名:factory.py
时间:2020-07-15 10:47:05,481  方法:_find_provider_class  级别:DEBUG  消息:Looking for locale `zh_CN` in provider `faker.providers.geo`. 行数: 91 文件名:factory.py
时间:2020-07-15 10:47:05,481  方法:_find_provider_class  级别:DEBUG  消息:Specified locale `zh_CN` is not available for provider `faker.providers.geo`. Locale reset to `en_US` for this provider. 行数: 101 文件名:factory.py
时间:2020-07-15 10:47:05,482  方法:_find_provider_class  级别:DEBUG  消息:Looking for locale `zh_CN` in provider `faker.providers.internet`. 行数: 91 文件名:factory.py
时间:2020-07-15 10:47:05,484  方法:_find_provider_class  级别:DEBUG  消息:Provider `faker.providers.internet` has been localized to `zh_CN`. 行数: 105 文件名:factory.py
时间:2020-07-15 10:47:05,485  方法:_find_provider_class  级别:DEBUG  消息:Provider `faker.providers.isbn` does not feature localization. Specified locale `zh_CN` is not utilized for this provider. 行数: 118 文件名:factory.py
时间:2020-07-15 10:47:05,485  方法:_find_provider_class  级别:DEBUG  消息:Looking for locale `zh_CN` in provider `faker.providers.job`. 行数: 91 文件名:factory.py
时间:2020-07-15 10:47:05,487  方法:_find_provider_class  级别:DEBUG  消息:Provider `faker.providers.job` has been localized to `zh_CN`. 行数: 105 文件名:factory.py
时间:2020-07-15 10:47:05,488  方法:_find_provider_class  级别:DEBUG  消息:Looking for locale `zh_CN` in provider `faker.providers.lorem`. 行数: 91 文件名:factory.py
时间:2020-07-15 10:47:05,489  方法:_find_provider_class  级别:DEBUG  消息:Provider `faker.providers.lorem` has been localized to `zh_CN`. 行数: 105 文件名:factory.py
时间:2020-07-15 10:47:05,489  方法:_find_provider_class  级别:DEBUG  消息:Looking for locale `zh_CN` in provider `faker.providers.misc`. 行数: 91 文件名:factory.py
时间:2020-07-15 10:47:05,490  方法:_find_provider_class  级别:DEBUG  消息:Specified locale `zh_CN` is not available for provider `faker.providers.misc`. Locale reset to `en_US` for this provider. 行数: 101 文件名:factory.py
时间:2020-07-15 10:47:05,490  方法:_find_provider_class  级别:DEBUG  消息:Looking for locale `zh_CN` in provider `faker.providers.person`. 行数: 91 文件名:factory.py
时间:2020-07-15 10:47:05,494  方法:_find_provider_class  级别:DEBUG  消息:Provider `faker.providers.person` has been localized to `zh_CN`. 行数: 105 文件名:factory.py
时间:2020-07-15 10:47:05,495  方法:_find_provider_class  级别:DEBUG  消息:Looking for locale `zh_CN` in provider `faker.providers.phone_number`. 行数: 91 文件名:factory.py
时间:2020-07-15 10:47:05,499  方法:_find_provider_class  级别:DEBUG  消息:Provider `faker.providers.phone_number` has been localized to `zh_CN`. 行数: 105 文件名:factory.py
时间:2020-07-15 10:47:05,500  方法:_find_provider_class  级别:DEBUG  消息:Provider `faker.providers.profile` does not feature localization. Specified locale `zh_CN` is not utilized for this provider. 行数: 118 文件名:factory.py
时间:2020-07-15 10:47:05,500  方法:_find_provider_class  级别:DEBUG  消息:Provider `faker.providers.python` does not feature localization. Specified locale `zh_CN` is not utilized for this provider. 行数: 118 文件名:factory.py
时间:2020-07-15 10:47:05,500  方法:_find_provider_class  级别:DEBUG  消息:Looking for locale `zh_CN` in provider `faker.providers.ssn`. 行数: 91 文件名:factory.py
时间:2020-07-15 10:47:05,503  方法:_find_provider_class  级别:DEBUG  消息:Provider `faker.providers.ssn` has been localized to `zh_CN`. 行数: 105 文件名:factory.py
时间:2020-07-15 10:47:05,504  方法:_find_provider_class  级别:DEBUG  消息:Provider `faker.providers.user_agent` does not feature localization. Specified locale `zh_CN` is not utilized for this provider. 行数: 118 文件名:factory.py
时间:2020-07-15 10:47:11,276  方法:_request  级别:DEBUG  消息:POST http://127.0.0.1:9226/session {"capabilities": {"firstMatch": [{}], "alwaysMatch": {"browserName": "chrome", "platformName": "any", "goog:chromeOptions": {"extensions": [], "args": ["headless"]}}}, "desiredCapabilities": {"browserName": "chrome", "version": "", "platform": "ANY", "goog:chromeOptions": {"extensions": [], "args": ["headless"]}}} 行数: 388 文件名:remote_connection.py
时间:2020-07-15 10:47:11,277  方法:_new_conn  级别:DEBUG  消息:Starting new HTTP connection (1): 127.0.0.1:9226 行数: 230 文件名:connectionpool.py
时间:2020-07-15 10:47:11,784  方法:_make_request  级别:DEBUG  消息:http://127.0.0.1:9226 "POST /session HTTP/1.1" 500 988 行数: 442 文件名:connectionpool.py
时间:2020-07-15 10:47:11,784  方法:_request  级别:DEBUG  消息:Finished Request 行数: 440 文件名:remote_connection.py
时间:2020-07-15 10:48:09,547  方法:<module>  级别:DEBUG  消息:Not in REPL -> leaving logger event level as is. 行数: 18 文件名:factory.py
时间:2020-07-15 10:48:09,547  方法:_find_provider_class  级别:DEBUG  消息:Looking for locale `zh_CN` in provider `faker.providers.address`. 行数: 91 文件名:factory.py
时间:2020-07-15 10:48:09,551  方法:_find_provider_class  级别:DEBUG  消息:Provider `faker.providers.address` has been localized to `zh_CN`. 行数: 105 文件名:factory.py
时间:2020-07-15 10:48:09,551  方法:_find_provider_class  级别:DEBUG  消息:Looking for locale `zh_CN` in provider `faker.providers.automotive`. 行数: 91 文件名:factory.py
时间:2020-07-15 10:48:09,553  方法:_find_provider_class  级别:DEBUG  消息:Specified locale `zh_CN` is not available for provider `faker.providers.automotive`. Locale reset to `en_US` for this provider. 行数: 101 文件名:factory.py
时间:2020-07-15 10:48:09,554  方法:_find_provider_class  级别:DEBUG  消息:Looking for locale `zh_CN` in provider `faker.providers.bank`. 行数: 91 文件名:factory.py
时间:2020-07-15 10:48:09,555  方法:_find_provider_class  级别:DEBUG  消息:Specified locale `zh_CN` is not available for provider `faker.providers.bank`. Locale reset to `en_GB` for this provider. 行数: 101 文件名:factory.py
时间:2020-07-15 10:48:09,555  方法:_find_provider_class  级别:DEBUG  消息:Looking for locale `zh_CN` in provider `faker.providers.barcode`. 行数: 91 文件名:factory.py
时间:2020-07-15 10:48:09,556  方法:_find_provider_class  级别:DEBUG  消息:Specified locale `zh_CN` is not available for provider `faker.providers.barcode`. Locale reset to `en_US` for this provider. 行数: 101 文件名:factory.py
时间:2020-07-15 10:48:09,557  方法:_find_provider_class  级别:DEBUG  消息:Looking for locale `zh_CN` in provider `faker.providers.color`. 行数: 91 文件名:factory.py
时间:2020-07-15 10:48:09,558  方法:_find_provider_class  级别:DEBUG  消息:Specified locale `zh_CN` is not available for provider `faker.providers.color`. Locale reset to `en_US` for this provider. 行数: 101 文件名:factory.py
时间:2020-07-15 10:48:09,558  方法:_find_provider_class  级别:DEBUG  消息:Looking for locale `zh_CN` in provider `faker.providers.company`. 行数: 91 文件名:factory.py
时间:2020-07-15 10:48:09,561  方法:_find_provider_class  级别:DEBUG  消息:Provider `faker.providers.company` has been localized to `zh_CN`. 行数: 105 文件名:factory.py
时间:2020-07-15 10:48:09,561  方法:_find_provider_class  级别:DEBUG  消息:Looking for locale `zh_CN` in provider `faker.providers.credit_card`. 行数: 91 文件名:factory.py
时间:2020-07-15 10:48:09,562  方法:_find_provider_class  级别:DEBUG  消息:Specified locale `zh_CN` is not available for provider `faker.providers.credit_card`. Locale reset to `en_US` for this provider. 行数: 101 文件名:factory.py
时间:2020-07-15 10:48:09,562  方法:_find_provider_class  级别:DEBUG  消息:Looking for locale `zh_CN` in provider `faker.providers.currency`. 行数: 91 文件名:factory.py
时间:2020-07-15 10:48:09,563  方法:_find_provider_class  级别:DEBUG  消息:Specified locale `zh_CN` is not available for provider `faker.providers.currency`. Locale reset to `en_US` for this provider. 行数: 101 文件名:factory.py
时间:2020-07-15 10:48:09,563  方法:_find_provider_class  级别:DEBUG  消息:Looking for locale `zh_CN` in provider `faker.providers.date_time`. 行数: 91 文件名:factory.py
时间:2020-07-15 10:48:09,565  方法:_find_provider_class  级别:DEBUG  消息:Specified locale `zh_CN` is not available for provider `faker.providers.date_time`. Locale reset to `en_US` for this provider. 行数: 101 文件名:factory.py
时间:2020-07-15 10:48:09,566  方法:_find_provider_class  级别:DEBUG  消息:Provider `faker.providers.file` does not feature localization. Specified locale `zh_CN` is not utilized for this provider. 行数: 118 文件名:factory.py
时间:2020-07-15 10:48:09,566  方法:_find_provider_class  级别:DEBUG  消息:Looking for locale `zh_CN` in provider `faker.providers.geo`. 行数: 91 文件名:factory.py
时间:2020-07-15 10:48:09,566  方法:_find_provider_class  级别:DEBUG  消息:Specified locale `zh_CN` is not available for provider `faker.providers.geo`. Locale reset to `en_US` for this provider. 行数: 101 文件名:factory.py
时间:2020-07-15 10:48:09,567  方法:_find_provider_class  级别:DEBUG  消息:Looking for locale `zh_CN` in provider `faker.providers.internet`. 行数: 91 文件名:factory.py
时间:2020-07-15 10:48:09,569  方法:_find_provider_class  级别:DEBUG  消息:Provider `faker.providers.internet` has been localized to `zh_CN`. 行数: 105 文件名:factory.py
时间:2020-07-15 10:48:09,570  方法:_find_provider_class  级别:DEBUG  消息:Provider `faker.providers.isbn` does not feature localization. Specified locale `zh_CN` is not utilized for this provider. 行数: 118 文件名:factory.py
时间:2020-07-15 10:48:09,570  方法:_find_provider_class  级别:DEBUG  消息:Looking for locale `zh_CN` in provider `faker.providers.job`. 行数: 91 文件名:factory.py
时间:2020-07-15 10:48:09,572  方法:_find_provider_class  级别:DEBUG  消息:Provider `faker.providers.job` has been localized to `zh_CN`. 行数: 105 文件名:factory.py
时间:2020-07-15 10:48:09,572  方法:_find_provider_class  级别:DEBUG  消息:Looking for locale `zh_CN` in provider `faker.providers.lorem`. 行数: 91 文件名:factory.py
时间:2020-07-15 10:48:09,574  方法:_find_provider_class  级别:DEBUG  消息:Provider `faker.providers.lorem` has been localized to `zh_CN`. 行数: 105 文件名:factory.py
时间:2020-07-15 10:48:09,574  方法:_find_provider_class  级别:DEBUG  消息:Looking for locale `zh_CN` in provider `faker.providers.misc`. 行数: 91 文件名:factory.py
时间:2020-07-15 10:48:09,575  方法:_find_provider_class  级别:DEBUG  消息:Specified locale `zh_CN` is not available for provider `faker.providers.misc`. Locale reset to `en_US` for this provider. 行数: 101 文件名:factory.py
时间:2020-07-15 10:48:09,575  方法:_find_provider_class  级别:DEBUG  消息:Looking for locale `zh_CN` in provider `faker.providers.person`. 行数: 91 文件名:factory.py
时间:2020-07-15 10:48:09,579  方法:_find_provider_class  级别:DEBUG  消息:Provider `faker.providers.person` has been localized to `zh_CN`. 行数: 105 文件名:factory.py
时间:2020-07-15 10:48:09,580  方法:_find_provider_class  级别:DEBUG  消息:Looking for locale `zh_CN` in provider `faker.providers.phone_number`. 行数: 91 文件名:factory.py
时间:2020-07-15 10:48:09,584  方法:_find_provider_class  级别:DEBUG  消息:Provider `faker.providers.phone_number` has been localized to `zh_CN`. 行数: 105 文件名:factory.py
时间:2020-07-15 10:48:09,584  方法:_find_provider_class  级别:DEBUG  消息:Provider `faker.providers.profile` does not feature localization. Specified locale `zh_CN` is not utilized for this provider. 行数: 118 文件名:factory.py
时间:2020-07-15 10:48:09,584  方法:_find_provider_class  级别:DEBUG  消息:Provider `faker.providers.python` does not feature localization. Specified locale `zh_CN` is not utilized for this provider. 行数: 118 文件名:factory.py
时间:2020-07-15 10:48:09,584  方法:_find_provider_class  级别:DEBUG  消息:Looking for locale `zh_CN` in provider `faker.providers.ssn`. 行数: 91 文件名:factory.py
时间:2020-07-15 10:48:09,589  方法:_find_provider_class  级别:DEBUG  消息:Provider `faker.providers.ssn` has been localized to `zh_CN`. 行数: 105 文件名:factory.py
时间:2020-07-15 10:48:09,590  方法:_find_provider_class  级别:DEBUG  消息:Provider `faker.providers.user_agent` does not feature localization. Specified locale `zh_CN` is not utilized for this provider. 行数: 118 文件名:factory.py
时间:2020-07-15 10:48:15,346  方法:_request  级别:DEBUG  消息:POST http://127.0.0.1:9279/session {"capabilities": {"firstMatch": [{}], "alwaysMatch": {"browserName": "chrome", "platformName": "any", "goog:chromeOptions": {"extensions": [], "args": ["headless"]}}}, "desiredCapabilities": {"browserName": "chrome", "version": "", "platform": "ANY", "goog:chromeOptions": {"extensions": [], "args": ["headless"]}}} 行数: 388 文件名:remote_connection.py
时间:2020-07-15 10:48:15,346  方法:_new_conn  级别:DEBUG  消息:Starting new HTTP connection (1): 127.0.0.1:9279 行数: 230 文件名:connectionpool.py
时间:2020-07-15 10:48:17,846  方法:_make_request  级别:DEBUG  消息:http://127.0.0.1:9279 "POST /session HTTP/1.1" 200 714 行数: 442 文件名:connectionpool.py
时间:2020-07-15 10:48:17,846  方法:_request  级别:DEBUG  消息:Finished Request 行数: 440 文件名:remote_connection.py
时间:2020-07-15 10:48:17,846  方法:_request  级别:DEBUG  消息:POST http://127.0.0.1:9279/session/bff560509244a0bfe89e83f33f1cbb8c/window/maximize {} 行数: 388 文件名:remote_connection.py
时间:2020-07-15 10:48:19,954  方法:_make_request  级别:DEBUG  消息:http://127.0.0.1:9279 "POST /session/bff560509244a0bfe89e83f33f1cbb8c/window/maximize HTTP/1.1" 200 48 行数: 442 文件名:connectionpool.py
时间:2020-07-15 10:48:19,954  方法:_request  级别:DEBUG  消息:Finished Request 行数: 440 文件名:remote_connection.py
时间:2020-07-15 10:48:19,955  方法:_request  级别:DEBUG  消息:POST http://127.0.0.1:9279/session/bff560509244a0bfe89e83f33f1cbb8c/url {"url": "https://new-console.300.cn"} 行数: 388 文件名:remote_connection.py
时间:2020-07-15 10:48:23,403  方法:_make_request  级别:DEBUG  消息:http://127.0.0.1:9279 "POST /session/bff560509244a0bfe89e83f33f1cbb8c/url HTTP/1.1" 200 14 行数: 442 文件名:connectionpool.py
时间:2020-07-15 10:48:23,403  方法:_request  级别:DEBUG  消息:Finished Request 行数: 440 文件名:remote_connection.py
时间:2020-07-15 10:48:23,403  方法:_request  级别:DEBUG  消息:POST http://127.0.0.1:9279/session/bff560509244a0bfe89e83f33f1cbb8c/element {"using": "xpath", "value": "(//*[@id='username'])[1]"} 行数: 388 文件名:remote_connection.py
时间:2020-07-15 10:48:23,415  方法:_make_request  级别:DEBUG  消息:http://127.0.0.1:9279 "POST /session/bff560509244a0bfe89e83f33f1cbb8c/element HTTP/1.1" 404 1065 行数: 442 文件名:connectionpool.py
时间:2020-07-15 10:48:23,415  方法:_request  级别:DEBUG  消息:Finished Request 行数: 440 文件名:remote_connection.py
时间:2020-07-15 10:48:23,916  方法:_request  级别:DEBUG  消息:POST http://127.0.0.1:9279/session/bff560509244a0bfe89e83f33f1cbb8c/element {"using": "xpath", "value": "(//*[@id='username'])[1]"} 行数: 388 文件名:remote_connection.py
时间:2020-07-15 10:48:24,576  方法:_make_request  级别:DEBUG  消息:http://127.0.0.1:9279 "POST /session/bff560509244a0bfe89e83f33f1cbb8c/element HTTP/1.1" 200 88 行数: 442 文件名:connectionpool.py
时间:2020-07-15 10:48:24,576  方法:_request  级别:DEBUG  消息:Finished Request 行数: 440 文件名:remote_connection.py
时间:2020-07-15 10:48:24,576  方法:_request  级别:DEBUG  消息:POST http://127.0.0.1:9279/session/bff560509244a0bfe89e83f33f1cbb8c/element/fa7891df-0d74-4a58-b9a7-55c2ba4ac580/clear {"id": "fa7891df-0d74-4a58-b9a7-55c2ba4ac580"} 行数: 388 文件名:remote_connection.py
时间:2020-07-15 10:48:24,601  方法:_make_request  级别:DEBUG  消息:http://127.0.0.1:9279 "POST /session/bff560509244a0bfe89e83f33f1cbb8c/element/fa7891df-0d74-4a58-b9a7-55c2ba4ac580/clear HTTP/1.1" 200 14 行数: 442 文件名:connectionpool.py
时间:2020-07-15 10:48:24,601  方法:_request  级别:DEBUG  消息:Finished Request 行数: 440 文件名:remote_connection.py
时间:2020-07-15 10:48:24,602  方法:_request  级别:DEBUG  消息:POST http://127.0.0.1:9279/session/bff560509244a0bfe89e83f33f1cbb8c/element {"using": "xpath", "value": "(//*[@id='username'])[1]"} 行数: 388 文件名:remote_connection.py
时间:2020-07-15 10:48:24,607  方法:_make_request  级别:DEBUG  消息:http://127.0.0.1:9279 "POST /session/bff560509244a0bfe89e83f33f1cbb8c/element HTTP/1.1" 200 88 行数: 442 文件名:connectionpool.py
时间:2020-07-15 10:48:24,607  方法:_request  级别:DEBUG  消息:Finished Request 行数: 440 文件名:remote_connection.py
时间:2020-07-15 10:48:24,607  方法:_request  级别:DEBUG  消息:POST http://127.0.0.1:9279/session/bff560509244a0bfe89e83f33f1cbb8c/element/fa7891df-0d74-4a58-b9a7-55c2ba4ac580/value {"text": "CEM10097239", "value": ["C", "E", "M", "1", "0", "0", "9", "7", "2", "3", "9"], "id": "fa7891df-0d74-4a58-b9a7-55c2ba4ac580"} 行数: 388 文件名:remote_connection.py
时间:2020-07-15 10:48:24,652  方法:_make_request  级别:DEBUG  消息:http://127.0.0.1:9279 "POST /session/bff560509244a0bfe89e83f33f1cbb8c/element/fa7891df-0d74-4a58-b9a7-55c2ba4ac580/value HTTP/1.1" 200 14 行数: 442 文件名:connectionpool.py
时间:2020-07-15 10:48:24,652  方法:_request  级别:DEBUG  消息:Finished Request 行数: 440 文件名:remote_connection.py
时间:2020-07-15 10:48:24,652  方法:_request  级别:DEBUG  消息:POST http://127.0.0.1:9279/session/bff560509244a0bfe89e83f33f1cbb8c/element {"using": "xpath", "value": "(//*[@id='password'])[1]"} 行数: 388 文件名:remote_connection.py
时间:2020-07-15 10:48:24,660  方法:_make_request  级别:DEBUG  消息:http://127.0.0.1:9279 "POST /session/bff560509244a0bfe89e83f33f1cbb8c/element HTTP/1.1" 200 88 行数: 442 文件名:connectionpool.py
时间:2020-07-15 10:48:24,660  方法:_request  级别:DEBUG  消息:Finished Request 行数: 440 文件名:remote_connection.py
时间:2020-07-15 10:48:24,660  方法:_request  级别:DEBUG  消息:POST http://127.0.0.1:9279/session/bff560509244a0bfe89e83f33f1cbb8c/element/e0f21d45-537c-46f1-b8a4-4627cd97701e/clear {"id": "e0f21d45-537c-46f1-b8a4-4627cd97701e"} 行数: 388 文件名:remote_connection.py
时间:2020-07-15 10:48:24,683  方法:_make_request  级别:DEBUG  消息:http://127.0.0.1:9279 "POST /session/bff560509244a0bfe89e83f33f1cbb8c/element/e0f21d45-537c-46f1-b8a4-4627cd97701e/clear HTTP/1.1" 200 14 行数: 442 文件名:connectionpool.py
时间:2020-07-15 10:48:24,683  方法:_request  级别:DEBUG  消息:Finished Request 行数: 440 文件名:remote_connection.py
时间:2020-07-15 10:48:24,683  方法:_request  级别:DEBUG  消息:POST http://127.0.0.1:9279/session/bff560509244a0bfe89e83f33f1cbb8c/element {"using": "xpath", "value": "(//*[@id='password'])[1]"} 行数: 388 文件名:remote_connection.py
时间:2020-07-15 10:48:24,687  方法:_make_request  级别:DEBUG  消息:http://127.0.0.1:9279 "POST /session/bff560509244a0bfe89e83f33f1cbb8c/element HTTP/1.1" 200 88 行数: 442 文件名:connectionpool.py
时间:2020-07-15 10:48:24,688  方法:_request  级别:DEBUG  消息:Finished Request 行数: 440 文件名:remote_connection.py
时间:2020-07-15 10:48:24,688  方法:_request  级别:DEBUG  消息:POST http://127.0.0.1:9279/session/bff560509244a0bfe89e83f33f1cbb8c/element/e0f21d45-537c-46f1-b8a4-4627cd97701e/value {"text": "zok9phwv6n", "value": ["z", "o", "k", "9", "p", "h", "w", "v", "6", "n"], "id": "e0f21d45-537c-46f1-b8a4-4627cd97701e"} 行数: 388 文件名:remote_connection.py
时间:2020-07-15 10:48:24,725  方法:_make_request  级别:DEBUG  消息:http://127.0.0.1:9279 "POST /session/bff560509244a0bfe89e83f33f1cbb8c/element/e0f21d45-537c-46f1-b8a4-4627cd97701e/value HTTP/1.1" 200 14 行数: 442 文件名:connectionpool.py
时间:2020-07-15 10:48:24,726  方法:_request  级别:DEBUG  消息:Finished Request 行数: 440 文件名:remote_connection.py
时间:2020-07-15 10:48:24,726  方法:_request  级别:DEBUG  消息:POST http://127.0.0.1:9279/session/bff560509244a0bfe89e83f33f1cbb8c/element {"using": "xpath", "value": "(//*[@class='input-box-button m20'])[1]"} 行数: 388 文件名:remote_connection.py
时间:2020-07-15 10:48:24,733  方法:_make_request  级别:DEBUG  消息:http://127.0.0.1:9279 "POST /session/bff560509244a0bfe89e83f33f1cbb8c/element HTTP/1.1" 200 88 行数: 442 文件名:connectionpool.py
时间:2020-07-15 10:48:24,734  方法:_request  级别:DEBUG  消息:Finished Request 行数: 440 文件名:remote_connection.py
时间:2020-07-15 10:48:24,734  方法:_request  级别:DEBUG  消息:POST http://127.0.0.1:9279/session/bff560509244a0bfe89e83f33f1cbb8c/element/e6dc7632-b5a9-4927-9bc2-a94c9b842e24/click {"id": "e6dc7632-b5a9-4927-9bc2-a94c9b842e24"} 行数: 388 文件名:remote_connection.py
时间:2020-07-15 10:48:25,278  方法:_make_request  级别:DEBUG  消息:http://127.0.0.1:9279 "POST /session/bff560509244a0bfe89e83f33f1cbb8c/element/e6dc7632-b5a9-4927-9bc2-a94c9b842e24/click HTTP/1.1" 200 14 行数: 442 文件名:connectionpool.py
时间:2020-07-15 10:48:25,278  方法:_request  级别:DEBUG  消息:Finished Request 行数: 440 文件名:remote_connection.py
时间:2020-07-15 10:48:35,280  方法:_request  级别:DEBUG  消息:POST http://127.0.0.1:9279/session/bff560509244a0bfe89e83f33f1cbb8c/element {"using": "xpath", "value": "(//*[@class='closeCode abs'])[1]"} 行数: 388 文件名:remote_connection.py
时间:2020-07-15 10:48:35,295  方法:_make_request  级别:DEBUG  消息:http://127.0.0.1:9279 "POST /session/bff560509244a0bfe89e83f33f1cbb8c/element HTTP/1.1" 200 88 行数: 442 文件名:connectionpool.py
时间:2020-07-15 10:48:35,295  方法:_request  级别:DEBUG  消息:Finished Request 行数: 440 文件名:remote_connection.py
时间:2020-07-15 10:48:35,295  方法:_request  级别:DEBUG  消息:POST http://127.0.0.1:9279/session/bff560509244a0bfe89e83f33f1cbb8c/element/db2f34ab-28b8-4b91-b3c8-a82c284b1a6b/click {"id": "db2f34ab-28b8-4b91-b3c8-a82c284b1a6b"} 行数: 388 文件名:remote_connection.py
时间:2020-07-15 10:48:35,339  方法:_make_request  级别:DEBUG  消息:http://127.0.0.1:9279 "POST /session/bff560509244a0bfe89e83f33f1cbb8c/element/db2f34ab-28b8-4b91-b3c8-a82c284b1a6b/click HTTP/1.1" 200 14 行数: 442 文件名:connectionpool.py
时间:2020-07-15 10:48:35,340  方法:_request  级别:DEBUG  消息:Finished Request 行数: 440 文件名:remote_connection.py
时间:2020-07-15 10:48:35,340  方法:_request  级别:DEBUG  消息:GET http://127.0.0.1:9279/session/bff560509244a0bfe89e83f33f1cbb8c/cookie {} 行数: 388 文件名:remote_connection.py
时间:2020-07-15 10:48:35,344  方法:_make_request  级别:DEBUG  消息:http://127.0.0.1:9279 "GET /session/bff560509244a0bfe89e83f33f1cbb8c/cookie HTTP/1.1" 200 1160 行数: 442 文件名:connectionpool.py
时间:2020-07-15 10:48:35,344  方法:_request  级别:DEBUG  消息:Finished Request 行数: 440 文件名:remote_connection.py
时间:2020-07-15 10:48:35,346  方法:_new_conn  级别:DEBUG  消息:Starting new HTTPS connection (1): api-shop.300.cn:443 行数: 941 文件名:connectionpool.py
时间:2020-07-15 10:49:01,964  方法:_make_request  级别:DEBUG  消息:https://api-shop.300.cn:443 "GET /security/operInstance/getNewInstanceInfoList?productType=11 HTTP/1.1" 200 None 行数: 442 文件名:connectionpool.py
时间:2020-07-15 10:49:01,969  方法:_request  级别:DEBUG  消息:POST http://127.0.0.1:9279/session/bff560509244a0bfe89e83f33f1cbb8c/element {"using": "xpath", "value": "(//*[@class='arrow-border active'])[1]"} 行数: 388 文件名:remote_connection.py
时间:2020-07-15 10:49:01,979  方法:_make_request  级别:DEBUG  消息:http://127.0.0.1:9279 "POST /session/bff560509244a0bfe89e83f33f1cbb8c/element HTTP/1.1" 200 88 行数: 442 文件名:connectionpool.py
时间:2020-07-15 10:49:01,979  方法:_request  级别:DEBUG  消息:Finished Request 行数: 440 文件名:remote_connection.py
时间:2020-07-15 10:49:01,980  方法:_request  级别:DEBUG  消息:POST http://127.0.0.1:9279/session/bff560509244a0bfe89e83f33f1cbb8c/element/19f81109-1f91-4919-9fc2-7ba9eedc09e1/click {"id": "19f81109-1f91-4919-9fc2-7ba9eedc09e1"} 行数: 388 文件名:remote_connection.py
时间:2020-07-15 10:49:02,018  方法:_make_request  级别:DEBUG  消息:http://127.0.0.1:9279 "POST /session/bff560509244a0bfe89e83f33f1cbb8c/element/19f81109-1f91-4919-9fc2-7ba9eedc09e1/click HTTP/1.1" 200 14 行数: 442 文件名:connectionpool.py
时间:2020-07-15 10:49:02,019  方法:_request  级别:DEBUG  消息:Finished Request 行数: 440 文件名:remote_connection.py
时间:2020-07-15 10:49:03,019  方法:_request  级别:DEBUG  消息:POST http://127.0.0.1:9279/session/bff560509244a0bfe89e83f33f1cbb8c/element {"using": "xpath", "value": "(//*[@class='arrow-border active'])[2]"} 行数: 388 文件名:remote_connection.py
时间:2020-07-15 10:49:03,028  方法:_make_request  级别:DEBUG  消息:http://127.0.0.1:9279 "POST /session/bff560509244a0bfe89e83f33f1cbb8c/element HTTP/1.1" 200 88 行数: 442 文件名:connectionpool.py
时间:2020-07-15 10:49:03,029  方法:_request  级别:DEBUG  消息:Finished Request 行数: 440 文件名:remote_connection.py
时间:2020-07-15 10:49:03,029  方法:_request  级别:DEBUG  消息:POST http://127.0.0.1:9279/session/bff560509244a0bfe89e83f33f1cbb8c/element/abb362af-24a8-40c8-bff5-27dc222173e1/click {"id": "abb362af-24a8-40c8-bff5-27dc222173e1"} 行数: 388 文件名:remote_connection.py
时间:2020-07-15 10:49:03,055  方法:_make_request  级别:DEBUG  消息:http://127.0.0.1:9279 "POST /session/bff560509244a0bfe89e83f33f1cbb8c/element/abb362af-24a8-40c8-bff5-27dc222173e1/click HTTP/1.1" 200 14 行数: 442 文件名:connectionpool.py
时间:2020-07-15 10:49:03,056  方法:_request  级别:DEBUG  消息:Finished Request 行数: 440 文件名:remote_connection.py
时间:2020-07-15 10:49:04,057  方法:_request  级别:DEBUG  消息:POST http://127.0.0.1:9279/session/bff560509244a0bfe89e83f33f1cbb8c/element {"using": "xpath", "value": "(//*[@class='arrow-border active'])[2]"} 行数: 388 文件名:remote_connection.py
时间:2020-07-15 10:49:04,070  方法:_make_request  级别:DEBUG  消息:http://127.0.0.1:9279 "POST /session/bff560509244a0bfe89e83f33f1cbb8c/element HTTP/1.1" 200 88 行数: 442 文件名:connectionpool.py
时间:2020-07-15 10:49:04,071  方法:_request  级别:DEBUG  消息:Finished Request 行数: 440 文件名:remote_connection.py
时间:2020-07-15 10:49:04,071  方法:_request  级别:DEBUG  消息:POST http://127.0.0.1:9279/session/bff560509244a0bfe89e83f33f1cbb8c/element/c33ab2f0-eea5-4372-818b-cbde004edb7d/click {"id": "c33ab2f0-eea5-4372-818b-cbde004edb7d"} 行数: 388 文件名:remote_connection.py
时间:2020-07-15 10:49:04,097  方法:_make_request  级别:DEBUG  消息:http://127.0.0.1:9279 "POST /session/bff560509244a0bfe89e83f33f1cbb8c/element/c33ab2f0-eea5-4372-818b-cbde004edb7d/click HTTP/1.1" 200 14 行数: 442 文件名:connectionpool.py
时间:2020-07-15 10:49:04,097  方法:_request  级别:DEBUG  消息:Finished Request 行数: 440 文件名:remote_connection.py
时间:2020-07-15 10:49:05,098  方法:_request  级别:DEBUG  消息:POST http://127.0.0.1:9279/session/bff560509244a0bfe89e83f33f1cbb8c/element {"using": "xpath", "value": "(//*[@class='fr'])[4]"} 行数: 388 文件名:remote_connection.py
时间:2020-07-15 10:49:05,112  方法:_make_request  级别:DEBUG  消息:http://127.0.0.1:9279 "POST /session/bff560509244a0bfe89e83f33f1cbb8c/element HTTP/1.1" 200 88 行数: 442 文件名:connectionpool.py
时间:2020-07-15 10:49:05,112  方法:_request  级别:DEBUG  消息:Finished Request 行数: 440 文件名:remote_connection.py
时间:2020-07-15 10:49:05,112  方法:_request  级别:DEBUG  消息:POST http://127.0.0.1:9279/session/bff560509244a0bfe89e83f33f1cbb8c/element/34b4569a-a02e-4892-98b5-8fc6156f8c61/click {"id": "34b4569a-a02e-4892-98b5-8fc6156f8c61"} 行数: 388 文件名:remote_connection.py
时间:2020-07-15 10:49:05,134  方法:_make_request  级别:DEBUG  消息:http://127.0.0.1:9279 "POST /session/bff560509244a0bfe89e83f33f1cbb8c/element/34b4569a-a02e-4892-98b5-8fc6156f8c61/click HTTP/1.1" 200 14 行数: 442 文件名:connectionpool.py
时间:2020-07-15 10:49:05,134  方法:_request  级别:DEBUG  消息:Finished Request 行数: 440 文件名:remote_connection.py
时间:2020-07-15 10:49:10,134  方法:_request  级别:DEBUG  消息:POST http://127.0.0.1:9279/session/bff560509244a0bfe89e83f33f1cbb8c/url {"url": "https://2004105022-site.pool5.yun300.cn/manager/gwforward/manager-webapi/content/info/info_page"} 行数: 388 文件名:remote_connection.py
时间:2020-07-15 10:49:11,167  方法:_make_request  级别:DEBUG  消息:http://127.0.0.1:9279 "POST /session/bff560509244a0bfe89e83f33f1cbb8c/url HTTP/1.1" 200 14 行数: 442 文件名:connectionpool.py
时间:2020-07-15 10:49:11,167  方法:_request  级别:DEBUG  消息:Finished Request 行数: 440 文件名:remote_connection.py
时间:2020-07-15 10:49:13,168  方法:_request  级别:DEBUG  消息:GET http://127.0.0.1:9279/session/bff560509244a0bfe89e83f33f1cbb8c/cookie {} 行数: 388 文件名:remote_connection.py
时间:2020-07-15 10:49:13,174  方法:_make_request  级别:DEBUG  消息:http://127.0.0.1:9279 "GET /session/bff560509244a0bfe89e83f33f1cbb8c/cookie HTTP/1.1" 200 326 行数: 442 文件名:connectionpool.py
时间:2020-07-15 10:49:13,174  方法:_request  级别:DEBUG  消息:Finished Request 行数: 440 文件名:remote_connection.py
时间:2020-07-15 10:49:16,002  方法:info  级别:INFO  消息:未找到friendshiplink相关目录 行数: 55 文件名:Log.py
时间:2020-07-15 10:50:36,244  方法:<module>  级别:DEBUG  消息:Not in REPL -> leaving logger event level as is. 行数: 18 文件名:factory.py
时间:2020-07-15 10:50:36,244  方法:_find_provider_class  级别:DEBUG  消息:Looking for locale `zh_CN` in provider `faker.providers.address`. 行数: 91 文件名:factory.py
时间:2020-07-15 10:50:36,248  方法:_find_provider_class  级别:DEBUG  消息:Provider `faker.providers.address` has been localized to `zh_CN`. 行数: 105 文件名:factory.py
时间:2020-07-15 10:50:36,249  方法:_find_provider_class  级别:DEBUG  消息:Looking for locale `zh_CN` in provider `faker.providers.automotive`. 行数: 91 文件名:factory.py
时间:2020-07-15 10:50:36,251  方法:_find_provider_class  级别:DEBUG  消息:Specified locale `zh_CN` is not available for provider `faker.providers.automotive`. Locale reset to `en_US` for this provider. 行数: 101 文件名:factory.py
时间:2020-07-15 10:50:36,251  方法:_find_provider_class  级别:DEBUG  消息:Looking for locale `zh_CN` in provider `faker.providers.bank`. 行数: 91 文件名:factory.py
时间:2020-07-15 10:50:36,252  方法:_find_provider_class  级别:DEBUG  消息:Specified locale `zh_CN` is not available for provider `faker.providers.bank`. Locale reset to `en_GB` for this provider. 行数: 101 文件名:factory.py
时间:2020-07-15 10:50:36,253  方法:_find_provider_class  级别:DEBUG  消息:Looking for locale `zh_CN` in provider `faker.providers.barcode`. 行数: 91 文件名:factory.py
时间:2020-07-15 10:50:36,253  方法:_find_provider_class  级别:DEBUG  消息:Specified locale `zh_CN` is not available for provider `faker.providers.barcode`. Locale reset to `en_US` for this provider. 行数: 101 文件名:factory.py
时间:2020-07-15 10:50:36,254  方法:_find_provider_class  级别:DEBUG  消息:Looking for locale `zh_CN` in provider `faker.providers.color`. 行数: 91 文件名:factory.py
时间:2020-07-15 10:50:36,255  方法:_find_provider_class  级别:DEBUG  消息:Specified locale `zh_CN` is not available for provider `faker.providers.color`. Locale reset to `en_US` for this provider. 行数: 101 文件名:factory.py
时间:2020-07-15 10:50:36,256  方法:_find_provider_class  级别:DEBUG  消息:Looking for locale `zh_CN` in provider `faker.providers.company`. 行数: 91 文件名:factory.py
时间:2020-07-15 10:50:36,258  方法:_find_provider_class  级别:DEBUG  消息:Provider `faker.providers.company` has been localized to `zh_CN`. 行数: 105 文件名:factory.py
时间:2020-07-15 10:50:36,259  方法:_find_provider_class  级别:DEBUG  消息:Looking for locale `zh_CN` in provider `faker.providers.credit_card`. 行数: 91 文件名:factory.py
时间:2020-07-15 10:50:36,259  方法:_find_provider_class  级别:DEBUG  消息:Specified locale `zh_CN` is not available for provider `faker.providers.credit_card`. Locale reset to `en_US` for this provider. 行数: 101 文件名:factory.py
时间:2020-07-15 10:50:36,260  方法:_find_provider_class  级别:DEBUG  消息:Looking for locale `zh_CN` in provider `faker.providers.currency`. 行数: 91 文件名:factory.py
时间:2020-07-15 10:50:36,260  方法:_find_provider_class  级别:DEBUG  消息:Specified locale `zh_CN` is not available for provider `faker.providers.currency`. Locale reset to `en_US` for this provider. 行数: 101 文件名:factory.py
时间:2020-07-15 10:50:36,260  方法:_find_provider_class  级别:DEBUG  消息:Looking for locale `zh_CN` in provider `faker.providers.date_time`. 行数: 91 文件名:factory.py
时间:2020-07-15 10:50:36,262  方法:_find_provider_class  级别:DEBUG  消息:Specified locale `zh_CN` is not available for provider `faker.providers.date_time`. Locale reset to `en_US` for this provider. 行数: 101 文件名:factory.py
时间:2020-07-15 10:50:36,263  方法:_find_provider_class  级别:DEBUG  消息:Provider `faker.providers.file` does not feature localization. Specified locale `zh_CN` is not utilized for this provider. 行数: 118 文件名:factory.py
时间:2020-07-15 10:50:36,263  方法:_find_provider_class  级别:DEBUG  消息:Looking for locale `zh_CN` in provider `faker.providers.geo`. 行数: 91 文件名:factory.py
时间:2020-07-15 10:50:36,264  方法:_find_provider_class  级别:DEBUG  消息:Specified locale `zh_CN` is not available for provider `faker.providers.geo`. Locale reset to `en_US` for this provider. 行数: 101 文件名:factory.py
时间:2020-07-15 10:50:36,264  方法:_find_provider_class  级别:DEBUG  消息:Looking for locale `zh_CN` in provider `faker.providers.internet`. 行数: 91 文件名:factory.py
时间:2020-07-15 10:50:36,267  方法:_find_provider_class  级别:DEBUG  消息:Provider `faker.providers.internet` has been localized to `zh_CN`. 行数: 105 文件名:factory.py
时间:2020-07-15 10:50:36,267  方法:_find_provider_class  级别:DEBUG  消息:Provider `faker.providers.isbn` does not feature localization. Specified locale `zh_CN` is not utilized for this provider. 行数: 118 文件名:factory.py
时间:2020-07-15 10:50:36,267  方法:_find_provider_class  级别:DEBUG  消息:Looking for locale `zh_CN` in provider `faker.providers.job`. 行数: 91 文件名:factory.py
时间:2020-07-15 10:50:36,269  方法:_find_provider_class  级别:DEBUG  消息:Provider `faker.providers.job` has been localized to `zh_CN`. 行数: 105 文件名:factory.py
时间:2020-07-15 10:50:36,270  方法:_find_provider_class  级别:DEBUG  消息:Looking for locale `zh_CN` in provider `faker.providers.lorem`. 行数: 91 文件名:factory.py
时间:2020-07-15 10:50:36,272  方法:_find_provider_class  级别:DEBUG  消息:Provider `faker.providers.lorem` has been localized to `zh_CN`. 行数: 105 文件名:factory.py
时间:2020-07-15 10:50:36,273  方法:_find_provider_class  级别:DEBUG  消息:Looking for locale `zh_CN` in provider `faker.providers.misc`. 行数: 91 文件名:factory.py
时间:2020-07-15 10:50:36,273  方法:_find_provider_class  级别:DEBUG  消息:Specified locale `zh_CN` is not available for provider `faker.providers.misc`. Locale reset to `en_US` for this provider. 行数: 101 文件名:factory.py
时间:2020-07-15 10:50:36,274  方法:_find_provider_class  级别:DEBUG  消息:Looking for locale `zh_CN` in provider `faker.providers.person`. 行数: 91 文件名:factory.py
时间:2020-07-15 10:50:36,277  方法:_find_provider_class  级别:DEBUG  消息:Provider `faker.providers.person` has been localized to `zh_CN`. 行数: 105 文件名:factory.py
时间:2020-07-15 10:50:36,278  方法:_find_provider_class  级别:DEBUG  消息:Looking for locale `zh_CN` in provider `faker.providers.phone_number`. 行数: 91 文件名:factory.py
时间:2020-07-15 10:50:36,282  方法:_find_provider_class  级别:DEBUG  消息:Provider `faker.providers.phone_number` has been localized to `zh_CN`. 行数: 105 文件名:factory.py
时间:2020-07-15 10:50:36,282  方法:_find_provider_class  级别:DEBUG  消息:Provider `faker.providers.profile` does not feature localization. Specified locale `zh_CN` is not utilized for this provider. 行数: 118 文件名:factory.py
时间:2020-07-15 10:50:36,283  方法:_find_provider_class  级别:DEBUG  消息:Provider `faker.providers.python` does not feature localization. Specified locale `zh_CN` is not utilized for this provider. 行数: 118 文件名:factory.py
时间:2020-07-15 10:50:36,283  方法:_find_provider_class  级别:DEBUG  消息:Looking for locale `zh_CN` in provider `faker.providers.ssn`. 行数: 91 文件名:factory.py
时间:2020-07-15 10:50:36,287  方法:_find_provider_class  级别:DEBUG  消息:Provider `faker.providers.ssn` has been localized to `zh_CN`. 行数: 105 文件名:factory.py
时间:2020-07-15 10:50:36,288  方法:_find_provider_class  级别:DEBUG  消息:Provider `faker.providers.user_agent` does not feature localization. Specified locale `zh_CN` is not utilized for this provider. 行数: 118 文件名:factory.py
时间:2020-07-15 10:50:41,713  方法:_new_conn  级别:DEBUG  消息:Starting new HTTPS connection (1): 2004105022-site.pool5.yun300.cn:443 行数: 941 文件名:connectionpool.py
时间:2020-07-15 10:50:42,240  方法:_make_request  级别:DEBUG  消息:https://2004105022-site.pool5.yun300.cn:443 "GET /manager/gwforward/manager-webapi/content/friendshiplink/getList?tenantId=188078&categoryId=&state=2&mobileState=2&endDate=&startDate=&keywords=&ec_s_categorys=&ec_s_createDate=&ec_s_showFlag=&ec_s_mobileShowFlag=&ec_s_name=&currentPage=1&pageSize=15 HTTP/1.1" 200 None 行数: 442 文件名:connectionpool.py
