时间:2020-08-28 15:20:34,847  方法:_new_conn  级别:DEBUG  消息:Starting new HTTPS connection (1): 2008145027-site.pool202.yun300.cn:443 行数: 813 文件名:connectionpool.py
时间:2020-08-28 15:20:35,180  方法:_make_request  级别:DEBUG  消息:https://2008145027-site.pool202.yun300.cn:443 "GET /manager/gwforward/dssresources/videoRepository/findByPagination?tenantId=205217 HTTP/1.1" 200 None 行数: 393 文件名:connectionpool.py
时间:2020-08-28 15:23:55,360  方法:_new_conn  级别:DEBUG  消息:Starting new HTTPS connection (1): 2008145027-site.pool202.yun300.cn:443 行数: 813 文件名:connectionpool.py
时间:2020-08-28 15:23:55,712  方法:_make_request  级别:DEBUG  消息:https://2008145027-site.pool202.yun300.cn:443 "GET /manager/gwforward/dssresources/videoRepository/findByPagination?tenantId=205217pageSize=15&currentPage=1&keywords=&state=-1&startDate=2020-08-21+00:00:00&endDate=2020-08-28+23:59:59&orderColumn=UPDATE_DATE&orderType=DESC&type=0 HTTP/1.1" 200 None 行数: 393 文件名:connectionpool.py
时间:2020-08-28 15:26:38,898  方法:_new_conn  级别:DEBUG  消息:Starting new HTTPS connection (1): 2008145027-site.pool202.yun300.cn:443 行数: 813 文件名:connectionpool.py
时间:2020-08-28 15:26:39,118  方法:_make_request  级别:DEBUG  消息:https://2008145027-site.pool202.yun300.cn:443 "GET /manager/gwforward/dssresources/videoRepository/findByPagination?tenantId=205217&keywords=111 HTTP/1.1" 302 0 行数: 393 文件名:connectionpool.py
时间:2020-08-28 15:26:39,121  方法:_new_conn  级别:DEBUG  消息:Starting new HTTPS connection (1): member.yun300.cn:443 行数: 813 文件名:connectionpool.py
时间:2020-08-28 15:26:39,317  方法:_make_request  级别:DEBUG  消息:https://member.yun300.cn:443 "GET /bm/oauth?client_id=c1&response_type=code&redirect_uri=https%3A%2F%2F2008145027-site.pool202.yun300.cn%2Fmanager%2Fgwforward%2Fdssresources%2FvideoRepository%2FfindByPagination%3FtenantId%3D205217%26keywords%3D111 HTTP/1.1" 302 158 行数: 393 文件名:connectionpool.py
时间:2020-08-28 15:26:39,369  方法:_make_request  级别:DEBUG  消息:https://2008145027-site.pool202.yun300.cn:443 "GET /manager/gwforward/dssresources/videoRepository/findByPagination?tenantId=205217&keywords=111&authCheck=true HTTP/1.1" 302 0 行数: 393 文件名:connectionpool.py
时间:2020-08-28 15:26:39,371  方法:_new_conn  级别:DEBUG  消息:Starting new HTTPS connection (1): sso.300.cn:443 行数: 813 文件名:connectionpool.py
时间:2020-08-28 15:26:39,656  方法:_make_request  级别:DEBUG  消息:https://sso.300.cn:443 "GET /CAS/login?service=https%3A%2F%2F2008145027-site.pool202.yun300.cn%2Fmanager%2Fgwforward%2Fdssresources%2FvideoRepository%2FfindByPagination%3FtenantId%3D205217%26keywords%3D111%26authCheck%3Dtrue HTTP/1.1" 200 None 行数: 393 文件名:connectionpool.py
时间:2020-08-28 15:26:55,259  方法:_new_conn  级别:DEBUG  消息:Starting new HTTPS connection (1): 2008145027-site.pool202.yun300.cn:443 行数: 813 文件名:connectionpool.py
时间:2020-08-28 15:26:55,443  方法:_make_request  级别:DEBUG  消息:https://2008145027-site.pool202.yun300.cn:443 "GET /manager/gwforward/dssresources/videoRepository/findByPagination?tenantId=205217&keywords=%E6%B5%8B%E8%AF%95 HTTP/1.1" 302 0 行数: 393 文件名:connectionpool.py
时间:2020-08-28 15:26:55,446  方法:_new_conn  级别:DEBUG  消息:Starting new HTTPS connection (1): member.yun300.cn:443 行数: 813 文件名:connectionpool.py
时间:2020-08-28 15:26:55,626  方法:_make_request  级别:DEBUG  消息:https://member.yun300.cn:443 "GET /bm/oauth?client_id=c1&response_type=code&redirect_uri=https%3A%2F%2F2008145027-site.pool202.yun300.cn%2Fmanager%2Fgwforward%2Fdssresources%2FvideoRepository%2FfindByPagination%3FtenantId%3D205217%26keywords%3D%25E6%25B5%258B%25E8%25AF%2595 HTTP/1.1" 302 158 行数: 393 文件名:connectionpool.py
时间:2020-08-28 15:26:55,675  方法:_make_request  级别:DEBUG  消息:https://2008145027-site.pool202.yun300.cn:443 "GET /manager/gwforward/dssresources/videoRepository/findByPagination?tenantId=205217&keywords=%E6%B5%8B%E8%AF%95&authCheck=true HTTP/1.1" 302 0 行数: 393 文件名:connectionpool.py
时间:2020-08-28 15:26:55,677  方法:_new_conn  级别:DEBUG  消息:Starting new HTTPS connection (1): sso.300.cn:443 行数: 813 文件名:connectionpool.py
时间:2020-08-28 15:26:55,849  方法:_make_request  级别:DEBUG  消息:https://sso.300.cn:443 "GET /CAS/login?service=https%3A%2F%2F2008145027-site.pool202.yun300.cn%2Fmanager%2Fgwforward%2Fdssresources%2FvideoRepository%2FfindByPagination%3FtenantId%3D205217%26keywords%3D%25E6%25B5%258B%25E8%25AF%2595%26authCheck%3Dtrue HTTP/1.1" 200 None 行数: 393 文件名:connectionpool.py
时间:2020-08-28 15:27:46,568  方法:_new_conn  级别:DEBUG  消息:Starting new HTTPS connection (1): 2008145027-site.pool202.yun300.cn:443 行数: 813 文件名:connectionpool.py
时间:2020-08-28 15:27:46,806  方法:_make_request  级别:DEBUG  消息:https://2008145027-site.pool202.yun300.cn:443 "GET /manager/gwforward/dssresources/videoRepository/findByPagination?tenantId=205217&keywords=%E6%B5%8B%E8%AF%95 HTTP/1.1" 302 0 行数: 393 文件名:connectionpool.py
时间:2020-08-28 15:27:46,808  方法:_new_conn  级别:DEBUG  消息:Starting new HTTPS connection (1): member.yun300.cn:443 行数: 813 文件名:connectionpool.py
时间:2020-08-28 15:27:46,975  方法:_make_request  级别:DEBUG  消息:https://member.yun300.cn:443 "GET /bm/oauth?client_id=c1&response_type=code&redirect_uri=https%3A%2F%2F2008145027-site.pool202.yun300.cn%2Fmanager%2Fgwforward%2Fdssresources%2FvideoRepository%2FfindByPagination%3FtenantId%3D205217%26keywords%3D%25E6%25B5%258B%25E8%25AF%2595 HTTP/1.1" 302 158 行数: 393 文件名:connectionpool.py
时间:2020-08-28 15:27:47,038  方法:_make_request  级别:DEBUG  消息:https://2008145027-site.pool202.yun300.cn:443 "GET /manager/gwforward/dssresources/videoRepository/findByPagination?tenantId=205217&keywords=%E6%B5%8B%E8%AF%95&authCheck=true HTTP/1.1" 302 0 行数: 393 文件名:connectionpool.py
时间:2020-08-28 15:27:47,043  方法:_new_conn  级别:DEBUG  消息:Starting new HTTPS connection (1): sso.300.cn:443 行数: 813 文件名:connectionpool.py
时间:2020-08-28 15:27:47,239  方法:_make_request  级别:DEBUG  消息:https://sso.300.cn:443 "GET /CAS/login?service=https%3A%2F%2F2008145027-site.pool202.yun300.cn%2Fmanager%2Fgwforward%2Fdssresources%2FvideoRepository%2FfindByPagination%3FtenantId%3D205217%26keywords%3D%25E6%25B5%258B%25E8%25AF%2595%26authCheck%3Dtrue HTTP/1.1" 200 None 行数: 393 文件名:connectionpool.py
时间:2020-08-28 15:28:07,167  方法:_new_conn  级别:DEBUG  消息:Starting new HTTPS connection (1): 2008145027-site.pool202.yun300.cn:443 行数: 813 文件名:connectionpool.py
时间:2020-08-28 15:28:07,503  方法:_make_request  级别:DEBUG  消息:https://2008145027-site.pool202.yun300.cn:443 "GET /manager/gwforward/dssresources/videoRepository/findByPagination?tenantId=205217&keywords=%E6%B5%8B%E8%AF%95 HTTP/1.1" 302 0 行数: 393 文件名:connectionpool.py
时间:2020-08-28 15:28:07,507  方法:_new_conn  级别:DEBUG  消息:Starting new HTTPS connection (1): member.yun300.cn:443 行数: 813 文件名:connectionpool.py
时间:2020-08-28 15:28:07,683  方法:_make_request  级别:DEBUG  消息:https://member.yun300.cn:443 "GET /bm/oauth?client_id=c1&response_type=code&redirect_uri=https%3A%2F%2F2008145027-site.pool202.yun300.cn%2Fmanager%2Fgwforward%2Fdssresources%2FvideoRepository%2FfindByPagination%3FtenantId%3D205217%26keywords%3D%25E6%25B5%258B%25E8%25AF%2595 HTTP/1.1" 302 158 行数: 393 文件名:connectionpool.py
时间:2020-08-28 15:28:07,742  方法:_make_request  级别:DEBUG  消息:https://2008145027-site.pool202.yun300.cn:443 "GET /manager/gwforward/dssresources/videoRepository/findByPagination?tenantId=205217&keywords=%E6%B5%8B%E8%AF%95&authCheck=true HTTP/1.1" 302 0 行数: 393 文件名:connectionpool.py
时间:2020-08-28 15:28:07,746  方法:_new_conn  级别:DEBUG  消息:Starting new HTTPS connection (1): sso.300.cn:443 行数: 813 文件名:connectionpool.py
时间:2020-08-28 15:28:07,934  方法:_make_request  级别:DEBUG  消息:https://sso.300.cn:443 "GET /CAS/login?service=https%3A%2F%2F2008145027-site.pool202.yun300.cn%2Fmanager%2Fgwforward%2Fdssresources%2FvideoRepository%2FfindByPagination%3FtenantId%3D205217%26keywords%3D%25E6%25B5%258B%25E8%25AF%2595%26authCheck%3Dtrue HTTP/1.1" 200 None 行数: 393 文件名:connectionpool.py
时间:2020-08-28 15:29:15,783  方法:_new_conn  级别:DEBUG  消息:Starting new HTTPS connection (1): 2008145027-site.pool202.yun300.cn:443 行数: 813 文件名:connectionpool.py
时间:2020-08-28 15:29:16,066  方法:_make_request  级别:DEBUG  消息:https://2008145027-site.pool202.yun300.cn:443 "GET /manager/gwforward/dssresources/videoRepository/findByPagination?tenantId=205217&keywords=%E6%B5%8B%E8%AF%95 HTTP/1.1" 302 0 行数: 393 文件名:connectionpool.py
时间:2020-08-28 15:29:16,068  方法:_new_conn  级别:DEBUG  消息:Starting new HTTPS connection (1): member.yun300.cn:443 行数: 813 文件名:connectionpool.py
时间:2020-08-28 15:29:16,237  方法:_make_request  级别:DEBUG  消息:https://member.yun300.cn:443 "GET /bm/oauth?client_id=c1&response_type=code&redirect_uri=https%3A%2F%2F2008145027-site.pool202.yun300.cn%2Fmanager%2Fgwforward%2Fdssresources%2FvideoRepository%2FfindByPagination%3FtenantId%3D205217%26keywords%3D%25E6%25B5%258B%25E8%25AF%2595 HTTP/1.1" 302 158 行数: 393 文件名:connectionpool.py
时间:2020-08-28 15:29:16,295  方法:_make_request  级别:DEBUG  消息:https://2008145027-site.pool202.yun300.cn:443 "GET /manager/gwforward/dssresources/videoRepository/findByPagination?tenantId=205217&keywords=%E6%B5%8B%E8%AF%95&authCheck=true HTTP/1.1" 302 0 行数: 393 文件名:connectionpool.py
时间:2020-08-28 15:29:16,300  方法:_new_conn  级别:DEBUG  消息:Starting new HTTPS connection (1): sso.300.cn:443 行数: 813 文件名:connectionpool.py
时间:2020-08-28 15:29:16,466  方法:_make_request  级别:DEBUG  消息:https://sso.300.cn:443 "GET /CAS/login?service=https%3A%2F%2F2008145027-site.pool202.yun300.cn%2Fmanager%2Fgwforward%2Fdssresources%2FvideoRepository%2FfindByPagination%3FtenantId%3D205217%26keywords%3D%25E6%25B5%258B%25E8%25AF%2595%26authCheck%3Dtrue HTTP/1.1" 200 None 行数: 393 文件名:connectionpool.py
时间:2020-08-28 15:29:56,820  方法:_new_conn  级别:DEBUG  消息:Starting new HTTPS connection (1): 2008145027-site.pool202.yun300.cn:443 行数: 813 文件名:connectionpool.py
时间:2020-08-28 15:29:57,467  方法:_make_request  级别:DEBUG  消息:https://2008145027-site.pool202.yun300.cn:443 "GET /manager/gwforward/dssresources/videoRepository/findByPagination?tenantId=205217&keywords=%E6%B5%8B%E8%AF%95 HTTP/1.1" 200 None 行数: 393 文件名:connectionpool.py
时间:2020-08-28 16:09:30,376  方法:_new_conn  级别:DEBUG  消息:Starting new HTTPS connection (1): 2008145027-site.pool202.yun300.cn:443 行数: 813 文件名:connectionpool.py
时间:2020-08-28 16:09:30,999  方法:_make_request  级别:DEBUG  消息:https://2008145027-site.pool202.yun300.cn:443 "POST /manager/gwforward/dssresources/videoRepository/findByPagination?tenantId=205217 HTTP/1.1" 200 None 行数: 393 文件名:connectionpool.py
时间:2020-08-28 16:11:07,585  方法:_new_conn  级别:DEBUG  消息:Starting new HTTPS connection (1): 2008145027-site.pool202.yun300.cn:443 行数: 813 文件名:connectionpool.py
时间:2020-08-28 16:11:07,857  方法:_make_request  级别:DEBUG  消息:https://2008145027-site.pool202.yun300.cn:443 "POST /manager/gwforward/dssresources/videoRepository/findByPagination?tenantId=205217 HTTP/1.1" 200 None 行数: 393 文件名:connectionpool.py
时间:2020-08-28 16:12:23,173  方法:_new_conn  级别:DEBUG  消息:Starting new HTTPS connection (1): 2008145027-site.pool202.yun300.cn:443 行数: 813 文件名:connectionpool.py
时间:2020-08-28 16:12:23,440  方法:_make_request  级别:DEBUG  消息:https://2008145027-site.pool202.yun300.cn:443 "POST /manager/gwforward/dssresources/videoRepository/findByPagination?tenantId=205217 HTTP/1.1" 200 None 行数: 393 文件名:connectionpool.py
时间:2020-08-28 16:12:41,912  方法:_new_conn  级别:DEBUG  消息:Starting new HTTPS connection (1): 2008145027-site.pool202.yun300.cn:443 行数: 813 文件名:connectionpool.py
时间:2020-08-28 16:12:42,256  方法:_make_request  级别:DEBUG  消息:https://2008145027-site.pool202.yun300.cn:443 "POST /manager/gwforward/dssresources/videoRepository/findByPagination?tenantId=205217 HTTP/1.1" 200 None 行数: 393 文件名:connectionpool.py
时间:2020-08-28 16:12:52,421  方法:_new_conn  级别:DEBUG  消息:Starting new HTTPS connection (1): 2008145027-site.pool202.yun300.cn:443 行数: 813 文件名:connectionpool.py
时间:2020-08-28 16:12:52,704  方法:_make_request  级别:DEBUG  消息:https://2008145027-site.pool202.yun300.cn:443 "POST /manager/gwforward/dssresources/videoRepository/findByPagination?tenantId=205217 HTTP/1.1" 200 None 行数: 393 文件名:connectionpool.py
时间:2020-08-28 16:23:20,426  方法:_new_conn  级别:DEBUG  消息:Starting new HTTPS connection (1): cetest02.cn-bj.ufileos.com:443 行数: 813 文件名:connectionpool.py
时间:2020-08-28 16:23:22,699  方法:_make_request  级别:DEBUG  消息:https://cetest02.cn-bj.ufileos.com:443 "POST /100001_2008145027/333.mp4?uploadId=19faa39a-3dd0-48f5-9caa-c76d39978adb HTTP/1.1" 401 54 行数: 393 文件名:connectionpool.py
时间:2020-08-28 16:24:01,862  方法:_new_conn  级别:DEBUG  消息:Starting new HTTPS connection (1): cetest02.cn-bj.ufileos.com:443 行数: 813 文件名:connectionpool.py
时间:2020-08-28 16:24:03,255  方法:_make_request  级别:DEBUG  消息:https://cetest02.cn-bj.ufileos.com:443 "POST /100001_2008145027/333.mp4?uploadId=19faa39a-3dd0-48f5-9caa-c76d39978adb HTTP/1.1" 403 49 行数: 393 文件名:connectionpool.py
时间:2020-08-28 16:30:48,884  方法:_new_conn  级别:DEBUG  消息:Starting new HTTPS connection (1): cetest02.cn-bj.ufileos.com:443 行数: 813 文件名:connectionpool.py
时间:2020-08-28 16:30:50,506  方法:_make_request  级别:DEBUG  消息:https://cetest02.cn-bj.ufileos.com:443 "POST /100001_2008145027/333.mp4?uploadId=19faa39a-3dd0-48f5-9caa-c76d39978adb HTTP/1.1" 403 49 行数: 393 文件名:connectionpool.py
时间:2020-08-28 16:41:15,889  方法:_new_conn  级别:DEBUG  消息:Starting new HTTPS connection (1): 2008145027-site.pool202.yun300.cn:443 行数: 813 文件名:connectionpool.py
时间:2020-08-28 16:41:16,278  方法:_make_request  级别:DEBUG  消息:https://2008145027-site.pool202.yun300.cn:443 "POST /manager/gwforward/dssresources/videoRepository/getUcloudVideoSignature?tenantId=205217 HTTP/1.1" 200 None 行数: 393 文件名:connectionpool.py
时间:2020-08-28 16:44:07,673  方法:_new_conn  级别:DEBUG  消息:Starting new HTTPS connection (1): 2008145027-site.pool202.yun300.cn:443 行数: 813 文件名:connectionpool.py
时间:2020-08-28 16:44:08,123  方法:_make_request  级别:DEBUG  消息:https://2008145027-site.pool202.yun300.cn:443 "POST /manager/gwforward/dssresources/videoRepository/getUcloudVideoSignature?tenantId=205217 HTTP/1.1" 200 None 行数: 393 文件名:connectionpool.py
时间:2020-08-28 16:45:57,493  方法:_new_conn  级别:DEBUG  消息:Starting new HTTPS connection (1): 2008145027-site.pool202.yun300.cn:443 行数: 813 文件名:connectionpool.py
时间:2020-08-28 16:45:57,781  方法:_make_request  级别:DEBUG  消息:https://2008145027-site.pool202.yun300.cn:443 "POST /manager/gwforward/dssresources/videoRepository/getUcloudVideoSignature?tenantId=205217 HTTP/1.1" 200 None 行数: 393 文件名:connectionpool.py
时间:2020-08-28 16:46:29,816  方法:_new_conn  级别:DEBUG  消息:Starting new HTTPS connection (1): 2008145027-site.pool202.yun300.cn:443 行数: 813 文件名:connectionpool.py
时间:2020-08-28 16:46:30,038  方法:_make_request  级别:DEBUG  消息:https://2008145027-site.pool202.yun300.cn:443 "POST /manager/gwforward/dssresources/videoRepository/getUcloudVideoSignature?tenantId=205217 HTTP/1.1" 200 None 行数: 393 文件名:connectionpool.py
时间:2020-08-28 16:46:30,070  方法:_new_conn  级别:DEBUG  消息:Starting new HTTPS connection (1): cetest02.cn-bj.ufileos.com:443 行数: 813 文件名:connectionpool.py
时间:2020-08-28 16:46:31,637  方法:_make_request  级别:DEBUG  消息:https://cetest02.cn-bj.ufileos.com:443 "POST /100001_2008145027/333.mp4?uploadId=19faa39a-3dd0-48f5-9caa-c76d39978adb HTTP/1.1" 403 49 行数: 393 文件名:connectionpool.py
时间:2020-08-28 16:54:03,535  方法:_new_conn  级别:DEBUG  消息:Starting new HTTPS connection (1): 2008145027-site.pool202.yun300.cn:443 行数: 813 文件名:connectionpool.py
时间:2020-08-28 16:54:03,792  方法:_make_request  级别:DEBUG  消息:https://2008145027-site.pool202.yun300.cn:443 "POST /manager/gwforward/dssresources/videoRepository/getUcloudVideoSignature?tenantId=205217 HTTP/1.1" 200 None 行数: 393 文件名:connectionpool.py
时间:2020-08-28 16:54:03,796  方法:_new_conn  级别:DEBUG  消息:Starting new HTTPS connection (1): cetest02.cn-bj.ufileos.com:443 行数: 813 文件名:connectionpool.py
时间:2020-08-28 16:54:04,153  方法:_make_request  级别:DEBUG  消息:https://cetest02.cn-bj.ufileos.com:443 "POST /100001_2008145027/video.mp4?uploads HTTP/1.1" 403 53 行数: 393 文件名:connectionpool.py
时间:2020-08-28 16:54:17,072  方法:_new_conn  级别:DEBUG  消息:Starting new HTTPS connection (1): 2008145027-site.pool202.yun300.cn:443 行数: 813 文件名:connectionpool.py
时间:2020-08-28 16:54:18,344  方法:_make_request  级别:DEBUG  消息:https://2008145027-site.pool202.yun300.cn:443 "POST /manager/gwforward/dssresources/videoRepository/getUcloudVideoSignature?tenantId=205217 HTTP/1.1" 200 None 行数: 393 文件名:connectionpool.py
时间:2020-08-28 16:54:18,349  方法:_new_conn  级别:DEBUG  消息:Starting new HTTPS connection (1): cetest02.cn-bj.ufileos.com:443 行数: 813 文件名:connectionpool.py
时间:2020-08-28 16:54:18,523  方法:_make_request  级别:DEBUG  消息:https://cetest02.cn-bj.ufileos.com:443 "POST /100001_2008145027/video.mp4?uploads HTTP/1.1" 403 53 行数: 393 文件名:connectionpool.py
时间:2020-08-28 16:54:27,452  方法:_new_conn  级别:DEBUG  消息:Starting new HTTPS connection (1): 2008145027-site.pool202.yun300.cn:443 行数: 813 文件名:connectionpool.py
时间:2020-08-28 16:54:27,995  方法:_make_request  级别:DEBUG  消息:https://2008145027-site.pool202.yun300.cn:443 "POST /manager/gwforward/dssresources/videoRepository/getUcloudVideoSignature?tenantId=205217 HTTP/1.1" 200 None 行数: 393 文件名:connectionpool.py
时间:2020-08-28 16:54:27,997  方法:_new_conn  级别:DEBUG  消息:Starting new HTTPS connection (1): cetest02.cn-bj.ufileos.com:443 行数: 813 文件名:connectionpool.py
时间:2020-08-28 16:54:28,204  方法:_make_request  级别:DEBUG  消息:https://cetest02.cn-bj.ufileos.com:443 "POST /100001_2008145027/video.mp4?uploads HTTP/1.1" 403 53 行数: 393 文件名:connectionpool.py
时间:2020-08-28 16:55:15,350  方法:_new_conn  级别:DEBUG  消息:Starting new HTTPS connection (1): cetest02.cn-bj.ufileos.com:443 行数: 813 文件名:connectionpool.py
时间:2020-08-28 16:55:15,648  方法:_make_request  级别:DEBUG  消息:https://cetest02.cn-bj.ufileos.com:443 "POST /100001_2008145027/video.mp4?uploads HTTP/1.1" 403 53 行数: 393 文件名:connectionpool.py
时间:2020-08-28 16:56:24,572  方法:_new_conn  级别:DEBUG  消息:Starting new HTTPS connection (1): 2008145027-site.pool202.yun300.cn:443 行数: 813 文件名:connectionpool.py
时间:2020-08-28 16:56:25,036  方法:_make_request  级别:DEBUG  消息:https://2008145027-site.pool202.yun300.cn:443 "POST /manager/gwforward/dssresources/videoRepository/getUcloudVideoSignature?tenantId=205217 HTTP/1.1" 200 None 行数: 393 文件名:connectionpool.py
时间:2020-08-28 16:56:25,040  方法:_new_conn  级别:DEBUG  消息:Starting new HTTPS connection (1): cetest02.cn-bj.ufileos.com:443 行数: 813 文件名:connectionpool.py
时间:2020-08-28 16:56:25,338  方法:_make_request  级别:DEBUG  消息:https://cetest02.cn-bj.ufileos.com:443 "POST /100001_2008145027/video.mp4 HTTP/1.1" 403 53 行数: 393 文件名:connectionpool.py
