时间:2020-05-27 15:19:00,257  方法:info  级别:INFO  消息:开始清空文件..... 行数: 55 文件名:Log.py
时间:2020-05-27 15:19:00,257  方法:info  级别:INFO  消息:开始清空文件..... 行数: 55 文件名:Log.py
时间:2020-05-27 15:19:00,258  方法:info  级别:INFO  消息:清空文件结束..... 行数: 55 文件名:Log.py
时间:2020-05-27 15:19:00,258  方法:info  级别:INFO  消息:清空文件结束..... 行数: 55 文件名:Log.py
时间:2020-05-27 15:19:00,284  方法:info  级别:INFO  消息:表创建及清空前置相关工作运行成功.... 行数: 55 文件名:Log.py
时间:2020-05-27 15:19:00,284  方法:info  级别:INFO  消息:表创建及清空前置相关工作运行成功.... 行数: 55 文件名:Log.py
时间:2020-05-27 15:19:00,371  方法:info  级别:INFO  消息:开始运行用例.... 行数: 55 文件名:Log.py
时间:2020-05-27 15:19:00,371  方法:info  级别:INFO  消息:开始运行用例.... 行数: 55 文件名:Log.py
时间:2020-05-27 15:19:00,372  方法:info  级别:INFO  消息:开启多线程并进行加锁.... 行数: 55 文件名:Log.py
时间:2020-05-27 15:19:00,372  方法:info  级别:INFO  消息:开启多线程并进行加锁.... 行数: 55 文件名:Log.py
时间:2020-05-27 15:19:00,372  方法:info  级别:INFO  消息:开始运行单个模块用例... 行数: 55 文件名:Log.py
时间:2020-05-27 15:19:00,372  方法:info  级别:INFO  消息:开始运行单个模块用例... 行数: 55 文件名:Log.py
时间:2020-05-27 15:19:00,372  方法:info  级别:INFO  消息:开启多线程并进行加锁.... 行数: 55 文件名:Log.py
时间:2020-05-27 15:19:00,372  方法:info  级别:INFO  消息:开启多线程并进行加锁.... 行数: 55 文件名:Log.py
时间:2020-05-27 15:19:00,373  方法:info  级别:INFO  消息:开始运行单个模块用例... 行数: 55 文件名:Log.py
时间:2020-05-27 15:19:00,373  方法:info  级别:INFO  消息:开始运行单个模块用例... 行数: 55 文件名:Log.py
时间:2020-05-27 15:19:00,521  方法:_new_conn  级别:DEBUG  消息:Starting new HTTPS connection (1): test.cloud.app.scrm365.cn:443 行数: 941 文件名:connectionpool.py
时间:2020-05-27 15:19:00,521  方法:_new_conn  级别:DEBUG  消息:Starting new HTTPS connection (1): test.cloud.app.scrm365.cn:443 行数: 941 文件名:connectionpool.py
时间:2020-05-27 15:19:00,521  方法:_new_conn  级别:DEBUG  消息:Starting new HTTPS connection (1): test.cloud.app.scrm365.cn:443 行数: 941 文件名:connectionpool.py
时间:2020-05-27 15:19:00,521  方法:_new_conn  级别:DEBUG  消息:Starting new HTTPS connection (1): test.cloud.app.scrm365.cn:443 行数: 941 文件名:connectionpool.py
时间:2020-05-27 15:19:00,688  方法:_make_request  级别:DEBUG  消息:https://test.cloud.app.scrm365.cn:443 "POST /api/user_center/auth/login HTTP/1.1" 200 3983 行数: 442 文件名:connectionpool.py
时间:2020-05-27 15:19:00,688  方法:_make_request  级别:DEBUG  消息:https://test.cloud.app.scrm365.cn:443 "POST /api/user_center/auth/login HTTP/1.1" 200 3983 行数: 442 文件名:connectionpool.py
时间:2020-05-27 15:19:00,690  方法:_make_request  级别:DEBUG  消息:https://test.cloud.app.scrm365.cn:443 "POST /api/user_center/auth/login HTTP/1.1" 200 3983 行数: 442 文件名:connectionpool.py
时间:2020-05-27 15:19:00,690  方法:_make_request  级别:DEBUG  消息:https://test.cloud.app.scrm365.cn:443 "POST /api/user_center/auth/login HTTP/1.1" 200 3983 行数: 442 文件名:connectionpool.py
时间:2020-05-27 15:19:01,759  方法:_new_conn  级别:DEBUG  消息:Starting new HTTPS connection (1): test.cloud.app.scrm365.cn:443 行数: 941 文件名:connectionpool.py
时间:2020-05-27 15:19:01,759  方法:_new_conn  级别:DEBUG  消息:Starting new HTTPS connection (1): test.cloud.app.scrm365.cn:443 行数: 941 文件名:connectionpool.py
时间:2020-05-27 15:19:01,812  方法:_make_request  级别:DEBUG  消息:https://test.cloud.app.scrm365.cn:443 "POST /api/user_center/auth/login HTTP/1.1" 200 1265 行数: 442 文件名:connectionpool.py
时间:2020-05-27 15:19:01,812  方法:_make_request  级别:DEBUG  消息:https://test.cloud.app.scrm365.cn:443 "POST /api/user_center/auth/login HTTP/1.1" 200 1265 行数: 442 文件名:connectionpool.py
时间:2020-05-27 15:19:02,096  方法:info  级别:INFO  消息:运行单个模块用例结束... 行数: 55 文件名:Log.py
时间:2020-05-27 15:19:02,096  方法:info  级别:INFO  消息:运行单个模块用例结束... 行数: 55 文件名:Log.py
时间:2020-05-27 15:19:02,096  方法:info  级别:INFO  消息:多线程结束释放锁.... 行数: 55 文件名:Log.py
时间:2020-05-27 15:19:02,096  方法:info  级别:INFO  消息:多线程结束释放锁.... 行数: 55 文件名:Log.py
时间:2020-05-27 15:19:02,693  方法:info  级别:INFO  消息:运行单个模块用例结束... 行数: 55 文件名:Log.py
时间:2020-05-27 15:19:02,693  方法:info  级别:INFO  消息:运行单个模块用例结束... 行数: 55 文件名:Log.py
时间:2020-05-27 15:19:02,693  方法:info  级别:INFO  消息:多线程结束释放锁.... 行数: 55 文件名:Log.py
时间:2020-05-27 15:19:02,693  方法:info  级别:INFO  消息:多线程结束释放锁.... 行数: 55 文件名:Log.py
时间:2020-05-27 15:19:02,693  方法:info  级别:INFO  消息:用例运行结束.... 行数: 55 文件名:Log.py
时间:2020-05-27 15:19:02,693  方法:info  级别:INFO  消息:用例运行结束.... 行数: 55 文件名:Log.py
时间:2020-05-27 15:19:02,973  方法:info  级别:INFO  消息:测试结果数据收集成功.... 行数: 55 文件名:Log.py
时间:2020-05-27 15:19:02,973  方法:info  级别:INFO  消息:测试结果数据收集成功.... 行数: 55 文件名:Log.py
时间:2020-05-27 15:19:02,975  方法:_new_conn  级别:DEBUG  消息:Starting new HTTP connection (1): autoreport.free-http.svipss.top:80 行数: 230 文件名:connectionpool.py
时间:2020-05-27 15:19:02,975  方法:_new_conn  级别:DEBUG  消息:Starting new HTTP connection (1): autoreport.free-http.svipss.top:80 行数: 230 文件名:connectionpool.py
时间:2020-05-27 15:19:03,185  方法:_make_request  级别:DEBUG  消息:http://autoreport.free-http.svipss.top:80 "POST /get_report/ HTTP/1.1" 404 None 行数: 442 文件名:connectionpool.py
时间:2020-05-27 15:19:03,185  方法:_make_request  级别:DEBUG  消息:http://autoreport.free-http.svipss.top:80 "POST /get_report/ HTTP/1.1" 404 None 行数: 442 文件名:connectionpool.py
