时间:2020-08-31 10:42:56,648  方法:_new_conn  级别:DEBUG  消息:Starting new HTTPS connection (1): 2008145027-site.pool202.yun300.cn:443 行数: 813 文件名:connectionpool.py
时间:2020-08-31 10:42:56,947  方法:_make_request  级别:DEBUG  消息:https://2008145027-site.pool202.yun300.cn:443 "POST /manager/gwforward/dssresources/videoRepository/getUcloudVideoSignature?tenantId=205217 HTTP/1.1" 200 None 行数: 393 文件名:connectionpool.py
时间:2020-08-31 10:42:56,952  方法:_new_conn  级别:DEBUG  消息:Starting new HTTPS connection (1): cetest02.cn-bj.ufileos.com:443 行数: 813 文件名:connectionpool.py
时间:2020-08-31 10:42:57,391  方法:_make_request  级别:DEBUG  消息:https://cetest02.cn-bj.ufileos.com:443 "POST /100001_2008145027/video.mp4 HTTP/1.1" 400 108 行数: 393 文件名:connectionpool.py
时间:2020-08-31 13:34:29,572  方法:_new_conn  级别:DEBUG  消息:Starting new HTTPS connection (1): 2008145027-site.pool202.yun300.cn:443 行数: 813 文件名:connectionpool.py
时间:2020-08-31 13:34:30,881  方法:_make_request  级别:DEBUG  消息:https://2008145027-site.pool202.yun300.cn:443 "POST /manager/gwforward/dssresources/videoRepository/getUcloudVideoSignature?tenantId=205217 HTTP/1.1" 200 None 行数: 393 文件名:connectionpool.py
时间:2020-08-31 13:34:30,884  方法:_new_conn  级别:DEBUG  消息:Starting new HTTPS connection (1): cetest02.cn-bj.ufileos.com:443 行数: 813 文件名:connectionpool.py
时间:2020-08-31 13:34:31,199  方法:_make_request  级别:DEBUG  消息:https://cetest02.cn-bj.ufileos.com:443 "POST /100001_2008145027/video.mp4 HTTP/1.1" 400 108 行数: 393 文件名:connectionpool.py
时间:2020-08-31 13:38:15,984  方法:_new_conn  级别:DEBUG  消息:Starting new HTTPS connection (1): 2008145027-site.pool202.yun300.cn:443 行数: 813 文件名:connectionpool.py
时间:2020-08-31 13:38:16,230  方法:_make_request  级别:DEBUG  消息:https://2008145027-site.pool202.yun300.cn:443 "POST /manager/gwforward/dssresources/videoRepository/getUcloudVideoSignature?tenantId=205217 HTTP/1.1" 200 None 行数: 393 文件名:connectionpool.py
时间:2020-08-31 13:38:16,233  方法:_new_conn  级别:DEBUG  消息:Starting new HTTPS connection (1): cetest02.cn-bj.ufileos.com:443 行数: 813 文件名:connectionpool.py
时间:2020-08-31 13:38:16,611  方法:_make_request  级别:DEBUG  消息:https://cetest02.cn-bj.ufileos.com:443 "POST /100001_2008145027/video.mp4 HTTP/1.1" 403 53 行数: 393 文件名:connectionpool.py
时间:2020-08-31 14:29:25,960  方法:_new_conn  级别:DEBUG  消息:Starting new HTTPS connection (1): 2008145027-site.pool202.yun300.cn:443 行数: 813 文件名:connectionpool.py
时间:2020-08-31 14:29:26,264  方法:_make_request  级别:DEBUG  消息:https://2008145027-site.pool202.yun300.cn:443 "POST /manager/gwforward/dssresources/videoRepository/getUcloudVideoSignature?tenantId=205217 HTTP/1.1" 200 None 行数: 393 文件名:connectionpool.py
时间:2020-08-31 14:29:26,269  方法:_new_conn  级别:DEBUG  消息:Starting new HTTPS connection (1): cetest02.cn-bj.ufileos.com:443 行数: 813 文件名:connectionpool.py
时间:2020-08-31 14:29:26,588  方法:_make_request  级别:DEBUG  消息:https://cetest02.cn-bj.ufileos.com:443 "POST /100001_2008145027/video.mp4 HTTP/1.1" 403 53 行数: 393 文件名:connectionpool.py
时间:2020-08-31 14:57:08,809  方法:_new_conn  级别:DEBUG  消息:Starting new HTTPS connection (1): 2008145027-site.pool202.yun300.cn:443 行数: 813 文件名:connectionpool.py
时间:2020-08-31 14:57:12,296  方法:_make_request  级别:DEBUG  消息:https://2008145027-site.pool202.yun300.cn:443 "POST /manager/gwforward/dssresources/videoRepository/getUcloudVideoSignature?tenantId=205217 HTTP/1.1" 200 None 行数: 393 文件名:connectionpool.py
时间:2020-08-31 14:57:12,297  方法:_new_conn  级别:DEBUG  消息:Starting new HTTPS connection (1): cetest02.cn-bj.ufileos.com:443 行数: 813 文件名:connectionpool.py
时间:2020-08-31 14:57:12,616  方法:_make_request  级别:DEBUG  消息:https://cetest02.cn-bj.ufileos.com:443 "POST /100001_2008145027/video.mp4 HTTP/1.1" 400 108 行数: 393 文件名:connectionpool.py
时间:2020-08-31 14:57:39,710  方法:_new_conn  级别:DEBUG  消息:Starting new HTTPS connection (1): 2008145027-site.pool202.yun300.cn:443 行数: 813 文件名:connectionpool.py
时间:2020-08-31 14:57:39,987  方法:_make_request  级别:DEBUG  消息:https://2008145027-site.pool202.yun300.cn:443 "POST /manager/gwforward/dssresources/videoRepository/getUcloudVideoSignature?tenantId=205217 HTTP/1.1" 200 None 行数: 393 文件名:connectionpool.py
时间:2020-08-31 14:57:40,297  方法:_new_conn  级别:DEBUG  消息:Starting new HTTPS connection (1): cetest02.cn-bj.ufileos.com:443 行数: 813 文件名:connectionpool.py
时间:2020-08-31 14:57:46,500  方法:_make_request  级别:DEBUG  消息:https://cetest02.cn-bj.ufileos.com:443 "POST /100001_2008145027/333.mp4?uploadId=d5e19abc-8656-4287-b1be-5e3bd8b9c416&partNumber=1 HTTP/1.1" 403 49 行数: 393 文件名:connectionpool.py
时间:2020-08-31 14:58:36,937  方法:_new_conn  级别:DEBUG  消息:Starting new HTTPS connection (1): 2008145027-site.pool202.yun300.cn:443 行数: 813 文件名:connectionpool.py
时间:2020-08-31 14:58:37,310  方法:_make_request  级别:DEBUG  消息:https://2008145027-site.pool202.yun300.cn:443 "POST /manager/gwforward/dssresources/videoRepository/getUcloudVideoSignature?tenantId=205217 HTTP/1.1" 200 None 行数: 393 文件名:connectionpool.py
时间:2020-08-31 14:58:37,345  方法:_new_conn  级别:DEBUG  消息:Starting new HTTPS connection (1): cetest02.cn-bj.ufileos.com:443 行数: 813 文件名:connectionpool.py
时间:2020-08-31 14:58:51,007  方法:_make_request  级别:DEBUG  消息:https://cetest02.cn-bj.ufileos.com:443 "POST /100001_2008145027/368f89a89812a0b4340a375a09d5b042.mp4?uploadId=25bb190b-c52d-4c5b-b885-2b51f654e9cb&partNumber=1 HTTP/1.1" 400 0 行数: 393 文件名:connectionpool.py
时间:2020-08-31 14:59:48,300  方法:_new_conn  级别:DEBUG  消息:Starting new HTTPS connection (1): 2008145027-site.pool202.yun300.cn:443 行数: 813 文件名:connectionpool.py
时间:2020-08-31 14:59:48,526  方法:_make_request  级别:DEBUG  消息:https://2008145027-site.pool202.yun300.cn:443 "POST /manager/gwforward/dssresources/videoRepository/getUcloudVideoSignature?tenantId=205217 HTTP/1.1" 200 None 行数: 393 文件名:connectionpool.py
时间:2020-08-31 14:59:48,559  方法:_new_conn  级别:DEBUG  消息:Starting new HTTPS connection (1): cetest02.cn-bj.ufileos.com:443 行数: 813 文件名:connectionpool.py
时间:2020-08-31 14:59:59,787  方法:_make_request  级别:DEBUG  消息:https://cetest02.cn-bj.ufileos.com:443 "POST /100001_2008145027/368f89a89812a0b4340a375a09d5b042.mp4?uploadId=25bb190b-c52d-4c5b-b885-2b51f654e9cb&partNumber=1 HTTP/1.1" 403 49 行数: 393 文件名:connectionpool.py
时间:2020-08-31 15:00:37,095  方法:_new_conn  级别:DEBUG  消息:Starting new HTTPS connection (1): 2008145027-site.pool202.yun300.cn:443 行数: 813 文件名:connectionpool.py
时间:2020-08-31 15:00:37,447  方法:_make_request  级别:DEBUG  消息:https://2008145027-site.pool202.yun300.cn:443 "POST /manager/gwforward/dssresources/videoRepository/getUcloudVideoSignature?tenantId=205217 HTTP/1.1" 200 None 行数: 393 文件名:connectionpool.py
时间:2020-08-31 15:00:37,502  方法:_new_conn  级别:DEBUG  消息:Starting new HTTPS connection (1): cetest02.cn-bj.ufileos.com:443 行数: 813 文件名:connectionpool.py
时间:2020-08-31 15:00:43,332  方法:_make_request  级别:DEBUG  消息:https://cetest02.cn-bj.ufileos.com:443 "POST /100001_2008145027/368f89a89812a0b4340a375a09d5b042.mp4?uploadId=25bb190b-c52d-4c5b-b885-2b51f654e9cb&partNumber=1 HTTP/1.1" 400 0 行数: 393 文件名:connectionpool.py
时间:2020-08-31 15:00:48,263  方法:_new_conn  级别:DEBUG  消息:Starting new HTTPS connection (1): cetest02.cn-bj.ufileos.com:443 行数: 813 文件名:connectionpool.py
时间:2020-08-31 15:00:52,480  方法:_make_request  级别:DEBUG  消息:https://cetest02.cn-bj.ufileos.com:443 "POST /100001_2008145027/368f89a89812a0b4340a375a09d5b042.mp4?uploadId=25bb190b-c52d-4c5b-b885-2b51f654e9cb&partNumber=1 HTTP/1.1" 403 49 行数: 393 文件名:connectionpool.py
时间:2020-08-31 15:01:22,008  方法:_new_conn  级别:DEBUG  消息:Starting new HTTPS connection (1): cetest02.cn-bj.ufileos.com:443 行数: 813 文件名:connectionpool.py
时间:2020-08-31 15:01:23,424  方法:_make_request  级别:DEBUG  消息:https://cetest02.cn-bj.ufileos.com:443 "PUT /100001_2008145027/368f89a89812a0b4340a375a09d5b042.mp4?uploadId=25bb190b-c52d-4c5b-b885-2b51f654e9cb&partNumber=1 HTTP/1.1" 400 54 行数: 393 文件名:connectionpool.py
