时间:2020-09-04 15:26:44,883  方法:<module>  级别:DEBUG  消息:Not in REPL -> leaving logger event level as is. 行数: 18 文件名:factory.py
时间:2020-09-04 15:26:44,884  方法:_find_provider_class  级别:DEBUG  消息:Looking for locale `zh_CN` in provider `faker.providers.address`. 行数: 91 文件名:factory.py
时间:2020-09-04 15:26:44,888  方法:_find_provider_class  级别:DEBUG  消息:Provider `faker.providers.address` has been localized to `zh_CN`. 行数: 105 文件名:factory.py
时间:2020-09-04 15:26:44,889  方法:_find_provider_class  级别:DEBUG  消息:Looking for locale `zh_CN` in provider `faker.providers.automotive`. 行数: 91 文件名:factory.py
时间:2020-09-04 15:26:44,891  方法:_find_provider_class  级别:DEBUG  消息:Specified locale `zh_CN` is not available for provider `faker.providers.automotive`. Locale reset to `en_US` for this provider. 行数: 101 文件名:factory.py
时间:2020-09-04 15:26:44,892  方法:_find_provider_class  级别:DEBUG  消息:Looking for locale `zh_CN` in provider `faker.providers.bank`. 行数: 91 文件名:factory.py
时间:2020-09-04 15:26:44,893  方法:_find_provider_class  级别:DEBUG  消息:Specified locale `zh_CN` is not available for provider `faker.providers.bank`. Locale reset to `en_GB` for this provider. 行数: 101 文件名:factory.py
时间:2020-09-04 15:26:44,894  方法:_find_provider_class  级别:DEBUG  消息:Looking for locale `zh_CN` in provider `faker.providers.barcode`. 行数: 91 文件名:factory.py
时间:2020-09-04 15:26:44,895  方法:_find_provider_class  级别:DEBUG  消息:Specified locale `zh_CN` is not available for provider `faker.providers.barcode`. Locale reset to `en_US` for this provider. 行数: 101 文件名:factory.py
时间:2020-09-04 15:26:44,896  方法:_find_provider_class  级别:DEBUG  消息:Looking for locale `zh_CN` in provider `faker.providers.color`. 行数: 91 文件名:factory.py
时间:2020-09-04 15:26:44,897  方法:_find_provider_class  级别:DEBUG  消息:Specified locale `zh_CN` is not available for provider `faker.providers.color`. Locale reset to `en_US` for this provider. 行数: 101 文件名:factory.py
时间:2020-09-04 15:26:44,898  方法:_find_provider_class  级别:DEBUG  消息:Looking for locale `zh_CN` in provider `faker.providers.company`. 行数: 91 文件名:factory.py
时间:2020-09-04 15:26:44,901  方法:_find_provider_class  级别:DEBUG  消息:Provider `faker.providers.company` has been localized to `zh_CN`. 行数: 105 文件名:factory.py
时间:2020-09-04 15:26:44,902  方法:_find_provider_class  级别:DEBUG  消息:Looking for locale `zh_CN` in provider `faker.providers.credit_card`. 行数: 91 文件名:factory.py
时间:2020-09-04 15:26:44,902  方法:_find_provider_class  级别:DEBUG  消息:Specified locale `zh_CN` is not available for provider `faker.providers.credit_card`. Locale reset to `en_US` for this provider. 行数: 101 文件名:factory.py
时间:2020-09-04 15:26:44,903  方法:_find_provider_class  级别:DEBUG  消息:Looking for locale `zh_CN` in provider `faker.providers.currency`. 行数: 91 文件名:factory.py
时间:2020-09-04 15:26:44,903  方法:_find_provider_class  级别:DEBUG  消息:Specified locale `zh_CN` is not available for provider `faker.providers.currency`. Locale reset to `en_US` for this provider. 行数: 101 文件名:factory.py
时间:2020-09-04 15:26:44,904  方法:_find_provider_class  级别:DEBUG  消息:Looking for locale `zh_CN` in provider `faker.providers.date_time`. 行数: 91 文件名:factory.py
时间:2020-09-04 15:26:44,906  方法:_find_provider_class  级别:DEBUG  消息:Specified locale `zh_CN` is not available for provider `faker.providers.date_time`. Locale reset to `en_US` for this provider. 行数: 101 文件名:factory.py
时间:2020-09-04 15:26:44,907  方法:_find_provider_class  级别:DEBUG  消息:Provider `faker.providers.file` does not feature localization. Specified locale `zh_CN` is not utilized for this provider. 行数: 118 文件名:factory.py
时间:2020-09-04 15:26:44,907  方法:_find_provider_class  级别:DEBUG  消息:Looking for locale `zh_CN` in provider `faker.providers.geo`. 行数: 91 文件名:factory.py
时间:2020-09-04 15:26:44,908  方法:_find_provider_class  级别:DEBUG  消息:Specified locale `zh_CN` is not available for provider `faker.providers.geo`. Locale reset to `en_US` for this provider. 行数: 101 文件名:factory.py
时间:2020-09-04 15:26:44,909  方法:_find_provider_class  级别:DEBUG  消息:Looking for locale `zh_CN` in provider `faker.providers.internet`. 行数: 91 文件名:factory.py
时间:2020-09-04 15:26:44,912  方法:_find_provider_class  级别:DEBUG  消息:Provider `faker.providers.internet` has been localized to `zh_CN`. 行数: 105 文件名:factory.py
时间:2020-09-04 15:26:44,913  方法:_find_provider_class  级别:DEBUG  消息:Provider `faker.providers.isbn` does not feature localization. Specified locale `zh_CN` is not utilized for this provider. 行数: 118 文件名:factory.py
时间:2020-09-04 15:26:44,913  方法:_find_provider_class  级别:DEBUG  消息:Looking for locale `zh_CN` in provider `faker.providers.job`. 行数: 91 文件名:factory.py
时间:2020-09-04 15:26:44,915  方法:_find_provider_class  级别:DEBUG  消息:Provider `faker.providers.job` has been localized to `zh_CN`. 行数: 105 文件名:factory.py
时间:2020-09-04 15:26:44,916  方法:_find_provider_class  级别:DEBUG  消息:Looking for locale `zh_CN` in provider `faker.providers.lorem`. 行数: 91 文件名:factory.py
时间:2020-09-04 15:26:44,917  方法:_find_provider_class  级别:DEBUG  消息:Provider `faker.providers.lorem` has been localized to `zh_CN`. 行数: 105 文件名:factory.py
时间:2020-09-04 15:26:44,918  方法:_find_provider_class  级别:DEBUG  消息:Looking for locale `zh_CN` in provider `faker.providers.misc`. 行数: 91 文件名:factory.py
时间:2020-09-04 15:26:44,919  方法:_find_provider_class  级别:DEBUG  消息:Specified locale `zh_CN` is not available for provider `faker.providers.misc`. Locale reset to `en_US` for this provider. 行数: 101 文件名:factory.py
时间:2020-09-04 15:26:44,920  方法:_find_provider_class  级别:DEBUG  消息:Looking for locale `zh_CN` in provider `faker.providers.person`. 行数: 91 文件名:factory.py
时间:2020-09-04 15:26:44,924  方法:_find_provider_class  级别:DEBUG  消息:Provider `faker.providers.person` has been localized to `zh_CN`. 行数: 105 文件名:factory.py
时间:2020-09-04 15:26:44,926  方法:_find_provider_class  级别:DEBUG  消息:Looking for locale `zh_CN` in provider `faker.providers.phone_number`. 行数: 91 文件名:factory.py
时间:2020-09-04 15:26:44,930  方法:_find_provider_class  级别:DEBUG  消息:Provider `faker.providers.phone_number` has been localized to `zh_CN`. 行数: 105 文件名:factory.py
时间:2020-09-04 15:26:44,931  方法:_find_provider_class  级别:DEBUG  消息:Provider `faker.providers.profile` does not feature localization. Specified locale `zh_CN` is not utilized for this provider. 行数: 118 文件名:factory.py
时间:2020-09-04 15:26:44,931  方法:_find_provider_class  级别:DEBUG  消息:Provider `faker.providers.python` does not feature localization. Specified locale `zh_CN` is not utilized for this provider. 行数: 118 文件名:factory.py
时间:2020-09-04 15:26:44,931  方法:_find_provider_class  级别:DEBUG  消息:Looking for locale `zh_CN` in provider `faker.providers.ssn`. 行数: 91 文件名:factory.py
时间:2020-09-04 15:26:44,935  方法:_find_provider_class  级别:DEBUG  消息:Provider `faker.providers.ssn` has been localized to `zh_CN`. 行数: 105 文件名:factory.py
时间:2020-09-04 15:26:44,937  方法:_find_provider_class  级别:DEBUG  消息:Provider `faker.providers.user_agent` does not feature localization. Specified locale `zh_CN` is not utilized for this provider. 行数: 118 文件名:factory.py
时间:2020-09-04 15:26:53,778  方法:_request  级别:DEBUG  消息:POST http://localhost:11352/session {"capabilities": {"firstMatch": [{}], "alwaysMatch": {"browserName": "chrome", "platformName": "any", "pageLoadStrategy": "normal", "goog:chromeOptions": {"extensions": [], "args": ["--no-sandbox", "--disable-dev-shm-usage", "headless"]}}}, "desiredCapabilities": {"browserName": "chrome", "version": "", "platform": "ANY", "pageLoadStrategy": "normal", "goog:chromeOptions": {"extensions": [], "args": ["--no-sandbox", "--disable-dev-shm-usage", "headless"]}}} 行数: 405 文件名:remote_connection.py
时间:2020-09-04 15:26:53,778  方法:_new_conn  级别:DEBUG  消息:Starting new HTTP connection (1): localhost:11352 行数: 230 文件名:connectionpool.py
时间:2020-09-04 15:26:56,345  方法:_make_request  级别:DEBUG  消息:http://localhost:11352 "POST /session HTTP/1.1" 200 719 行数: 442 文件名:connectionpool.py
时间:2020-09-04 15:26:56,345  方法:_request  级别:DEBUG  消息:Finished Request 行数: 458 文件名:remote_connection.py
时间:2020-09-04 15:26:56,345  方法:_request  级别:DEBUG  消息:POST http://localhost:11352/session/45dee7868d8a353f6304f558d450b830/window/maximize {} 行数: 405 文件名:remote_connection.py
时间:2020-09-04 15:26:58,456  方法:_make_request  级别:DEBUG  消息:http://localhost:11352 "POST /session/45dee7868d8a353f6304f558d450b830/window/maximize HTTP/1.1" 200 48 行数: 442 文件名:connectionpool.py
时间:2020-09-04 15:26:58,457  方法:_request  级别:DEBUG  消息:Finished Request 行数: 458 文件名:remote_connection.py
时间:2020-09-04 15:26:58,457  方法:_request  级别:DEBUG  消息:POST http://localhost:11352/session/45dee7868d8a353f6304f558d450b830/url {"url": "https://new-console.300.cn"} 行数: 405 文件名:remote_connection.py
时间:2020-09-04 15:27:01,738  方法:_make_request  级别:DEBUG  消息:http://localhost:11352 "POST /session/45dee7868d8a353f6304f558d450b830/url HTTP/1.1" 200 14 行数: 442 文件名:connectionpool.py
时间:2020-09-04 15:27:01,739  方法:_request  级别:DEBUG  消息:Finished Request 行数: 458 文件名:remote_connection.py
时间:2020-09-04 15:27:01,739  方法:_request  级别:DEBUG  消息:POST http://localhost:11352/session/45dee7868d8a353f6304f558d450b830/element {"using": "xpath", "value": "(//*[@id='username'])[1]"} 行数: 405 文件名:remote_connection.py
时间:2020-09-04 15:27:01,752  方法:_make_request  级别:DEBUG  消息:http://localhost:11352 "POST /session/45dee7868d8a353f6304f558d450b830/element HTTP/1.1" 404 1065 行数: 442 文件名:connectionpool.py
时间:2020-09-04 15:27:01,752  方法:_request  级别:DEBUG  消息:Finished Request 行数: 458 文件名:remote_connection.py
时间:2020-09-04 15:27:02,252  方法:_request  级别:DEBUG  消息:POST http://localhost:11352/session/45dee7868d8a353f6304f558d450b830/element {"using": "xpath", "value": "(//*[@id='username'])[1]"} 行数: 405 文件名:remote_connection.py
时间:2020-09-04 15:27:02,833  方法:_make_request  级别:DEBUG  消息:http://localhost:11352 "POST /session/45dee7868d8a353f6304f558d450b830/element HTTP/1.1" 200 88 行数: 442 文件名:connectionpool.py
时间:2020-09-04 15:27:02,833  方法:_request  级别:DEBUG  消息:Finished Request 行数: 458 文件名:remote_connection.py
时间:2020-09-04 15:27:02,833  方法:_request  级别:DEBUG  消息:POST http://localhost:11352/session/45dee7868d8a353f6304f558d450b830/element/83d3e66d-c1b3-4107-80d4-c359a3c39598/clear {"id": "83d3e66d-c1b3-4107-80d4-c359a3c39598"} 行数: 405 文件名:remote_connection.py
时间:2020-09-04 15:27:02,863  方法:_make_request  级别:DEBUG  消息:http://localhost:11352 "POST /session/45dee7868d8a353f6304f558d450b830/element/83d3e66d-c1b3-4107-80d4-c359a3c39598/clear HTTP/1.1" 200 14 行数: 442 文件名:connectionpool.py
时间:2020-09-04 15:27:02,863  方法:_request  级别:DEBUG  消息:Finished Request 行数: 458 文件名:remote_connection.py
时间:2020-09-04 15:27:02,863  方法:_request  级别:DEBUG  消息:POST http://localhost:11352/session/45dee7868d8a353f6304f558d450b830/element {"using": "xpath", "value": "(//*[@id='username'])[1]"} 行数: 405 文件名:remote_connection.py
时间:2020-09-04 15:27:02,868  方法:_make_request  级别:DEBUG  消息:http://localhost:11352 "POST /session/45dee7868d8a353f6304f558d450b830/element HTTP/1.1" 200 88 行数: 442 文件名:connectionpool.py
时间:2020-09-04 15:27:02,869  方法:_request  级别:DEBUG  消息:Finished Request 行数: 458 文件名:remote_connection.py
时间:2020-09-04 15:27:02,869  方法:_request  级别:DEBUG  消息:POST http://localhost:11352/session/45dee7868d8a353f6304f558d450b830/element/83d3e66d-c1b3-4107-80d4-c359a3c39598/value {"text": "CEM10097239", "value": ["C", "E", "M", "1", "0", "0", "9", "7", "2", "3", "9"], "id": "83d3e66d-c1b3-4107-80d4-c359a3c39598"} 行数: 405 文件名:remote_connection.py
时间:2020-09-04 15:27:02,924  方法:_make_request  级别:DEBUG  消息:http://localhost:11352 "POST /session/45dee7868d8a353f6304f558d450b830/element/83d3e66d-c1b3-4107-80d4-c359a3c39598/value HTTP/1.1" 200 14 行数: 442 文件名:connectionpool.py
时间:2020-09-04 15:27:02,924  方法:_request  级别:DEBUG  消息:Finished Request 行数: 458 文件名:remote_connection.py
时间:2020-09-04 15:27:02,924  方法:_request  级别:DEBUG  消息:POST http://localhost:11352/session/45dee7868d8a353f6304f558d450b830/element {"using": "xpath", "value": "(//*[@id='password'])[1]"} 行数: 405 文件名:remote_connection.py
时间:2020-09-04 15:27:02,932  方法:_make_request  级别:DEBUG  消息:http://localhost:11352 "POST /session/45dee7868d8a353f6304f558d450b830/element HTTP/1.1" 200 88 行数: 442 文件名:connectionpool.py
时间:2020-09-04 15:27:02,933  方法:_request  级别:DEBUG  消息:Finished Request 行数: 458 文件名:remote_connection.py
时间:2020-09-04 15:27:02,933  方法:_request  级别:DEBUG  消息:POST http://localhost:11352/session/45dee7868d8a353f6304f558d450b830/element/6c25bf03-8d1a-42f3-af62-9a4097e30c11/clear {"id": "6c25bf03-8d1a-42f3-af62-9a4097e30c11"} 行数: 405 文件名:remote_connection.py
时间:2020-09-04 15:27:02,959  方法:_make_request  级别:DEBUG  消息:http://localhost:11352 "POST /session/45dee7868d8a353f6304f558d450b830/element/6c25bf03-8d1a-42f3-af62-9a4097e30c11/clear HTTP/1.1" 200 14 行数: 442 文件名:connectionpool.py
时间:2020-09-04 15:27:02,959  方法:_request  级别:DEBUG  消息:Finished Request 行数: 458 文件名:remote_connection.py
时间:2020-09-04 15:27:02,959  方法:_request  级别:DEBUG  消息:POST http://localhost:11352/session/45dee7868d8a353f6304f558d450b830/element {"using": "xpath", "value": "(//*[@id='password'])[1]"} 行数: 405 文件名:remote_connection.py
时间:2020-09-04 15:27:02,965  方法:_make_request  级别:DEBUG  消息:http://localhost:11352 "POST /session/45dee7868d8a353f6304f558d450b830/element HTTP/1.1" 200 88 行数: 442 文件名:connectionpool.py
时间:2020-09-04 15:27:02,966  方法:_request  级别:DEBUG  消息:Finished Request 行数: 458 文件名:remote_connection.py
时间:2020-09-04 15:27:02,966  方法:_request  级别:DEBUG  消息:POST http://localhost:11352/session/45dee7868d8a353f6304f558d450b830/element/6c25bf03-8d1a-42f3-af62-9a4097e30c11/value {"text": "zok9phwv6n", "value": ["z", "o", "k", "9", "p", "h", "w", "v", "6", "n"], "id": "6c25bf03-8d1a-42f3-af62-9a4097e30c11"} 行数: 405 文件名:remote_connection.py
时间:2020-09-04 15:27:03,012  方法:_make_request  级别:DEBUG  消息:http://localhost:11352 "POST /session/45dee7868d8a353f6304f558d450b830/element/6c25bf03-8d1a-42f3-af62-9a4097e30c11/value HTTP/1.1" 200 14 行数: 442 文件名:connectionpool.py
时间:2020-09-04 15:27:03,012  方法:_request  级别:DEBUG  消息:Finished Request 行数: 458 文件名:remote_connection.py
时间:2020-09-04 15:27:03,012  方法:_request  级别:DEBUG  消息:POST http://localhost:11352/session/45dee7868d8a353f6304f558d450b830/element {"using": "xpath", "value": "(//*[@class='input-box-button m20'])[1]"} 行数: 405 文件名:remote_connection.py
时间:2020-09-04 15:27:03,026  方法:_make_request  级别:DEBUG  消息:http://localhost:11352 "POST /session/45dee7868d8a353f6304f558d450b830/element HTTP/1.1" 200 88 行数: 442 文件名:connectionpool.py
时间:2020-09-04 15:27:03,026  方法:_request  级别:DEBUG  消息:Finished Request 行数: 458 文件名:remote_connection.py
时间:2020-09-04 15:27:03,026  方法:_request  级别:DEBUG  消息:POST http://localhost:11352/session/45dee7868d8a353f6304f558d450b830/element/4aa71703-5690-4c1b-8b11-e558f05da1fc/click {"id": "4aa71703-5690-4c1b-8b11-e558f05da1fc"} 行数: 405 文件名:remote_connection.py
时间:2020-09-04 15:27:03,500  方法:_make_request  级别:DEBUG  消息:http://localhost:11352 "POST /session/45dee7868d8a353f6304f558d450b830/element/4aa71703-5690-4c1b-8b11-e558f05da1fc/click HTTP/1.1" 200 14 行数: 442 文件名:connectionpool.py
时间:2020-09-04 15:27:03,500  方法:_request  级别:DEBUG  消息:Finished Request 行数: 458 文件名:remote_connection.py
时间:2020-09-04 15:27:13,501  方法:_request  级别:DEBUG  消息:POST http://localhost:11352/session/45dee7868d8a353f6304f558d450b830/element {"using": "xpath", "value": "(//*[@class='closeCode abs'])[1]"} 行数: 405 文件名:remote_connection.py
时间:2020-09-04 15:27:13,520  方法:_make_request  级别:DEBUG  消息:http://localhost:11352 "POST /session/45dee7868d8a353f6304f558d450b830/element HTTP/1.1" 200 88 行数: 442 文件名:connectionpool.py
时间:2020-09-04 15:27:13,520  方法:_request  级别:DEBUG  消息:Finished Request 行数: 458 文件名:remote_connection.py
时间:2020-09-04 15:27:13,520  方法:_request  级别:DEBUG  消息:POST http://localhost:11352/session/45dee7868d8a353f6304f558d450b830/element/31805f0b-0cfc-4ae7-ad01-5dc08d565055/click {"id": "31805f0b-0cfc-4ae7-ad01-5dc08d565055"} 行数: 405 文件名:remote_connection.py
时间:2020-09-04 15:27:13,591  方法:_make_request  级别:DEBUG  消息:http://localhost:11352 "POST /session/45dee7868d8a353f6304f558d450b830/element/31805f0b-0cfc-4ae7-ad01-5dc08d565055/click HTTP/1.1" 200 14 行数: 442 文件名:connectionpool.py
时间:2020-09-04 15:27:13,591  方法:_request  级别:DEBUG  消息:Finished Request 行数: 458 文件名:remote_connection.py
时间:2020-09-04 15:27:13,591  方法:_request  级别:DEBUG  消息:GET http://localhost:11352/session/45dee7868d8a353f6304f558d450b830/cookie {} 行数: 405 文件名:remote_connection.py
时间:2020-09-04 15:27:13,596  方法:_make_request  级别:DEBUG  消息:http://localhost:11352 "GET /session/45dee7868d8a353f6304f558d450b830/cookie HTTP/1.1" 200 1160 行数: 442 文件名:connectionpool.py
时间:2020-09-04 15:27:13,597  方法:_request  级别:DEBUG  消息:Finished Request 行数: 458 文件名:remote_connection.py
时间:2020-09-04 15:27:13,600  方法:_new_conn  级别:DEBUG  消息:Starting new HTTPS connection (1): api-shop.300.cn:443 行数: 941 文件名:connectionpool.py
时间:2020-09-04 15:27:15,587  方法:_make_request  级别:DEBUG  消息:https://api-shop.300.cn:443 "GET /security/operInstance/getNewInstanceInfoList?productType=11 HTTP/1.1" 200 None 行数: 442 文件名:connectionpool.py
时间:2020-09-04 15:27:15,590  方法:_request  级别:DEBUG  消息:POST http://localhost:11352/session/45dee7868d8a353f6304f558d450b830/element {"using": "xpath", "value": "(//*[@class='arrow-border active'])[1]"} 行数: 405 文件名:remote_connection.py
时间:2020-09-04 15:27:15,606  方法:_make_request  级别:DEBUG  消息:http://localhost:11352 "POST /session/45dee7868d8a353f6304f558d450b830/element HTTP/1.1" 200 88 行数: 442 文件名:connectionpool.py
时间:2020-09-04 15:27:15,607  方法:_request  级别:DEBUG  消息:Finished Request 行数: 458 文件名:remote_connection.py
时间:2020-09-04 15:27:15,607  方法:_request  级别:DEBUG  消息:POST http://localhost:11352/session/45dee7868d8a353f6304f558d450b830/element/857508a4-ebd4-4d30-bfe8-edff2be7ad7c/click {"id": "857508a4-ebd4-4d30-bfe8-edff2be7ad7c"} 行数: 405 文件名:remote_connection.py
时间:2020-09-04 15:27:15,639  方法:_make_request  级别:DEBUG  消息:http://localhost:11352 "POST /session/45dee7868d8a353f6304f558d450b830/element/857508a4-ebd4-4d30-bfe8-edff2be7ad7c/click HTTP/1.1" 200 14 行数: 442 文件名:connectionpool.py
时间:2020-09-04 15:27:15,639  方法:_request  级别:DEBUG  消息:Finished Request 行数: 458 文件名:remote_connection.py
时间:2020-09-04 15:27:16,639  方法:_request  级别:DEBUG  消息:POST http://localhost:11352/session/45dee7868d8a353f6304f558d450b830/element {"using": "xpath", "value": "(//*[@class='arrow-border active'])[2]"} 行数: 405 文件名:remote_connection.py
时间:2020-09-04 15:27:16,655  方法:_make_request  级别:DEBUG  消息:http://localhost:11352 "POST /session/45dee7868d8a353f6304f558d450b830/element HTTP/1.1" 200 88 行数: 442 文件名:connectionpool.py
时间:2020-09-04 15:27:16,655  方法:_request  级别:DEBUG  消息:Finished Request 行数: 458 文件名:remote_connection.py
时间:2020-09-04 15:27:16,655  方法:_request  级别:DEBUG  消息:POST http://localhost:11352/session/45dee7868d8a353f6304f558d450b830/element/857508a4-ebd4-4d30-bfe8-edff2be7ad7c/click {"id": "857508a4-ebd4-4d30-bfe8-edff2be7ad7c"} 行数: 405 文件名:remote_connection.py
时间:2020-09-04 15:27:16,680  方法:_make_request  级别:DEBUG  消息:http://localhost:11352 "POST /session/45dee7868d8a353f6304f558d450b830/element/857508a4-ebd4-4d30-bfe8-edff2be7ad7c/click HTTP/1.1" 200 14 行数: 442 文件名:connectionpool.py
时间:2020-09-04 15:27:16,681  方法:_request  级别:DEBUG  消息:Finished Request 行数: 458 文件名:remote_connection.py
时间:2020-09-04 15:27:17,682  方法:_request  级别:DEBUG  消息:POST http://localhost:11352/session/45dee7868d8a353f6304f558d450b830/element {"using": "xpath", "value": "(//*[@class='arrow-border active'])[2]"} 行数: 405 文件名:remote_connection.py
时间:2020-09-04 15:27:17,690  方法:_make_request  级别:DEBUG  消息:http://localhost:11352 "POST /session/45dee7868d8a353f6304f558d450b830/element HTTP/1.1" 200 88 行数: 442 文件名:connectionpool.py
时间:2020-09-04 15:27:17,691  方法:_request  级别:DEBUG  消息:Finished Request 行数: 458 文件名:remote_connection.py
时间:2020-09-04 15:27:17,691  方法:_request  级别:DEBUG  消息:POST http://localhost:11352/session/45dee7868d8a353f6304f558d450b830/element/857508a4-ebd4-4d30-bfe8-edff2be7ad7c/click {"id": "857508a4-ebd4-4d30-bfe8-edff2be7ad7c"} 行数: 405 文件名:remote_connection.py
时间:2020-09-04 15:27:17,712  方法:_make_request  级别:DEBUG  消息:http://localhost:11352 "POST /session/45dee7868d8a353f6304f558d450b830/element/857508a4-ebd4-4d30-bfe8-edff2be7ad7c/click HTTP/1.1" 200 14 行数: 442 文件名:connectionpool.py
时间:2020-09-04 15:27:17,713  方法:_request  级别:DEBUG  消息:Finished Request 行数: 458 文件名:remote_connection.py
时间:2020-09-04 15:27:18,713  方法:_request  级别:DEBUG  消息:POST http://localhost:11352/session/45dee7868d8a353f6304f558d450b830/element {"using": "xpath", "value": "(//*[@class='arrow-border active'])[2]"} 行数: 405 文件名:remote_connection.py
时间:2020-09-04 15:27:18,723  方法:_make_request  级别:DEBUG  消息:http://localhost:11352 "POST /session/45dee7868d8a353f6304f558d450b830/element HTTP/1.1" 200 88 行数: 442 文件名:connectionpool.py
时间:2020-09-04 15:27:18,723  方法:_request  级别:DEBUG  消息:Finished Request 行数: 458 文件名:remote_connection.py
时间:2020-09-04 15:27:18,724  方法:_request  级别:DEBUG  消息:POST http://localhost:11352/session/45dee7868d8a353f6304f558d450b830/element/857508a4-ebd4-4d30-bfe8-edff2be7ad7c/click {"id": "857508a4-ebd4-4d30-bfe8-edff2be7ad7c"} 行数: 405 文件名:remote_connection.py
时间:2020-09-04 15:27:18,744  方法:_make_request  级别:DEBUG  消息:http://localhost:11352 "POST /session/45dee7868d8a353f6304f558d450b830/element/857508a4-ebd4-4d30-bfe8-edff2be7ad7c/click HTTP/1.1" 200 14 行数: 442 文件名:connectionpool.py
时间:2020-09-04 15:27:18,745  方法:_request  级别:DEBUG  消息:Finished Request 行数: 458 文件名:remote_connection.py
时间:2020-09-04 15:27:19,746  方法:_request  级别:DEBUG  消息:POST http://localhost:11352/session/45dee7868d8a353f6304f558d450b830/element {"using": "xpath", "value": "(//*[@class='arrow-border active'])[2]"} 行数: 405 文件名:remote_connection.py
时间:2020-09-04 15:27:19,755  方法:_make_request  级别:DEBUG  消息:http://localhost:11352 "POST /session/45dee7868d8a353f6304f558d450b830/element HTTP/1.1" 200 88 行数: 442 文件名:connectionpool.py
时间:2020-09-04 15:27:19,755  方法:_request  级别:DEBUG  消息:Finished Request 行数: 458 文件名:remote_connection.py
时间:2020-09-04 15:27:19,755  方法:_request  级别:DEBUG  消息:POST http://localhost:11352/session/45dee7868d8a353f6304f558d450b830/element/857508a4-ebd4-4d30-bfe8-edff2be7ad7c/click {"id": "857508a4-ebd4-4d30-bfe8-edff2be7ad7c"} 行数: 405 文件名:remote_connection.py
时间:2020-09-04 15:27:19,777  方法:_make_request  级别:DEBUG  消息:http://localhost:11352 "POST /session/45dee7868d8a353f6304f558d450b830/element/857508a4-ebd4-4d30-bfe8-edff2be7ad7c/click HTTP/1.1" 200 14 行数: 442 文件名:connectionpool.py
时间:2020-09-04 15:27:19,777  方法:_request  级别:DEBUG  消息:Finished Request 行数: 458 文件名:remote_connection.py
时间:2020-09-04 15:27:20,777  方法:_request  级别:DEBUG  消息:POST http://localhost:11352/session/45dee7868d8a353f6304f558d450b830/element {"using": "xpath", "value": "(//*[@class='fr'])[3]"} 行数: 405 文件名:remote_connection.py
时间:2020-09-04 15:27:20,789  方法:_make_request  级别:DEBUG  消息:http://localhost:11352 "POST /session/45dee7868d8a353f6304f558d450b830/element HTTP/1.1" 200 88 行数: 442 文件名:connectionpool.py
时间:2020-09-04 15:27:20,789  方法:_request  级别:DEBUG  消息:Finished Request 行数: 458 文件名:remote_connection.py
时间:2020-09-04 15:27:20,789  方法:_request  级别:DEBUG  消息:POST http://localhost:11352/session/45dee7868d8a353f6304f558d450b830/element/fcc2f6c0-3d2b-438e-b49d-90a2cd78ec26/click {"id": "fcc2f6c0-3d2b-438e-b49d-90a2cd78ec26"} 行数: 405 文件名:remote_connection.py
时间:2020-09-04 15:27:20,829  方法:_make_request  级别:DEBUG  消息:http://localhost:11352 "POST /session/45dee7868d8a353f6304f558d450b830/element/fcc2f6c0-3d2b-438e-b49d-90a2cd78ec26/click HTTP/1.1" 200 14 行数: 442 文件名:connectionpool.py
时间:2020-09-04 15:27:20,830  方法:_request  级别:DEBUG  消息:Finished Request 行数: 458 文件名:remote_connection.py
时间:2020-09-04 15:27:25,831  方法:_request  级别:DEBUG  消息:POST http://localhost:11352/session/45dee7868d8a353f6304f558d450b830/url {"url": "https://2007225007-site.pool202.yun300.cn/manager/gwforward/manager-webapi/content/info/info_page"} 行数: 405 文件名:remote_connection.py
时间:2020-09-04 15:27:27,267  方法:_make_request  级别:DEBUG  消息:http://localhost:11352 "POST /session/45dee7868d8a353f6304f558d450b830/url HTTP/1.1" 200 14 行数: 442 文件名:connectionpool.py
时间:2020-09-04 15:27:27,268  方法:_request  级别:DEBUG  消息:Finished Request 行数: 458 文件名:remote_connection.py
时间:2020-09-04 15:27:29,269  方法:_request  级别:DEBUG  消息:GET http://localhost:11352/session/45dee7868d8a353f6304f558d450b830/cookie {} 行数: 405 文件名:remote_connection.py
时间:2020-09-04 15:27:29,274  方法:_make_request  级别:DEBUG  消息:http://localhost:11352 "GET /session/45dee7868d8a353f6304f558d450b830/cookie HTTP/1.1" 200 329 行数: 442 文件名:connectionpool.py
时间:2020-09-04 15:27:29,275  方法:_request  级别:DEBUG  消息:Finished Request 行数: 458 文件名:remote_connection.py
时间:2020-09-04 15:27:32,386  方法:_new_conn  级别:DEBUG  消息:Starting new HTTPS connection (1): 2007225007-site.pool202.yun300.cn:443 行数: 941 文件名:connectionpool.py
时间:2020-09-04 15:27:32,779  方法:_make_request  级别:DEBUG  消息:https://2007225007-site.pool202.yun300.cn:443 "POST /manager/gwforward/manager-webapi/interaction/manager/newcustomer/group/save?tenantId=205217 HTTP/1.1" 200 None 行数: 442 文件名:connectionpool.py
时间:2020-09-04 15:27:32,780  方法:_new_conn  级别:DEBUG  消息:Starting new HTTPS connection (1): 2007225007-site.pool202.yun300.cn:443 行数: 941 文件名:connectionpool.py
时间:2020-09-04 15:27:36,706  方法:_make_request  级别:DEBUG  消息:https://2007225007-site.pool202.yun300.cn:443 "POST /manager/gwforward/manager-webapi/interaction/manager/newcustomer/group/list?tenantId=205217 HTTP/1.1" 200 None 行数: 442 文件名:connectionpool.py
时间:2020-09-04 15:27:36,821  方法:_new_conn  级别:DEBUG  消息:Starting new HTTPS connection (1): 2007225007-site.pool202.yun300.cn:443 行数: 941 文件名:connectionpool.py
时间:2020-09-04 15:27:38,567  方法:_make_request  级别:DEBUG  消息:https://2007225007-site.pool202.yun300.cn:443 "POST /manager/gwforward/manager-webapi/interaction/manager/newcustomer/save?tenantId=205217 HTTP/1.1" 200 None 行数: 442 文件名:connectionpool.py
时间:2020-09-04 15:43:05,976  方法:<module>  级别:DEBUG  消息:Not in REPL -> leaving logger event level as is. 行数: 18 文件名:factory.py
时间:2020-09-04 15:43:05,977  方法:_find_provider_class  级别:DEBUG  消息:Looking for locale `zh_CN` in provider `faker.providers.address`. 行数: 91 文件名:factory.py
时间:2020-09-04 15:43:05,980  方法:_find_provider_class  级别:DEBUG  消息:Provider `faker.providers.address` has been localized to `zh_CN`. 行数: 105 文件名:factory.py
时间:2020-09-04 15:43:05,981  方法:_find_provider_class  级别:DEBUG  消息:Looking for locale `zh_CN` in provider `faker.providers.automotive`. 行数: 91 文件名:factory.py
时间:2020-09-04 15:43:05,991  方法:_find_provider_class  级别:DEBUG  消息:Specified locale `zh_CN` is not available for provider `faker.providers.automotive`. Locale reset to `en_US` for this provider. 行数: 101 文件名:factory.py
时间:2020-09-04 15:43:05,992  方法:_find_provider_class  级别:DEBUG  消息:Looking for locale `zh_CN` in provider `faker.providers.bank`. 行数: 91 文件名:factory.py
时间:2020-09-04 15:43:05,994  方法:_find_provider_class  级别:DEBUG  消息:Specified locale `zh_CN` is not available for provider `faker.providers.bank`. Locale reset to `en_GB` for this provider. 行数: 101 文件名:factory.py
时间:2020-09-04 15:43:05,995  方法:_find_provider_class  级别:DEBUG  消息:Looking for locale `zh_CN` in provider `faker.providers.barcode`. 行数: 91 文件名:factory.py
时间:2020-09-04 15:43:05,995  方法:_find_provider_class  级别:DEBUG  消息:Specified locale `zh_CN` is not available for provider `faker.providers.barcode`. Locale reset to `en_US` for this provider. 行数: 101 文件名:factory.py
时间:2020-09-04 15:43:05,997  方法:_find_provider_class  级别:DEBUG  消息:Looking for locale `zh_CN` in provider `faker.providers.color`. 行数: 91 文件名:factory.py
时间:2020-09-04 15:43:05,998  方法:_find_provider_class  级别:DEBUG  消息:Specified locale `zh_CN` is not available for provider `faker.providers.color`. Locale reset to `en_US` for this provider. 行数: 101 文件名:factory.py
时间:2020-09-04 15:43:05,998  方法:_find_provider_class  级别:DEBUG  消息:Looking for locale `zh_CN` in provider `faker.providers.company`. 行数: 91 文件名:factory.py
时间:2020-09-04 15:43:06,001  方法:_find_provider_class  级别:DEBUG  消息:Provider `faker.providers.company` has been localized to `zh_CN`. 行数: 105 文件名:factory.py
时间:2020-09-04 15:43:06,002  方法:_find_provider_class  级别:DEBUG  消息:Looking for locale `zh_CN` in provider `faker.providers.credit_card`. 行数: 91 文件名:factory.py
时间:2020-09-04 15:43:06,002  方法:_find_provider_class  级别:DEBUG  消息:Specified locale `zh_CN` is not available for provider `faker.providers.credit_card`. Locale reset to `en_US` for this provider. 行数: 101 文件名:factory.py
时间:2020-09-04 15:43:06,003  方法:_find_provider_class  级别:DEBUG  消息:Looking for locale `zh_CN` in provider `faker.providers.currency`. 行数: 91 文件名:factory.py
时间:2020-09-04 15:43:06,003  方法:_find_provider_class  级别:DEBUG  消息:Specified locale `zh_CN` is not available for provider `faker.providers.currency`. Locale reset to `en_US` for this provider. 行数: 101 文件名:factory.py
时间:2020-09-04 15:43:06,004  方法:_find_provider_class  级别:DEBUG  消息:Looking for locale `zh_CN` in provider `faker.providers.date_time`. 行数: 91 文件名:factory.py
时间:2020-09-04 15:43:06,006  方法:_find_provider_class  级别:DEBUG  消息:Specified locale `zh_CN` is not available for provider `faker.providers.date_time`. Locale reset to `en_US` for this provider. 行数: 101 文件名:factory.py
时间:2020-09-04 15:43:06,007  方法:_find_provider_class  级别:DEBUG  消息:Provider `faker.providers.file` does not feature localization. Specified locale `zh_CN` is not utilized for this provider. 行数: 118 文件名:factory.py
时间:2020-09-04 15:43:06,007  方法:_find_provider_class  级别:DEBUG  消息:Looking for locale `zh_CN` in provider `faker.providers.geo`. 行数: 91 文件名:factory.py
时间:2020-09-04 15:43:06,008  方法:_find_provider_class  级别:DEBUG  消息:Specified locale `zh_CN` is not available for provider `faker.providers.geo`. Locale reset to `en_US` for this provider. 行数: 101 文件名:factory.py
时间:2020-09-04 15:43:06,008  方法:_find_provider_class  级别:DEBUG  消息:Looking for locale `zh_CN` in provider `faker.providers.internet`. 行数: 91 文件名:factory.py
时间:2020-09-04 15:43:06,011  方法:_find_provider_class  级别:DEBUG  消息:Provider `faker.providers.internet` has been localized to `zh_CN`. 行数: 105 文件名:factory.py
时间:2020-09-04 15:43:06,012  方法:_find_provider_class  级别:DEBUG  消息:Provider `faker.providers.isbn` does not feature localization. Specified locale `zh_CN` is not utilized for this provider. 行数: 118 文件名:factory.py
时间:2020-09-04 15:43:06,012  方法:_find_provider_class  级别:DEBUG  消息:Looking for locale `zh_CN` in provider `faker.providers.job`. 行数: 91 文件名:factory.py
时间:2020-09-04 15:43:06,014  方法:_find_provider_class  级别:DEBUG  消息:Provider `faker.providers.job` has been localized to `zh_CN`. 行数: 105 文件名:factory.py
时间:2020-09-04 15:43:06,015  方法:_find_provider_class  级别:DEBUG  消息:Looking for locale `zh_CN` in provider `faker.providers.lorem`. 行数: 91 文件名:factory.py
时间:2020-09-04 15:43:06,016  方法:_find_provider_class  级别:DEBUG  消息:Provider `faker.providers.lorem` has been localized to `zh_CN`. 行数: 105 文件名:factory.py
时间:2020-09-04 15:43:06,017  方法:_find_provider_class  级别:DEBUG  消息:Looking for locale `zh_CN` in provider `faker.providers.misc`. 行数: 91 文件名:factory.py
时间:2020-09-04 15:43:06,018  方法:_find_provider_class  级别:DEBUG  消息:Specified locale `zh_CN` is not available for provider `faker.providers.misc`. Locale reset to `en_US` for this provider. 行数: 101 文件名:factory.py
时间:2020-09-04 15:43:06,019  方法:_find_provider_class  级别:DEBUG  消息:Looking for locale `zh_CN` in provider `faker.providers.person`. 行数: 91 文件名:factory.py
时间:2020-09-04 15:43:06,023  方法:_find_provider_class  级别:DEBUG  消息:Provider `faker.providers.person` has been localized to `zh_CN`. 行数: 105 文件名:factory.py
时间:2020-09-04 15:43:06,024  方法:_find_provider_class  级别:DEBUG  消息:Looking for locale `zh_CN` in provider `faker.providers.phone_number`. 行数: 91 文件名:factory.py
时间:2020-09-04 15:43:06,028  方法:_find_provider_class  级别:DEBUG  消息:Provider `faker.providers.phone_number` has been localized to `zh_CN`. 行数: 105 文件名:factory.py
时间:2020-09-04 15:43:06,029  方法:_find_provider_class  级别:DEBUG  消息:Provider `faker.providers.profile` does not feature localization. Specified locale `zh_CN` is not utilized for this provider. 行数: 118 文件名:factory.py
时间:2020-09-04 15:43:06,029  方法:_find_provider_class  级别:DEBUG  消息:Provider `faker.providers.python` does not feature localization. Specified locale `zh_CN` is not utilized for this provider. 行数: 118 文件名:factory.py
时间:2020-09-04 15:43:06,029  方法:_find_provider_class  级别:DEBUG  消息:Looking for locale `zh_CN` in provider `faker.providers.ssn`. 行数: 91 文件名:factory.py
时间:2020-09-04 15:43:06,033  方法:_find_provider_class  级别:DEBUG  消息:Provider `faker.providers.ssn` has been localized to `zh_CN`. 行数: 105 文件名:factory.py
时间:2020-09-04 15:43:06,034  方法:_find_provider_class  级别:DEBUG  消息:Provider `faker.providers.user_agent` does not feature localization. Specified locale `zh_CN` is not utilized for this provider. 行数: 118 文件名:factory.py
时间:2020-09-04 15:43:14,717  方法:_new_conn  级别:DEBUG  消息:Starting new HTTPS connection (1): 2007225007-site.pool202.yun300.cn:443 行数: 941 文件名:connectionpool.py
时间:2020-09-04 15:43:15,350  方法:_make_request  级别:DEBUG  消息:https://2007225007-site.pool202.yun300.cn:443 "POST /manager/gwforward/manager-webapi/interaction/manager/newcustomer/list?tenantId=205217 HTTP/1.1" 200 None 行数: 442 文件名:connectionpool.py
时间:2020-09-04 15:54:28,643  方法:<module>  级别:DEBUG  消息:Not in REPL -> leaving logger event level as is. 行数: 18 文件名:factory.py
时间:2020-09-04 15:54:28,643  方法:_find_provider_class  级别:DEBUG  消息:Looking for locale `zh_CN` in provider `faker.providers.address`. 行数: 91 文件名:factory.py
时间:2020-09-04 15:54:28,647  方法:_find_provider_class  级别:DEBUG  消息:Provider `faker.providers.address` has been localized to `zh_CN`. 行数: 105 文件名:factory.py
时间:2020-09-04 15:54:28,648  方法:_find_provider_class  级别:DEBUG  消息:Looking for locale `zh_CN` in provider `faker.providers.automotive`. 行数: 91 文件名:factory.py
时间:2020-09-04 15:54:28,658  方法:_find_provider_class  级别:DEBUG  消息:Specified locale `zh_CN` is not available for provider `faker.providers.automotive`. Locale reset to `en_US` for this provider. 行数: 101 文件名:factory.py
时间:2020-09-04 15:54:28,659  方法:_find_provider_class  级别:DEBUG  消息:Looking for locale `zh_CN` in provider `faker.providers.bank`. 行数: 91 文件名:factory.py
时间:2020-09-04 15:54:28,660  方法:_find_provider_class  级别:DEBUG  消息:Specified locale `zh_CN` is not available for provider `faker.providers.bank`. Locale reset to `en_GB` for this provider. 行数: 101 文件名:factory.py
时间:2020-09-04 15:54:28,661  方法:_find_provider_class  级别:DEBUG  消息:Looking for locale `zh_CN` in provider `faker.providers.barcode`. 行数: 91 文件名:factory.py
时间:2020-09-04 15:54:28,662  方法:_find_provider_class  级别:DEBUG  消息:Specified locale `zh_CN` is not available for provider `faker.providers.barcode`. Locale reset to `en_US` for this provider. 行数: 101 文件名:factory.py
时间:2020-09-04 15:54:28,663  方法:_find_provider_class  级别:DEBUG  消息:Looking for locale `zh_CN` in provider `faker.providers.color`. 行数: 91 文件名:factory.py
时间:2020-09-04 15:54:28,664  方法:_find_provider_class  级别:DEBUG  消息:Specified locale `zh_CN` is not available for provider `faker.providers.color`. Locale reset to `en_US` for this provider. 行数: 101 文件名:factory.py
时间:2020-09-04 15:54:28,665  方法:_find_provider_class  级别:DEBUG  消息:Looking for locale `zh_CN` in provider `faker.providers.company`. 行数: 91 文件名:factory.py
时间:2020-09-04 15:54:28,667  方法:_find_provider_class  级别:DEBUG  消息:Provider `faker.providers.company` has been localized to `zh_CN`. 行数: 105 文件名:factory.py
时间:2020-09-04 15:54:28,668  方法:_find_provider_class  级别:DEBUG  消息:Looking for locale `zh_CN` in provider `faker.providers.credit_card`. 行数: 91 文件名:factory.py
时间:2020-09-04 15:54:28,669  方法:_find_provider_class  级别:DEBUG  消息:Specified locale `zh_CN` is not available for provider `faker.providers.credit_card`. Locale reset to `en_US` for this provider. 行数: 101 文件名:factory.py
时间:2020-09-04 15:54:28,670  方法:_find_provider_class  级别:DEBUG  消息:Looking for locale `zh_CN` in provider `faker.providers.currency`. 行数: 91 文件名:factory.py
时间:2020-09-04 15:54:28,670  方法:_find_provider_class  级别:DEBUG  消息:Specified locale `zh_CN` is not available for provider `faker.providers.currency`. Locale reset to `en_US` for this provider. 行数: 101 文件名:factory.py
时间:2020-09-04 15:54:28,671  方法:_find_provider_class  级别:DEBUG  消息:Looking for locale `zh_CN` in provider `faker.providers.date_time`. 行数: 91 文件名:factory.py
时间:2020-09-04 15:54:28,673  方法:_find_provider_class  级别:DEBUG  消息:Specified locale `zh_CN` is not available for provider `faker.providers.date_time`. Locale reset to `en_US` for this provider. 行数: 101 文件名:factory.py
时间:2020-09-04 15:54:28,674  方法:_find_provider_class  级别:DEBUG  消息:Provider `faker.providers.file` does not feature localization. Specified locale `zh_CN` is not utilized for this provider. 行数: 118 文件名:factory.py
时间:2020-09-04 15:54:28,674  方法:_find_provider_class  级别:DEBUG  消息:Looking for locale `zh_CN` in provider `faker.providers.geo`. 行数: 91 文件名:factory.py
时间:2020-09-04 15:54:28,674  方法:_find_provider_class  级别:DEBUG  消息:Specified locale `zh_CN` is not available for provider `faker.providers.geo`. Locale reset to `en_US` for this provider. 行数: 101 文件名:factory.py
时间:2020-09-04 15:54:28,675  方法:_find_provider_class  级别:DEBUG  消息:Looking for locale `zh_CN` in provider `faker.providers.internet`. 行数: 91 文件名:factory.py
时间:2020-09-04 15:54:28,678  方法:_find_provider_class  级别:DEBUG  消息:Provider `faker.providers.internet` has been localized to `zh_CN`. 行数: 105 文件名:factory.py
时间:2020-09-04 15:54:28,679  方法:_find_provider_class  级别:DEBUG  消息:Provider `faker.providers.isbn` does not feature localization. Specified locale `zh_CN` is not utilized for this provider. 行数: 118 文件名:factory.py
时间:2020-09-04 15:54:28,679  方法:_find_provider_class  级别:DEBUG  消息:Looking for locale `zh_CN` in provider `faker.providers.job`. 行数: 91 文件名:factory.py
时间:2020-09-04 15:54:28,681  方法:_find_provider_class  级别:DEBUG  消息:Provider `faker.providers.job` has been localized to `zh_CN`. 行数: 105 文件名:factory.py
时间:2020-09-04 15:54:28,682  方法:_find_provider_class  级别:DEBUG  消息:Looking for locale `zh_CN` in provider `faker.providers.lorem`. 行数: 91 文件名:factory.py
时间:2020-09-04 15:54:28,683  方法:_find_provider_class  级别:DEBUG  消息:Provider `faker.providers.lorem` has been localized to `zh_CN`. 行数: 105 文件名:factory.py
时间:2020-09-04 15:54:28,684  方法:_find_provider_class  级别:DEBUG  消息:Looking for locale `zh_CN` in provider `faker.providers.misc`. 行数: 91 文件名:factory.py
时间:2020-09-04 15:54:28,684  方法:_find_provider_class  级别:DEBUG  消息:Specified locale `zh_CN` is not available for provider `faker.providers.misc`. Locale reset to `en_US` for this provider. 行数: 101 文件名:factory.py
时间:2020-09-04 15:54:28,685  方法:_find_provider_class  级别:DEBUG  消息:Looking for locale `zh_CN` in provider `faker.providers.person`. 行数: 91 文件名:factory.py
时间:2020-09-04 15:54:28,689  方法:_find_provider_class  级别:DEBUG  消息:Provider `faker.providers.person` has been localized to `zh_CN`. 行数: 105 文件名:factory.py
时间:2020-09-04 15:54:28,690  方法:_find_provider_class  级别:DEBUG  消息:Looking for locale `zh_CN` in provider `faker.providers.phone_number`. 行数: 91 文件名:factory.py
时间:2020-09-04 15:54:28,694  方法:_find_provider_class  级别:DEBUG  消息:Provider `faker.providers.phone_number` has been localized to `zh_CN`. 行数: 105 文件名:factory.py
时间:2020-09-04 15:54:28,695  方法:_find_provider_class  级别:DEBUG  消息:Provider `faker.providers.profile` does not feature localization. Specified locale `zh_CN` is not utilized for this provider. 行数: 118 文件名:factory.py
时间:2020-09-04 15:54:28,695  方法:_find_provider_class  级别:DEBUG  消息:Provider `faker.providers.python` does not feature localization. Specified locale `zh_CN` is not utilized for this provider. 行数: 118 文件名:factory.py
时间:2020-09-04 15:54:28,695  方法:_find_provider_class  级别:DEBUG  消息:Looking for locale `zh_CN` in provider `faker.providers.ssn`. 行数: 91 文件名:factory.py
时间:2020-09-04 15:54:28,699  方法:_find_provider_class  级别:DEBUG  消息:Provider `faker.providers.ssn` has been localized to `zh_CN`. 行数: 105 文件名:factory.py
时间:2020-09-04 15:54:28,700  方法:_find_provider_class  级别:DEBUG  消息:Provider `faker.providers.user_agent` does not feature localization. Specified locale `zh_CN` is not utilized for this provider. 行数: 118 文件名:factory.py
时间:2020-09-04 15:54:29,634  方法:_new_conn  级别:DEBUG  消息:Starting new HTTPS connection (1): 2007225007-site.pool202.yun300.cn:443 行数: 941 文件名:connectionpool.py
时间:2020-09-04 15:54:29,974  方法:_make_request  级别:DEBUG  消息:https://2007225007-site.pool202.yun300.cn:443 "POST /manager/gwforward/manager-webapi/interaction/manager/newcustomer/group/save?tenantId=205217 HTTP/1.1" 200 None 行数: 442 文件名:connectionpool.py
时间:2020-09-04 15:54:29,978  方法:_new_conn  级别:DEBUG  消息:Starting new HTTPS connection (1): 2007225007-site.pool202.yun300.cn:443 行数: 941 文件名:connectionpool.py
时间:2020-09-04 15:54:35,421  方法:_make_request  级别:DEBUG  消息:https://2007225007-site.pool202.yun300.cn:443 "POST /manager/gwforward/manager-webapi/interaction/manager/newcustomer/group/list?tenantId=205217 HTTP/1.1" 200 None 行数: 442 文件名:connectionpool.py
时间:2020-09-04 15:54:43,328  方法:_new_conn  级别:DEBUG  消息:Starting new HTTPS connection (1): 2007225007-site.pool202.yun300.cn:443 行数: 941 文件名:connectionpool.py
时间:2020-09-04 15:54:44,659  方法:_make_request  级别:DEBUG  消息:https://2007225007-site.pool202.yun300.cn:443 "POST /manager/gwforward/manager-webapi/interaction/manager/newcustomer/group/save?tenantId=205217 HTTP/1.1" 200 None 行数: 442 文件名:connectionpool.py
时间:2020-09-04 15:54:44,660  方法:_new_conn  级别:DEBUG  消息:Starting new HTTPS connection (1): 2007225007-site.pool202.yun300.cn:443 行数: 941 文件名:connectionpool.py
时间:2020-09-04 15:54:50,430  方法:_make_request  级别:DEBUG  消息:https://2007225007-site.pool202.yun300.cn:443 "POST /manager/gwforward/manager-webapi/interaction/manager/newcustomer/group/list?tenantId=205217 HTTP/1.1" 200 None 行数: 442 文件名:connectionpool.py
时间:2020-09-04 15:54:50,480  方法:_new_conn  级别:DEBUG  消息:Starting new HTTPS connection (1): 2007225007-site.pool202.yun300.cn:443 行数: 941 文件名:connectionpool.py
时间:2020-09-04 15:54:50,894  方法:_make_request  级别:DEBUG  消息:https://2007225007-site.pool202.yun300.cn:443 "POST /manager/gwforward/manager-webapi/interaction/manager/newcustomer/list?tenantId=205217 HTTP/1.1" 200 None 行数: 442 文件名:connectionpool.py
时间:2020-09-04 16:13:39,914  方法:<module>  级别:DEBUG  消息:Not in REPL -> leaving logger event level as is. 行数: 18 文件名:factory.py
时间:2020-09-04 16:13:39,915  方法:_find_provider_class  级别:DEBUG  消息:Looking for locale `zh_CN` in provider `faker.providers.address`. 行数: 91 文件名:factory.py
时间:2020-09-04 16:13:39,919  方法:_find_provider_class  级别:DEBUG  消息:Provider `faker.providers.address` has been localized to `zh_CN`. 行数: 105 文件名:factory.py
时间:2020-09-04 16:13:39,920  方法:_find_provider_class  级别:DEBUG  消息:Looking for locale `zh_CN` in provider `faker.providers.automotive`. 行数: 91 文件名:factory.py
时间:2020-09-04 16:13:39,930  方法:_find_provider_class  级别:DEBUG  消息:Specified locale `zh_CN` is not available for provider `faker.providers.automotive`. Locale reset to `en_US` for this provider. 行数: 101 文件名:factory.py
时间:2020-09-04 16:13:39,931  方法:_find_provider_class  级别:DEBUG  消息:Looking for locale `zh_CN` in provider `faker.providers.bank`. 行数: 91 文件名:factory.py
时间:2020-09-04 16:13:39,932  方法:_find_provider_class  级别:DEBUG  消息:Specified locale `zh_CN` is not available for provider `faker.providers.bank`. Locale reset to `en_GB` for this provider. 行数: 101 文件名:factory.py
时间:2020-09-04 16:13:39,933  方法:_find_provider_class  级别:DEBUG  消息:Looking for locale `zh_CN` in provider `faker.providers.barcode`. 行数: 91 文件名:factory.py
时间:2020-09-04 16:13:39,934  方法:_find_provider_class  级别:DEBUG  消息:Specified locale `zh_CN` is not available for provider `faker.providers.barcode`. Locale reset to `en_US` for this provider. 行数: 101 文件名:factory.py
时间:2020-09-04 16:13:39,935  方法:_find_provider_class  级别:DEBUG  消息:Looking for locale `zh_CN` in provider `faker.providers.color`. 行数: 91 文件名:factory.py
时间:2020-09-04 16:13:39,936  方法:_find_provider_class  级别:DEBUG  消息:Specified locale `zh_CN` is not available for provider `faker.providers.color`. Locale reset to `en_US` for this provider. 行数: 101 文件名:factory.py
时间:2020-09-04 16:13:39,937  方法:_find_provider_class  级别:DEBUG  消息:Looking for locale `zh_CN` in provider `faker.providers.company`. 行数: 91 文件名:factory.py
时间:2020-09-04 16:13:39,940  方法:_find_provider_class  级别:DEBUG  消息:Provider `faker.providers.company` has been localized to `zh_CN`. 行数: 105 文件名:factory.py
时间:2020-09-04 16:13:39,941  方法:_find_provider_class  级别:DEBUG  消息:Looking for locale `zh_CN` in provider `faker.providers.credit_card`. 行数: 91 文件名:factory.py
时间:2020-09-04 16:13:39,941  方法:_find_provider_class  级别:DEBUG  消息:Specified locale `zh_CN` is not available for provider `faker.providers.credit_card`. Locale reset to `en_US` for this provider. 行数: 101 文件名:factory.py
时间:2020-09-04 16:13:39,942  方法:_find_provider_class  级别:DEBUG  消息:Looking for locale `zh_CN` in provider `faker.providers.currency`. 行数: 91 文件名:factory.py
时间:2020-09-04 16:13:39,942  方法:_find_provider_class  级别:DEBUG  消息:Specified locale `zh_CN` is not available for provider `faker.providers.currency`. Locale reset to `en_US` for this provider. 行数: 101 文件名:factory.py
时间:2020-09-04 16:13:39,943  方法:_find_provider_class  级别:DEBUG  消息:Looking for locale `zh_CN` in provider `faker.providers.date_time`. 行数: 91 文件名:factory.py
时间:2020-09-04 16:13:39,945  方法:_find_provider_class  级别:DEBUG  消息:Specified locale `zh_CN` is not available for provider `faker.providers.date_time`. Locale reset to `en_US` for this provider. 行数: 101 文件名:factory.py
时间:2020-09-04 16:13:39,946  方法:_find_provider_class  级别:DEBUG  消息:Provider `faker.providers.file` does not feature localization. Specified locale `zh_CN` is not utilized for this provider. 行数: 118 文件名:factory.py
时间:2020-09-04 16:13:39,946  方法:_find_provider_class  级别:DEBUG  消息:Looking for locale `zh_CN` in provider `faker.providers.geo`. 行数: 91 文件名:factory.py
时间:2020-09-04 16:13:39,946  方法:_find_provider_class  级别:DEBUG  消息:Specified locale `zh_CN` is not available for provider `faker.providers.geo`. Locale reset to `en_US` for this provider. 行数: 101 文件名:factory.py
时间:2020-09-04 16:13:39,947  方法:_find_provider_class  级别:DEBUG  消息:Looking for locale `zh_CN` in provider `faker.providers.internet`. 行数: 91 文件名:factory.py
时间:2020-09-04 16:13:39,950  方法:_find_provider_class  级别:DEBUG  消息:Provider `faker.providers.internet` has been localized to `zh_CN`. 行数: 105 文件名:factory.py
时间:2020-09-04 16:13:39,951  方法:_find_provider_class  级别:DEBUG  消息:Provider `faker.providers.isbn` does not feature localization. Specified locale `zh_CN` is not utilized for this provider. 行数: 118 文件名:factory.py
时间:2020-09-04 16:13:39,951  方法:_find_provider_class  级别:DEBUG  消息:Looking for locale `zh_CN` in provider `faker.providers.job`. 行数: 91 文件名:factory.py
时间:2020-09-04 16:13:39,953  方法:_find_provider_class  级别:DEBUG  消息:Provider `faker.providers.job` has been localized to `zh_CN`. 行数: 105 文件名:factory.py
时间:2020-09-04 16:13:39,954  方法:_find_provider_class  级别:DEBUG  消息:Looking for locale `zh_CN` in provider `faker.providers.lorem`. 行数: 91 文件名:factory.py
时间:2020-09-04 16:13:39,955  方法:_find_provider_class  级别:DEBUG  消息:Provider `faker.providers.lorem` has been localized to `zh_CN`. 行数: 105 文件名:factory.py
时间:2020-09-04 16:13:39,956  方法:_find_provider_class  级别:DEBUG  消息:Looking for locale `zh_CN` in provider `faker.providers.misc`. 行数: 91 文件名:factory.py
时间:2020-09-04 16:13:39,957  方法:_find_provider_class  级别:DEBUG  消息:Specified locale `zh_CN` is not available for provider `faker.providers.misc`. Locale reset to `en_US` for this provider. 行数: 101 文件名:factory.py
时间:2020-09-04 16:13:39,958  方法:_find_provider_class  级别:DEBUG  消息:Looking for locale `zh_CN` in provider `faker.providers.person`. 行数: 91 文件名:factory.py
时间:2020-09-04 16:13:39,962  方法:_find_provider_class  级别:DEBUG  消息:Provider `faker.providers.person` has been localized to `zh_CN`. 行数: 105 文件名:factory.py
时间:2020-09-04 16:13:39,963  方法:_find_provider_class  级别:DEBUG  消息:Looking for locale `zh_CN` in provider `faker.providers.phone_number`. 行数: 91 文件名:factory.py
时间:2020-09-04 16:13:39,967  方法:_find_provider_class  级别:DEBUG  消息:Provider `faker.providers.phone_number` has been localized to `zh_CN`. 行数: 105 文件名:factory.py
时间:2020-09-04 16:13:39,968  方法:_find_provider_class  级别:DEBUG  消息:Provider `faker.providers.profile` does not feature localization. Specified locale `zh_CN` is not utilized for this provider. 行数: 118 文件名:factory.py
时间:2020-09-04 16:13:39,968  方法:_find_provider_class  级别:DEBUG  消息:Provider `faker.providers.python` does not feature localization. Specified locale `zh_CN` is not utilized for this provider. 行数: 118 文件名:factory.py
时间:2020-09-04 16:13:39,968  方法:_find_provider_class  级别:DEBUG  消息:Looking for locale `zh_CN` in provider `faker.providers.ssn`. 行数: 91 文件名:factory.py
时间:2020-09-04 16:13:39,972  方法:_find_provider_class  级别:DEBUG  消息:Provider `faker.providers.ssn` has been localized to `zh_CN`. 行数: 105 文件名:factory.py
时间:2020-09-04 16:13:39,973  方法:_find_provider_class  级别:DEBUG  消息:Provider `faker.providers.user_agent` does not feature localization. Specified locale `zh_CN` is not utilized for this provider. 行数: 118 文件名:factory.py
时间:2020-09-04 16:13:48,721  方法:_new_conn  级别:DEBUG  消息:Starting new HTTPS connection (1): 2007225007-site.pool202.yun300.cn:443 行数: 941 文件名:connectionpool.py
时间:2020-09-04 16:13:49,113  方法:_make_request  级别:DEBUG  消息:https://2007225007-site.pool202.yun300.cn:443 "POST /manager/gwforward/manager-webapi/interaction/manager/newcustomer/group/save?tenantId=205217 HTTP/1.1" 200 None 行数: 442 文件名:connectionpool.py
时间:2020-09-04 16:13:49,117  方法:_new_conn  级别:DEBUG  消息:Starting new HTTPS connection (1): 2007225007-site.pool202.yun300.cn:443 行数: 941 文件名:connectionpool.py
时间:2020-09-04 16:13:54,952  方法:_make_request  级别:DEBUG  消息:https://2007225007-site.pool202.yun300.cn:443 "POST /manager/gwforward/manager-webapi/interaction/manager/newcustomer/group/list?tenantId=205217 HTTP/1.1" 200 None 行数: 442 文件名:connectionpool.py
时间:2020-09-04 16:13:55,000  方法:_new_conn  级别:DEBUG  消息:Starting new HTTPS connection (1): 2007225007-site.pool202.yun300.cn:443 行数: 941 文件名:connectionpool.py
时间:2020-09-04 16:13:55,425  方法:_make_request  级别:DEBUG  消息:https://2007225007-site.pool202.yun300.cn:443 "POST /manager/gwforward/manager-webapi/interaction/manager/newcustomer/save?tenantId=205217 HTTP/1.1" 200 None 行数: 442 文件名:connectionpool.py
时间:2020-09-04 16:19:28,692  方法:<module>  级别:DEBUG  消息:Not in REPL -> leaving logger event level as is. 行数: 18 文件名:factory.py
时间:2020-09-04 16:19:28,692  方法:_find_provider_class  级别:DEBUG  消息:Looking for locale `zh_CN` in provider `faker.providers.address`. 行数: 91 文件名:factory.py
时间:2020-09-04 16:19:28,696  方法:_find_provider_class  级别:DEBUG  消息:Provider `faker.providers.address` has been localized to `zh_CN`. 行数: 105 文件名:factory.py
时间:2020-09-04 16:19:28,697  方法:_find_provider_class  级别:DEBUG  消息:Looking for locale `zh_CN` in provider `faker.providers.automotive`. 行数: 91 文件名:factory.py
时间:2020-09-04 16:19:28,707  方法:_find_provider_class  级别:DEBUG  消息:Specified locale `zh_CN` is not available for provider `faker.providers.automotive`. Locale reset to `en_US` for this provider. 行数: 101 文件名:factory.py
时间:2020-09-04 16:19:28,708  方法:_find_provider_class  级别:DEBUG  消息:Looking for locale `zh_CN` in provider `faker.providers.bank`. 行数: 91 文件名:factory.py
时间:2020-09-04 16:19:28,709  方法:_find_provider_class  级别:DEBUG  消息:Specified locale `zh_CN` is not available for provider `faker.providers.bank`. Locale reset to `en_GB` for this provider. 行数: 101 文件名:factory.py
时间:2020-09-04 16:19:28,710  方法:_find_provider_class  级别:DEBUG  消息:Looking for locale `zh_CN` in provider `faker.providers.barcode`. 行数: 91 文件名:factory.py
时间:2020-09-04 16:19:28,711  方法:_find_provider_class  级别:DEBUG  消息:Specified locale `zh_CN` is not available for provider `faker.providers.barcode`. Locale reset to `en_US` for this provider. 行数: 101 文件名:factory.py
时间:2020-09-04 16:19:28,712  方法:_find_provider_class  级别:DEBUG  消息:Looking for locale `zh_CN` in provider `faker.providers.color`. 行数: 91 文件名:factory.py
时间:2020-09-04 16:19:28,713  方法:_find_provider_class  级别:DEBUG  消息:Specified locale `zh_CN` is not available for provider `faker.providers.color`. Locale reset to `en_US` for this provider. 行数: 101 文件名:factory.py
时间:2020-09-04 16:19:28,714  方法:_find_provider_class  级别:DEBUG  消息:Looking for locale `zh_CN` in provider `faker.providers.company`. 行数: 91 文件名:factory.py
时间:2020-09-04 16:19:28,716  方法:_find_provider_class  级别:DEBUG  消息:Provider `faker.providers.company` has been localized to `zh_CN`. 行数: 105 文件名:factory.py
时间:2020-09-04 16:19:28,717  方法:_find_provider_class  级别:DEBUG  消息:Looking for locale `zh_CN` in provider `faker.providers.credit_card`. 行数: 91 文件名:factory.py
时间:2020-09-04 16:19:28,718  方法:_find_provider_class  级别:DEBUG  消息:Specified locale `zh_CN` is not available for provider `faker.providers.credit_card`. Locale reset to `en_US` for this provider. 行数: 101 文件名:factory.py
时间:2020-09-04 16:19:28,719  方法:_find_provider_class  级别:DEBUG  消息:Looking for locale `zh_CN` in provider `faker.providers.currency`. 行数: 91 文件名:factory.py
时间:2020-09-04 16:19:28,719  方法:_find_provider_class  级别:DEBUG  消息:Specified locale `zh_CN` is not available for provider `faker.providers.currency`. Locale reset to `en_US` for this provider. 行数: 101 文件名:factory.py
时间:2020-09-04 16:19:28,720  方法:_find_provider_class  级别:DEBUG  消息:Looking for locale `zh_CN` in provider `faker.providers.date_time`. 行数: 91 文件名:factory.py
时间:2020-09-04 16:19:28,722  方法:_find_provider_class  级别:DEBUG  消息:Specified locale `zh_CN` is not available for provider `faker.providers.date_time`. Locale reset to `en_US` for this provider. 行数: 101 文件名:factory.py
时间:2020-09-04 16:19:28,723  方法:_find_provider_class  级别:DEBUG  消息:Provider `faker.providers.file` does not feature localization. Specified locale `zh_CN` is not utilized for this provider. 行数: 118 文件名:factory.py
时间:2020-09-04 16:19:28,723  方法:_find_provider_class  级别:DEBUG  消息:Looking for locale `zh_CN` in provider `faker.providers.geo`. 行数: 91 文件名:factory.py
时间:2020-09-04 16:19:28,723  方法:_find_provider_class  级别:DEBUG  消息:Specified locale `zh_CN` is not available for provider `faker.providers.geo`. Locale reset to `en_US` for this provider. 行数: 101 文件名:factory.py
时间:2020-09-04 16:19:28,724  方法:_find_provider_class  级别:DEBUG  消息:Looking for locale `zh_CN` in provider `faker.providers.internet`. 行数: 91 文件名:factory.py
时间:2020-09-04 16:19:28,727  方法:_find_provider_class  级别:DEBUG  消息:Provider `faker.providers.internet` has been localized to `zh_CN`. 行数: 105 文件名:factory.py
时间:2020-09-04 16:19:28,728  方法:_find_provider_class  级别:DEBUG  消息:Provider `faker.providers.isbn` does not feature localization. Specified locale `zh_CN` is not utilized for this provider. 行数: 118 文件名:factory.py
时间:2020-09-04 16:19:28,728  方法:_find_provider_class  级别:DEBUG  消息:Looking for locale `zh_CN` in provider `faker.providers.job`. 行数: 91 文件名:factory.py
时间:2020-09-04 16:19:28,730  方法:_find_provider_class  级别:DEBUG  消息:Provider `faker.providers.job` has been localized to `zh_CN`. 行数: 105 文件名:factory.py
时间:2020-09-04 16:19:28,731  方法:_find_provider_class  级别:DEBUG  消息:Looking for locale `zh_CN` in provider `faker.providers.lorem`. 行数: 91 文件名:factory.py
时间:2020-09-04 16:19:28,732  方法:_find_provider_class  级别:DEBUG  消息:Provider `faker.providers.lorem` has been localized to `zh_CN`. 行数: 105 文件名:factory.py
时间:2020-09-04 16:19:28,733  方法:_find_provider_class  级别:DEBUG  消息:Looking for locale `zh_CN` in provider `faker.providers.misc`. 行数: 91 文件名:factory.py
时间:2020-09-04 16:19:28,734  方法:_find_provider_class  级别:DEBUG  消息:Specified locale `zh_CN` is not available for provider `faker.providers.misc`. Locale reset to `en_US` for this provider. 行数: 101 文件名:factory.py
时间:2020-09-04 16:19:28,734  方法:_find_provider_class  级别:DEBUG  消息:Looking for locale `zh_CN` in provider `faker.providers.person`. 行数: 91 文件名:factory.py
时间:2020-09-04 16:19:28,738  方法:_find_provider_class  级别:DEBUG  消息:Provider `faker.providers.person` has been localized to `zh_CN`. 行数: 105 文件名:factory.py
时间:2020-09-04 16:19:28,740  方法:_find_provider_class  级别:DEBUG  消息:Looking for locale `zh_CN` in provider `faker.providers.phone_number`. 行数: 91 文件名:factory.py
时间:2020-09-04 16:19:28,743  方法:_find_provider_class  级别:DEBUG  消息:Provider `faker.providers.phone_number` has been localized to `zh_CN`. 行数: 105 文件名:factory.py
时间:2020-09-04 16:19:28,744  方法:_find_provider_class  级别:DEBUG  消息:Provider `faker.providers.profile` does not feature localization. Specified locale `zh_CN` is not utilized for this provider. 行数: 118 文件名:factory.py
时间:2020-09-04 16:19:28,744  方法:_find_provider_class  级别:DEBUG  消息:Provider `faker.providers.python` does not feature localization. Specified locale `zh_CN` is not utilized for this provider. 行数: 118 文件名:factory.py
时间:2020-09-04 16:19:28,745  方法:_find_provider_class  级别:DEBUG  消息:Looking for locale `zh_CN` in provider `faker.providers.ssn`. 行数: 91 文件名:factory.py
时间:2020-09-04 16:19:28,748  方法:_find_provider_class  级别:DEBUG  消息:Provider `faker.providers.ssn` has been localized to `zh_CN`. 行数: 105 文件名:factory.py
时间:2020-09-04 16:19:28,750  方法:_find_provider_class  级别:DEBUG  消息:Provider `faker.providers.user_agent` does not feature localization. Specified locale `zh_CN` is not utilized for this provider. 行数: 118 文件名:factory.py
时间:2020-09-04 16:19:37,700  方法:_new_conn  级别:DEBUG  消息:Starting new HTTPS connection (1): 2007225007-site.pool202.yun300.cn:443 行数: 941 文件名:connectionpool.py
时间:2020-09-04 16:19:39,245  方法:_make_request  级别:DEBUG  消息:https://2007225007-site.pool202.yun300.cn:443 "POST /manager/gwforward/manager-webapi/interaction/manager/newcustomer/list?tenantId=205217 HTTP/1.1" 200 None 行数: 442 文件名:connectionpool.py
时间:2020-09-04 16:20:50,649  方法:<module>  级别:DEBUG  消息:Not in REPL -> leaving logger event level as is. 行数: 18 文件名:factory.py
时间:2020-09-04 16:20:50,650  方法:_find_provider_class  级别:DEBUG  消息:Looking for locale `zh_CN` in provider `faker.providers.address`. 行数: 91 文件名:factory.py
时间:2020-09-04 16:20:50,653  方法:_find_provider_class  级别:DEBUG  消息:Provider `faker.providers.address` has been localized to `zh_CN`. 行数: 105 文件名:factory.py
时间:2020-09-04 16:20:50,654  方法:_find_provider_class  级别:DEBUG  消息:Looking for locale `zh_CN` in provider `faker.providers.automotive`. 行数: 91 文件名:factory.py
时间:2020-09-04 16:20:50,665  方法:_find_provider_class  级别:DEBUG  消息:Specified locale `zh_CN` is not available for provider `faker.providers.automotive`. Locale reset to `en_US` for this provider. 行数: 101 文件名:factory.py
时间:2020-09-04 16:20:50,666  方法:_find_provider_class  级别:DEBUG  消息:Looking for locale `zh_CN` in provider `faker.providers.bank`. 行数: 91 文件名:factory.py
时间:2020-09-04 16:20:50,667  方法:_find_provider_class  级别:DEBUG  消息:Specified locale `zh_CN` is not available for provider `faker.providers.bank`. Locale reset to `en_GB` for this provider. 行数: 101 文件名:factory.py
时间:2020-09-04 16:20:50,668  方法:_find_provider_class  级别:DEBUG  消息:Looking for locale `zh_CN` in provider `faker.providers.barcode`. 行数: 91 文件名:factory.py
时间:2020-09-04 16:20:50,668  方法:_find_provider_class  级别:DEBUG  消息:Specified locale `zh_CN` is not available for provider `faker.providers.barcode`. Locale reset to `en_US` for this provider. 行数: 101 文件名:factory.py
时间:2020-09-04 16:20:50,670  方法:_find_provider_class  级别:DEBUG  消息:Looking for locale `zh_CN` in provider `faker.providers.color`. 行数: 91 文件名:factory.py
时间:2020-09-04 16:20:50,671  方法:_find_provider_class  级别:DEBUG  消息:Specified locale `zh_CN` is not available for provider `faker.providers.color`. Locale reset to `en_US` for this provider. 行数: 101 文件名:factory.py
时间:2020-09-04 16:20:50,672  方法:_find_provider_class  级别:DEBUG  消息:Looking for locale `zh_CN` in provider `faker.providers.company`. 行数: 91 文件名:factory.py
时间:2020-09-04 16:20:50,674  方法:_find_provider_class  级别:DEBUG  消息:Provider `faker.providers.company` has been localized to `zh_CN`. 行数: 105 文件名:factory.py
时间:2020-09-04 16:20:50,675  方法:_find_provider_class  级别:DEBUG  消息:Looking for locale `zh_CN` in provider `faker.providers.credit_card`. 行数: 91 文件名:factory.py
时间:2020-09-04 16:20:50,676  方法:_find_provider_class  级别:DEBUG  消息:Specified locale `zh_CN` is not available for provider `faker.providers.credit_card`. Locale reset to `en_US` for this provider. 行数: 101 文件名:factory.py
时间:2020-09-04 16:20:50,677  方法:_find_provider_class  级别:DEBUG  消息:Looking for locale `zh_CN` in provider `faker.providers.currency`. 行数: 91 文件名:factory.py
时间:2020-09-04 16:20:50,677  方法:_find_provider_class  级别:DEBUG  消息:Specified locale `zh_CN` is not available for provider `faker.providers.currency`. Locale reset to `en_US` for this provider. 行数: 101 文件名:factory.py
时间:2020-09-04 16:20:50,678  方法:_find_provider_class  级别:DEBUG  消息:Looking for locale `zh_CN` in provider `faker.providers.date_time`. 行数: 91 文件名:factory.py
时间:2020-09-04 16:20:50,680  方法:_find_provider_class  级别:DEBUG  消息:Specified locale `zh_CN` is not available for provider `faker.providers.date_time`. Locale reset to `en_US` for this provider. 行数: 101 文件名:factory.py
时间:2020-09-04 16:20:50,681  方法:_find_provider_class  级别:DEBUG  消息:Provider `faker.providers.file` does not feature localization. Specified locale `zh_CN` is not utilized for this provider. 行数: 118 文件名:factory.py
时间:2020-09-04 16:20:50,681  方法:_find_provider_class  级别:DEBUG  消息:Looking for locale `zh_CN` in provider `faker.providers.geo`. 行数: 91 文件名:factory.py
时间:2020-09-04 16:20:50,682  方法:_find_provider_class  级别:DEBUG  消息:Specified locale `zh_CN` is not available for provider `faker.providers.geo`. Locale reset to `en_US` for this provider. 行数: 101 文件名:factory.py
时间:2020-09-04 16:20:50,683  方法:_find_provider_class  级别:DEBUG  消息:Looking for locale `zh_CN` in provider `faker.providers.internet`. 行数: 91 文件名:factory.py
时间:2020-09-04 16:20:50,686  方法:_find_provider_class  级别:DEBUG  消息:Provider `faker.providers.internet` has been localized to `zh_CN`. 行数: 105 文件名:factory.py
时间:2020-09-04 16:20:50,687  方法:_find_provider_class  级别:DEBUG  消息:Provider `faker.providers.isbn` does not feature localization. Specified locale `zh_CN` is not utilized for this provider. 行数: 118 文件名:factory.py
时间:2020-09-04 16:20:50,687  方法:_find_provider_class  级别:DEBUG  消息:Looking for locale `zh_CN` in provider `faker.providers.job`. 行数: 91 文件名:factory.py
时间:2020-09-04 16:20:50,689  方法:_find_provider_class  级别:DEBUG  消息:Provider `faker.providers.job` has been localized to `zh_CN`. 行数: 105 文件名:factory.py
时间:2020-09-04 16:20:50,690  方法:_find_provider_class  级别:DEBUG  消息:Looking for locale `zh_CN` in provider `faker.providers.lorem`. 行数: 91 文件名:factory.py
时间:2020-09-04 16:20:50,691  方法:_find_provider_class  级别:DEBUG  消息:Provider `faker.providers.lorem` has been localized to `zh_CN`. 行数: 105 文件名:factory.py
时间:2020-09-04 16:20:50,692  方法:_find_provider_class  级别:DEBUG  消息:Looking for locale `zh_CN` in provider `faker.providers.misc`. 行数: 91 文件名:factory.py
时间:2020-09-04 16:20:50,692  方法:_find_provider_class  级别:DEBUG  消息:Specified locale `zh_CN` is not available for provider `faker.providers.misc`. Locale reset to `en_US` for this provider. 行数: 101 文件名:factory.py
时间:2020-09-04 16:20:50,693  方法:_find_provider_class  级别:DEBUG  消息:Looking for locale `zh_CN` in provider `faker.providers.person`. 行数: 91 文件名:factory.py
时间:2020-09-04 16:20:50,697  方法:_find_provider_class  级别:DEBUG  消息:Provider `faker.providers.person` has been localized to `zh_CN`. 行数: 105 文件名:factory.py
时间:2020-09-04 16:20:50,698  方法:_find_provider_class  级别:DEBUG  消息:Looking for locale `zh_CN` in provider `faker.providers.phone_number`. 行数: 91 文件名:factory.py
时间:2020-09-04 16:20:50,703  方法:_find_provider_class  级别:DEBUG  消息:Provider `faker.providers.phone_number` has been localized to `zh_CN`. 行数: 105 文件名:factory.py
时间:2020-09-04 16:20:50,703  方法:_find_provider_class  级别:DEBUG  消息:Provider `faker.providers.profile` does not feature localization. Specified locale `zh_CN` is not utilized for this provider. 行数: 118 文件名:factory.py
时间:2020-09-04 16:20:50,704  方法:_find_provider_class  级别:DEBUG  消息:Provider `faker.providers.python` does not feature localization. Specified locale `zh_CN` is not utilized for this provider. 行数: 118 文件名:factory.py
时间:2020-09-04 16:20:50,704  方法:_find_provider_class  级别:DEBUG  消息:Looking for locale `zh_CN` in provider `faker.providers.ssn`. 行数: 91 文件名:factory.py
时间:2020-09-04 16:20:50,707  方法:_find_provider_class  级别:DEBUG  消息:Provider `faker.providers.ssn` has been localized to `zh_CN`. 行数: 105 文件名:factory.py
时间:2020-09-04 16:20:50,709  方法:_find_provider_class  级别:DEBUG  消息:Provider `faker.providers.user_agent` does not feature localization. Specified locale `zh_CN` is not utilized for this provider. 行数: 118 文件名:factory.py
时间:2020-09-04 16:20:59,678  方法:_new_conn  级别:DEBUG  消息:Starting new HTTPS connection (1): 2007225007-site.pool202.yun300.cn:443 行数: 941 文件名:connectionpool.py
时间:2020-09-04 16:21:00,021  方法:_make_request  级别:DEBUG  消息:https://2007225007-site.pool202.yun300.cn:443 "POST /manager/gwforward/manager-webapi/interaction/manager/newcustomer/list?tenantId=205217 HTTP/1.1" 200 None 行数: 442 文件名:connectionpool.py
时间:2020-09-04 16:21:44,890  方法:<module>  级别:DEBUG  消息:Not in REPL -> leaving logger event level as is. 行数: 18 文件名:factory.py
时间:2020-09-04 16:21:44,891  方法:_find_provider_class  级别:DEBUG  消息:Looking for locale `zh_CN` in provider `faker.providers.address`. 行数: 91 文件名:factory.py
时间:2020-09-04 16:21:44,894  方法:_find_provider_class  级别:DEBUG  消息:Provider `faker.providers.address` has been localized to `zh_CN`. 行数: 105 文件名:factory.py
时间:2020-09-04 16:21:44,895  方法:_find_provider_class  级别:DEBUG  消息:Looking for locale `zh_CN` in provider `faker.providers.automotive`. 行数: 91 文件名:factory.py
时间:2020-09-04 16:21:44,906  方法:_find_provider_class  级别:DEBUG  消息:Specified locale `zh_CN` is not available for provider `faker.providers.automotive`. Locale reset to `en_US` for this provider. 行数: 101 文件名:factory.py
时间:2020-09-04 16:21:44,907  方法:_find_provider_class  级别:DEBUG  消息:Looking for locale `zh_CN` in provider `faker.providers.bank`. 行数: 91 文件名:factory.py
时间:2020-09-04 16:21:44,908  方法:_find_provider_class  级别:DEBUG  消息:Specified locale `zh_CN` is not available for provider `faker.providers.bank`. Locale reset to `en_GB` for this provider. 行数: 101 文件名:factory.py
时间:2020-09-04 16:21:44,909  方法:_find_provider_class  级别:DEBUG  消息:Looking for locale `zh_CN` in provider `faker.providers.barcode`. 行数: 91 文件名:factory.py
时间:2020-09-04 16:21:44,909  方法:_find_provider_class  级别:DEBUG  消息:Specified locale `zh_CN` is not available for provider `faker.providers.barcode`. Locale reset to `en_US` for this provider. 行数: 101 文件名:factory.py
时间:2020-09-04 16:21:44,911  方法:_find_provider_class  级别:DEBUG  消息:Looking for locale `zh_CN` in provider `faker.providers.color`. 行数: 91 文件名:factory.py
时间:2020-09-04 16:21:44,912  方法:_find_provider_class  级别:DEBUG  消息:Specified locale `zh_CN` is not available for provider `faker.providers.color`. Locale reset to `en_US` for this provider. 行数: 101 文件名:factory.py
时间:2020-09-04 16:21:44,913  方法:_find_provider_class  级别:DEBUG  消息:Looking for locale `zh_CN` in provider `faker.providers.company`. 行数: 91 文件名:factory.py
时间:2020-09-04 16:21:44,915  方法:_find_provider_class  级别:DEBUG  消息:Provider `faker.providers.company` has been localized to `zh_CN`. 行数: 105 文件名:factory.py
时间:2020-09-04 16:21:44,916  方法:_find_provider_class  级别:DEBUG  消息:Looking for locale `zh_CN` in provider `faker.providers.credit_card`. 行数: 91 文件名:factory.py
时间:2020-09-04 16:21:44,916  方法:_find_provider_class  级别:DEBUG  消息:Specified locale `zh_CN` is not available for provider `faker.providers.credit_card`. Locale reset to `en_US` for this provider. 行数: 101 文件名:factory.py
时间:2020-09-04 16:21:44,917  方法:_find_provider_class  级别:DEBUG  消息:Looking for locale `zh_CN` in provider `faker.providers.currency`. 行数: 91 文件名:factory.py
时间:2020-09-04 16:21:44,918  方法:_find_provider_class  级别:DEBUG  消息:Specified locale `zh_CN` is not available for provider `faker.providers.currency`. Locale reset to `en_US` for this provider. 行数: 101 文件名:factory.py
时间:2020-09-04 16:21:44,918  方法:_find_provider_class  级别:DEBUG  消息:Looking for locale `zh_CN` in provider `faker.providers.date_time`. 行数: 91 文件名:factory.py
时间:2020-09-04 16:21:44,920  方法:_find_provider_class  级别:DEBUG  消息:Specified locale `zh_CN` is not available for provider `faker.providers.date_time`. Locale reset to `en_US` for this provider. 行数: 101 文件名:factory.py
时间:2020-09-04 16:21:44,921  方法:_find_provider_class  级别:DEBUG  消息:Provider `faker.providers.file` does not feature localization. Specified locale `zh_CN` is not utilized for this provider. 行数: 118 文件名:factory.py
时间:2020-09-04 16:21:44,921  方法:_find_provider_class  级别:DEBUG  消息:Looking for locale `zh_CN` in provider `faker.providers.geo`. 行数: 91 文件名:factory.py
时间:2020-09-04 16:21:44,922  方法:_find_provider_class  级别:DEBUG  消息:Specified locale `zh_CN` is not available for provider `faker.providers.geo`. Locale reset to `en_US` for this provider. 行数: 101 文件名:factory.py
时间:2020-09-04 16:21:44,923  方法:_find_provider_class  级别:DEBUG  消息:Looking for locale `zh_CN` in provider `faker.providers.internet`. 行数: 91 文件名:factory.py
时间:2020-09-04 16:21:44,926  方法:_find_provider_class  级别:DEBUG  消息:Provider `faker.providers.internet` has been localized to `zh_CN`. 行数: 105 文件名:factory.py
时间:2020-09-04 16:21:44,927  方法:_find_provider_class  级别:DEBUG  消息:Provider `faker.providers.isbn` does not feature localization. Specified locale `zh_CN` is not utilized for this provider. 行数: 118 文件名:factory.py
时间:2020-09-04 16:21:44,927  方法:_find_provider_class  级别:DEBUG  消息:Looking for locale `zh_CN` in provider `faker.providers.job`. 行数: 91 文件名:factory.py
时间:2020-09-04 16:21:44,929  方法:_find_provider_class  级别:DEBUG  消息:Provider `faker.providers.job` has been localized to `zh_CN`. 行数: 105 文件名:factory.py
时间:2020-09-04 16:21:44,929  方法:_find_provider_class  级别:DEBUG  消息:Looking for locale `zh_CN` in provider `faker.providers.lorem`. 行数: 91 文件名:factory.py
时间:2020-09-04 16:21:44,931  方法:_find_provider_class  级别:DEBUG  消息:Provider `faker.providers.lorem` has been localized to `zh_CN`. 行数: 105 文件名:factory.py
时间:2020-09-04 16:21:44,932  方法:_find_provider_class  级别:DEBUG  消息:Looking for locale `zh_CN` in provider `faker.providers.misc`. 行数: 91 文件名:factory.py
时间:2020-09-04 16:21:44,932  方法:_find_provider_class  级别:DEBUG  消息:Specified locale `zh_CN` is not available for provider `faker.providers.misc`. Locale reset to `en_US` for this provider. 行数: 101 文件名:factory.py
时间:2020-09-04 16:21:44,933  方法:_find_provider_class  级别:DEBUG  消息:Looking for locale `zh_CN` in provider `faker.providers.person`. 行数: 91 文件名:factory.py
时间:2020-09-04 16:21:44,937  方法:_find_provider_class  级别:DEBUG  消息:Provider `faker.providers.person` has been localized to `zh_CN`. 行数: 105 文件名:factory.py
时间:2020-09-04 16:21:44,938  方法:_find_provider_class  级别:DEBUG  消息:Looking for locale `zh_CN` in provider `faker.providers.phone_number`. 行数: 91 文件名:factory.py
时间:2020-09-04 16:21:44,943  方法:_find_provider_class  级别:DEBUG  消息:Provider `faker.providers.phone_number` has been localized to `zh_CN`. 行数: 105 文件名:factory.py
时间:2020-09-04 16:21:44,944  方法:_find_provider_class  级别:DEBUG  消息:Provider `faker.providers.profile` does not feature localization. Specified locale `zh_CN` is not utilized for this provider. 行数: 118 文件名:factory.py
时间:2020-09-04 16:21:44,944  方法:_find_provider_class  级别:DEBUG  消息:Provider `faker.providers.python` does not feature localization. Specified locale `zh_CN` is not utilized for this provider. 行数: 118 文件名:factory.py
时间:2020-09-04 16:21:44,944  方法:_find_provider_class  级别:DEBUG  消息:Looking for locale `zh_CN` in provider `faker.providers.ssn`. 行数: 91 文件名:factory.py
时间:2020-09-04 16:21:44,947  方法:_find_provider_class  级别:DEBUG  消息:Provider `faker.providers.ssn` has been localized to `zh_CN`. 行数: 105 文件名:factory.py
时间:2020-09-04 16:21:44,949  方法:_find_provider_class  级别:DEBUG  消息:Provider `faker.providers.user_agent` does not feature localization. Specified locale `zh_CN` is not utilized for this provider. 行数: 118 文件名:factory.py
时间:2020-09-04 16:21:53,728  方法:_new_conn  级别:DEBUG  消息:Starting new HTTPS connection (1): 2007225007-site.pool202.yun300.cn:443 行数: 941 文件名:connectionpool.py
时间:2020-09-04 16:21:55,107  方法:_make_request  级别:DEBUG  消息:https://2007225007-site.pool202.yun300.cn:443 "POST /manager/gwforward/manager-webapi/interaction/manager/newcustomer/list?tenantId=205217 HTTP/1.1" 200 None 行数: 442 文件名:connectionpool.py
时间:2020-09-04 16:25:12,585  方法:<module>  级别:DEBUG  消息:Not in REPL -> leaving logger event level as is. 行数: 18 文件名:factory.py
时间:2020-09-04 16:25:12,586  方法:_find_provider_class  级别:DEBUG  消息:Looking for locale `zh_CN` in provider `faker.providers.address`. 行数: 91 文件名:factory.py
时间:2020-09-04 16:25:12,590  方法:_find_provider_class  级别:DEBUG  消息:Provider `faker.providers.address` has been localized to `zh_CN`. 行数: 105 文件名:factory.py
时间:2020-09-04 16:25:12,591  方法:_find_provider_class  级别:DEBUG  消息:Looking for locale `zh_CN` in provider `faker.providers.automotive`. 行数: 91 文件名:factory.py
时间:2020-09-04 16:25:12,601  方法:_find_provider_class  级别:DEBUG  消息:Specified locale `zh_CN` is not available for provider `faker.providers.automotive`. Locale reset to `en_US` for this provider. 行数: 101 文件名:factory.py
时间:2020-09-04 16:25:12,602  方法:_find_provider_class  级别:DEBUG  消息:Looking for locale `zh_CN` in provider `faker.providers.bank`. 行数: 91 文件名:factory.py
时间:2020-09-04 16:25:12,603  方法:_find_provider_class  级别:DEBUG  消息:Specified locale `zh_CN` is not available for provider `faker.providers.bank`. Locale reset to `en_GB` for this provider. 行数: 101 文件名:factory.py
时间:2020-09-04 16:25:12,604  方法:_find_provider_class  级别:DEBUG  消息:Looking for locale `zh_CN` in provider `faker.providers.barcode`. 行数: 91 文件名:factory.py
时间:2020-09-04 16:25:12,605  方法:_find_provider_class  级别:DEBUG  消息:Specified locale `zh_CN` is not available for provider `faker.providers.barcode`. Locale reset to `en_US` for this provider. 行数: 101 文件名:factory.py
时间:2020-09-04 16:25:12,606  方法:_find_provider_class  级别:DEBUG  消息:Looking for locale `zh_CN` in provider `faker.providers.color`. 行数: 91 文件名:factory.py
时间:2020-09-04 16:25:12,607  方法:_find_provider_class  级别:DEBUG  消息:Specified locale `zh_CN` is not available for provider `faker.providers.color`. Locale reset to `en_US` for this provider. 行数: 101 文件名:factory.py
时间:2020-09-04 16:25:12,608  方法:_find_provider_class  级别:DEBUG  消息:Looking for locale `zh_CN` in provider `faker.providers.company`. 行数: 91 文件名:factory.py
时间:2020-09-04 16:25:12,610  方法:_find_provider_class  级别:DEBUG  消息:Provider `faker.providers.company` has been localized to `zh_CN`. 行数: 105 文件名:factory.py
时间:2020-09-04 16:25:12,611  方法:_find_provider_class  级别:DEBUG  消息:Looking for locale `zh_CN` in provider `faker.providers.credit_card`. 行数: 91 文件名:factory.py
时间:2020-09-04 16:25:12,612  方法:_find_provider_class  级别:DEBUG  消息:Specified locale `zh_CN` is not available for provider `faker.providers.credit_card`. Locale reset to `en_US` for this provider. 行数: 101 文件名:factory.py
时间:2020-09-04 16:25:12,613  方法:_find_provider_class  级别:DEBUG  消息:Looking for locale `zh_CN` in provider `faker.providers.currency`. 行数: 91 文件名:factory.py
时间:2020-09-04 16:25:12,613  方法:_find_provider_class  级别:DEBUG  消息:Specified locale `zh_CN` is not available for provider `faker.providers.currency`. Locale reset to `en_US` for this provider. 行数: 101 文件名:factory.py
时间:2020-09-04 16:25:12,614  方法:_find_provider_class  级别:DEBUG  消息:Looking for locale `zh_CN` in provider `faker.providers.date_time`. 行数: 91 文件名:factory.py
时间:2020-09-04 16:25:12,616  方法:_find_provider_class  级别:DEBUG  消息:Specified locale `zh_CN` is not available for provider `faker.providers.date_time`. Locale reset to `en_US` for this provider. 行数: 101 文件名:factory.py
时间:2020-09-04 16:25:12,617  方法:_find_provider_class  级别:DEBUG  消息:Provider `faker.providers.file` does not feature localization. Specified locale `zh_CN` is not utilized for this provider. 行数: 118 文件名:factory.py
时间:2020-09-04 16:25:12,617  方法:_find_provider_class  级别:DEBUG  消息:Looking for locale `zh_CN` in provider `faker.providers.geo`. 行数: 91 文件名:factory.py
时间:2020-09-04 16:25:12,617  方法:_find_provider_class  级别:DEBUG  消息:Specified locale `zh_CN` is not available for provider `faker.providers.geo`. Locale reset to `en_US` for this provider. 行数: 101 文件名:factory.py
时间:2020-09-04 16:25:12,618  方法:_find_provider_class  级别:DEBUG  消息:Looking for locale `zh_CN` in provider `faker.providers.internet`. 行数: 91 文件名:factory.py
时间:2020-09-04 16:25:12,621  方法:_find_provider_class  级别:DEBUG  消息:Provider `faker.providers.internet` has been localized to `zh_CN`. 行数: 105 文件名:factory.py
时间:2020-09-04 16:25:12,622  方法:_find_provider_class  级别:DEBUG  消息:Provider `faker.providers.isbn` does not feature localization. Specified locale `zh_CN` is not utilized for this provider. 行数: 118 文件名:factory.py
时间:2020-09-04 16:25:12,622  方法:_find_provider_class  级别:DEBUG  消息:Looking for locale `zh_CN` in provider `faker.providers.job`. 行数: 91 文件名:factory.py
时间:2020-09-04 16:25:12,624  方法:_find_provider_class  级别:DEBUG  消息:Provider `faker.providers.job` has been localized to `zh_CN`. 行数: 105 文件名:factory.py
时间:2020-09-04 16:25:12,625  方法:_find_provider_class  级别:DEBUG  消息:Looking for locale `zh_CN` in provider `faker.providers.lorem`. 行数: 91 文件名:factory.py
时间:2020-09-04 16:25:12,626  方法:_find_provider_class  级别:DEBUG  消息:Provider `faker.providers.lorem` has been localized to `zh_CN`. 行数: 105 文件名:factory.py
时间:2020-09-04 16:25:12,627  方法:_find_provider_class  级别:DEBUG  消息:Looking for locale `zh_CN` in provider `faker.providers.misc`. 行数: 91 文件名:factory.py
时间:2020-09-04 16:25:12,628  方法:_find_provider_class  级别:DEBUG  消息:Specified locale `zh_CN` is not available for provider `faker.providers.misc`. Locale reset to `en_US` for this provider. 行数: 101 文件名:factory.py
时间:2020-09-04 16:25:12,628  方法:_find_provider_class  级别:DEBUG  消息:Looking for locale `zh_CN` in provider `faker.providers.person`. 行数: 91 文件名:factory.py
时间:2020-09-04 16:25:12,633  方法:_find_provider_class  级别:DEBUG  消息:Provider `faker.providers.person` has been localized to `zh_CN`. 行数: 105 文件名:factory.py
时间:2020-09-04 16:25:12,634  方法:_find_provider_class  级别:DEBUG  消息:Looking for locale `zh_CN` in provider `faker.providers.phone_number`. 行数: 91 文件名:factory.py
时间:2020-09-04 16:25:12,638  方法:_find_provider_class  级别:DEBUG  消息:Provider `faker.providers.phone_number` has been localized to `zh_CN`. 行数: 105 文件名:factory.py
时间:2020-09-04 16:25:12,639  方法:_find_provider_class  级别:DEBUG  消息:Provider `faker.providers.profile` does not feature localization. Specified locale `zh_CN` is not utilized for this provider. 行数: 118 文件名:factory.py
时间:2020-09-04 16:25:12,639  方法:_find_provider_class  级别:DEBUG  消息:Provider `faker.providers.python` does not feature localization. Specified locale `zh_CN` is not utilized for this provider. 行数: 118 文件名:factory.py
时间:2020-09-04 16:25:12,639  方法:_find_provider_class  级别:DEBUG  消息:Looking for locale `zh_CN` in provider `faker.providers.ssn`. 行数: 91 文件名:factory.py
时间:2020-09-04 16:25:12,643  方法:_find_provider_class  级别:DEBUG  消息:Provider `faker.providers.ssn` has been localized to `zh_CN`. 行数: 105 文件名:factory.py
时间:2020-09-04 16:25:12,644  方法:_find_provider_class  级别:DEBUG  消息:Provider `faker.providers.user_agent` does not feature localization. Specified locale `zh_CN` is not utilized for this provider. 行数: 118 文件名:factory.py
时间:2020-09-04 16:25:21,590  方法:_new_conn  级别:DEBUG  消息:Starting new HTTPS connection (1): 2007225007-site.pool202.yun300.cn:443 行数: 941 文件名:connectionpool.py
时间:2020-09-04 16:25:22,453  方法:_make_request  级别:DEBUG  消息:https://2007225007-site.pool202.yun300.cn:443 "POST /manager/gwforward/manager-webapi/interaction/manager/newcustomer/list?tenantId=205217 HTTP/1.1" 200 None 行数: 442 文件名:connectionpool.py
时间:2020-09-04 16:32:15,469  方法:<module>  级别:DEBUG  消息:Not in REPL -> leaving logger event level as is. 行数: 18 文件名:factory.py
时间:2020-09-04 16:32:15,470  方法:_find_provider_class  级别:DEBUG  消息:Looking for locale `zh_CN` in provider `faker.providers.address`. 行数: 91 文件名:factory.py
时间:2020-09-04 16:32:15,474  方法:_find_provider_class  级别:DEBUG  消息:Provider `faker.providers.address` has been localized to `zh_CN`. 行数: 105 文件名:factory.py
时间:2020-09-04 16:32:15,475  方法:_find_provider_class  级别:DEBUG  消息:Looking for locale `zh_CN` in provider `faker.providers.automotive`. 行数: 91 文件名:factory.py
时间:2020-09-04 16:32:15,485  方法:_find_provider_class  级别:DEBUG  消息:Specified locale `zh_CN` is not available for provider `faker.providers.automotive`. Locale reset to `en_US` for this provider. 行数: 101 文件名:factory.py
时间:2020-09-04 16:32:15,486  方法:_find_provider_class  级别:DEBUG  消息:Looking for locale `zh_CN` in provider `faker.providers.bank`. 行数: 91 文件名:factory.py
时间:2020-09-04 16:32:15,487  方法:_find_provider_class  级别:DEBUG  消息:Specified locale `zh_CN` is not available for provider `faker.providers.bank`. Locale reset to `en_GB` for this provider. 行数: 101 文件名:factory.py
时间:2020-09-04 16:32:15,488  方法:_find_provider_class  级别:DEBUG  消息:Looking for locale `zh_CN` in provider `faker.providers.barcode`. 行数: 91 文件名:factory.py
时间:2020-09-04 16:32:15,489  方法:_find_provider_class  级别:DEBUG  消息:Specified locale `zh_CN` is not available for provider `faker.providers.barcode`. Locale reset to `en_US` for this provider. 行数: 101 文件名:factory.py
时间:2020-09-04 16:32:15,490  方法:_find_provider_class  级别:DEBUG  消息:Looking for locale `zh_CN` in provider `faker.providers.color`. 行数: 91 文件名:factory.py
时间:2020-09-04 16:32:15,491  方法:_find_provider_class  级别:DEBUG  消息:Specified locale `zh_CN` is not available for provider `faker.providers.color`. Locale reset to `en_US` for this provider. 行数: 101 文件名:factory.py
时间:2020-09-04 16:32:15,492  方法:_find_provider_class  级别:DEBUG  消息:Looking for locale `zh_CN` in provider `faker.providers.company`. 行数: 91 文件名:factory.py
时间:2020-09-04 16:32:15,495  方法:_find_provider_class  级别:DEBUG  消息:Provider `faker.providers.company` has been localized to `zh_CN`. 行数: 105 文件名:factory.py
时间:2020-09-04 16:32:15,495  方法:_find_provider_class  级别:DEBUG  消息:Looking for locale `zh_CN` in provider `faker.providers.credit_card`. 行数: 91 文件名:factory.py
时间:2020-09-04 16:32:15,496  方法:_find_provider_class  级别:DEBUG  消息:Specified locale `zh_CN` is not available for provider `faker.providers.credit_card`. Locale reset to `en_US` for this provider. 行数: 101 文件名:factory.py
时间:2020-09-04 16:32:15,497  方法:_find_provider_class  级别:DEBUG  消息:Looking for locale `zh_CN` in provider `faker.providers.currency`. 行数: 91 文件名:factory.py
时间:2020-09-04 16:32:15,497  方法:_find_provider_class  级别:DEBUG  消息:Specified locale `zh_CN` is not available for provider `faker.providers.currency`. Locale reset to `en_US` for this provider. 行数: 101 文件名:factory.py
时间:2020-09-04 16:32:15,498  方法:_find_provider_class  级别:DEBUG  消息:Looking for locale `zh_CN` in provider `faker.providers.date_time`. 行数: 91 文件名:factory.py
时间:2020-09-04 16:32:15,500  方法:_find_provider_class  级别:DEBUG  消息:Specified locale `zh_CN` is not available for provider `faker.providers.date_time`. Locale reset to `en_US` for this provider. 行数: 101 文件名:factory.py
时间:2020-09-04 16:32:15,501  方法:_find_provider_class  级别:DEBUG  消息:Provider `faker.providers.file` does not feature localization. Specified locale `zh_CN` is not utilized for this provider. 行数: 118 文件名:factory.py
时间:2020-09-04 16:32:15,501  方法:_find_provider_class  级别:DEBUG  消息:Looking for locale `zh_CN` in provider `faker.providers.geo`. 行数: 91 文件名:factory.py
时间:2020-09-04 16:32:15,502  方法:_find_provider_class  级别:DEBUG  消息:Specified locale `zh_CN` is not available for provider `faker.providers.geo`. Locale reset to `en_US` for this provider. 行数: 101 文件名:factory.py
时间:2020-09-04 16:32:15,502  方法:_find_provider_class  级别:DEBUG  消息:Looking for locale `zh_CN` in provider `faker.providers.internet`. 行数: 91 文件名:factory.py
时间:2020-09-04 16:32:15,505  方法:_find_provider_class  级别:DEBUG  消息:Provider `faker.providers.internet` has been localized to `zh_CN`. 行数: 105 文件名:factory.py
时间:2020-09-04 16:32:15,506  方法:_find_provider_class  级别:DEBUG  消息:Provider `faker.providers.isbn` does not feature localization. Specified locale `zh_CN` is not utilized for this provider. 行数: 118 文件名:factory.py
时间:2020-09-04 16:32:15,506  方法:_find_provider_class  级别:DEBUG  消息:Looking for locale `zh_CN` in provider `faker.providers.job`. 行数: 91 文件名:factory.py
时间:2020-09-04 16:32:15,508  方法:_find_provider_class  级别:DEBUG  消息:Provider `faker.providers.job` has been localized to `zh_CN`. 行数: 105 文件名:factory.py
时间:2020-09-04 16:32:15,509  方法:_find_provider_class  级别:DEBUG  消息:Looking for locale `zh_CN` in provider `faker.providers.lorem`. 行数: 91 文件名:factory.py
时间:2020-09-04 16:32:15,510  方法:_find_provider_class  级别:DEBUG  消息:Provider `faker.providers.lorem` has been localized to `zh_CN`. 行数: 105 文件名:factory.py
时间:2020-09-04 16:32:15,511  方法:_find_provider_class  级别:DEBUG  消息:Looking for locale `zh_CN` in provider `faker.providers.misc`. 行数: 91 文件名:factory.py
时间:2020-09-04 16:32:15,512  方法:_find_provider_class  级别:DEBUG  消息:Specified locale `zh_CN` is not available for provider `faker.providers.misc`. Locale reset to `en_US` for this provider. 行数: 101 文件名:factory.py
时间:2020-09-04 16:32:15,512  方法:_find_provider_class  级别:DEBUG  消息:Looking for locale `zh_CN` in provider `faker.providers.person`. 行数: 91 文件名:factory.py
时间:2020-09-04 16:32:15,517  方法:_find_provider_class  级别:DEBUG  消息:Provider `faker.providers.person` has been localized to `zh_CN`. 行数: 105 文件名:factory.py
时间:2020-09-04 16:32:15,518  方法:_find_provider_class  级别:DEBUG  消息:Looking for locale `zh_CN` in provider `faker.providers.phone_number`. 行数: 91 文件名:factory.py
时间:2020-09-04 16:32:15,522  方法:_find_provider_class  级别:DEBUG  消息:Provider `faker.providers.phone_number` has been localized to `zh_CN`. 行数: 105 文件名:factory.py
时间:2020-09-04 16:32:15,523  方法:_find_provider_class  级别:DEBUG  消息:Provider `faker.providers.profile` does not feature localization. Specified locale `zh_CN` is not utilized for this provider. 行数: 118 文件名:factory.py
时间:2020-09-04 16:32:15,523  方法:_find_provider_class  级别:DEBUG  消息:Provider `faker.providers.python` does not feature localization. Specified locale `zh_CN` is not utilized for this provider. 行数: 118 文件名:factory.py
时间:2020-09-04 16:32:15,523  方法:_find_provider_class  级别:DEBUG  消息:Looking for locale `zh_CN` in provider `faker.providers.ssn`. 行数: 91 文件名:factory.py
时间:2020-09-04 16:32:15,527  方法:_find_provider_class  级别:DEBUG  消息:Provider `faker.providers.ssn` has been localized to `zh_CN`. 行数: 105 文件名:factory.py
时间:2020-09-04 16:32:15,528  方法:_find_provider_class  级别:DEBUG  消息:Provider `faker.providers.user_agent` does not feature localization. Specified locale `zh_CN` is not utilized for this provider. 行数: 118 文件名:factory.py
时间:2020-09-04 16:32:24,411  方法:_new_conn  级别:DEBUG  消息:Starting new HTTPS connection (1): 2007225007-site.pool202.yun300.cn:443 行数: 941 文件名:connectionpool.py
时间:2020-09-04 16:32:25,065  方法:_make_request  级别:DEBUG  消息:https://2007225007-site.pool202.yun300.cn:443 "POST /manager/gwforward/manager-webapi/interaction/manager/newcustomer/findTips?tenantId=205217 HTTP/1.1" 200 None 行数: 442 文件名:connectionpool.py
时间:2020-09-04 16:53:35,425  方法:<module>  级别:DEBUG  消息:Not in REPL -> leaving logger event level as is. 行数: 18 文件名:factory.py
时间:2020-09-04 16:53:35,426  方法:_find_provider_class  级别:DEBUG  消息:Looking for locale `zh_CN` in provider `faker.providers.address`. 行数: 91 文件名:factory.py
时间:2020-09-04 16:53:35,429  方法:_find_provider_class  级别:DEBUG  消息:Provider `faker.providers.address` has been localized to `zh_CN`. 行数: 105 文件名:factory.py
时间:2020-09-04 16:53:35,430  方法:_find_provider_class  级别:DEBUG  消息:Looking for locale `zh_CN` in provider `faker.providers.automotive`. 行数: 91 文件名:factory.py
时间:2020-09-04 16:53:35,441  方法:_find_provider_class  级别:DEBUG  消息:Specified locale `zh_CN` is not available for provider `faker.providers.automotive`. Locale reset to `en_US` for this provider. 行数: 101 文件名:factory.py
时间:2020-09-04 16:53:35,441  方法:_find_provider_class  级别:DEBUG  消息:Looking for locale `zh_CN` in provider `faker.providers.bank`. 行数: 91 文件名:factory.py
时间:2020-09-04 16:53:35,442  方法:_find_provider_class  级别:DEBUG  消息:Specified locale `zh_CN` is not available for provider `faker.providers.bank`. Locale reset to `en_GB` for this provider. 行数: 101 文件名:factory.py
时间:2020-09-04 16:53:35,443  方法:_find_provider_class  级别:DEBUG  消息:Looking for locale `zh_CN` in provider `faker.providers.barcode`. 行数: 91 文件名:factory.py
时间:2020-09-04 16:53:35,444  方法:_find_provider_class  级别:DEBUG  消息:Specified locale `zh_CN` is not available for provider `faker.providers.barcode`. Locale reset to `en_US` for this provider. 行数: 101 文件名:factory.py
时间:2020-09-04 16:53:35,445  方法:_find_provider_class  级别:DEBUG  消息:Looking for locale `zh_CN` in provider `faker.providers.color`. 行数: 91 文件名:factory.py
时间:2020-09-04 16:53:35,446  方法:_find_provider_class  级别:DEBUG  消息:Specified locale `zh_CN` is not available for provider `faker.providers.color`. Locale reset to `en_US` for this provider. 行数: 101 文件名:factory.py
时间:2020-09-04 16:53:35,447  方法:_find_provider_class  级别:DEBUG  消息:Looking for locale `zh_CN` in provider `faker.providers.company`. 行数: 91 文件名:factory.py
时间:2020-09-04 16:53:35,449  方法:_find_provider_class  级别:DEBUG  消息:Provider `faker.providers.company` has been localized to `zh_CN`. 行数: 105 文件名:factory.py
时间:2020-09-04 16:53:35,450  方法:_find_provider_class  级别:DEBUG  消息:Looking for locale `zh_CN` in provider `faker.providers.credit_card`. 行数: 91 文件名:factory.py
时间:2020-09-04 16:53:35,451  方法:_find_provider_class  级别:DEBUG  消息:Specified locale `zh_CN` is not available for provider `faker.providers.credit_card`. Locale reset to `en_US` for this provider. 行数: 101 文件名:factory.py
时间:2020-09-04 16:53:35,451  方法:_find_provider_class  级别:DEBUG  消息:Looking for locale `zh_CN` in provider `faker.providers.currency`. 行数: 91 文件名:factory.py
时间:2020-09-04 16:53:35,452  方法:_find_provider_class  级别:DEBUG  消息:Specified locale `zh_CN` is not available for provider `faker.providers.currency`. Locale reset to `en_US` for this provider. 行数: 101 文件名:factory.py
时间:2020-09-04 16:53:35,453  方法:_find_provider_class  级别:DEBUG  消息:Looking for locale `zh_CN` in provider `faker.providers.date_time`. 行数: 91 文件名:factory.py
时间:2020-09-04 16:53:35,455  方法:_find_provider_class  级别:DEBUG  消息:Specified locale `zh_CN` is not available for provider `faker.providers.date_time`. Locale reset to `en_US` for this provider. 行数: 101 文件名:factory.py
时间:2020-09-04 16:53:35,455  方法:_find_provider_class  级别:DEBUG  消息:Provider `faker.providers.file` does not feature localization. Specified locale `zh_CN` is not utilized for this provider. 行数: 118 文件名:factory.py
时间:2020-09-04 16:53:35,455  方法:_find_provider_class  级别:DEBUG  消息:Looking for locale `zh_CN` in provider `faker.providers.geo`. 行数: 91 文件名:factory.py
时间:2020-09-04 16:53:35,456  方法:_find_provider_class  级别:DEBUG  消息:Specified locale `zh_CN` is not available for provider `faker.providers.geo`. Locale reset to `en_US` for this provider. 行数: 101 文件名:factory.py
时间:2020-09-04 16:53:35,457  方法:_find_provider_class  级别:DEBUG  消息:Looking for locale `zh_CN` in provider `faker.providers.internet`. 行数: 91 文件名:factory.py
时间:2020-09-04 16:53:35,459  方法:_find_provider_class  级别:DEBUG  消息:Provider `faker.providers.internet` has been localized to `zh_CN`. 行数: 105 文件名:factory.py
时间:2020-09-04 16:53:35,460  方法:_find_provider_class  级别:DEBUG  消息:Provider `faker.providers.isbn` does not feature localization. Specified locale `zh_CN` is not utilized for this provider. 行数: 118 文件名:factory.py
时间:2020-09-04 16:53:35,460  方法:_find_provider_class  级别:DEBUG  消息:Looking for locale `zh_CN` in provider `faker.providers.job`. 行数: 91 文件名:factory.py
时间:2020-09-04 16:53:35,462  方法:_find_provider_class  级别:DEBUG  消息:Provider `faker.providers.job` has been localized to `zh_CN`. 行数: 105 文件名:factory.py
时间:2020-09-04 16:53:35,463  方法:_find_provider_class  级别:DEBUG  消息:Looking for locale `zh_CN` in provider `faker.providers.lorem`. 行数: 91 文件名:factory.py
时间:2020-09-04 16:53:35,464  方法:_find_provider_class  级别:DEBUG  消息:Provider `faker.providers.lorem` has been localized to `zh_CN`. 行数: 105 文件名:factory.py
时间:2020-09-04 16:53:35,465  方法:_find_provider_class  级别:DEBUG  消息:Looking for locale `zh_CN` in provider `faker.providers.misc`. 行数: 91 文件名:factory.py
时间:2020-09-04 16:53:35,466  方法:_find_provider_class  级别:DEBUG  消息:Specified locale `zh_CN` is not available for provider `faker.providers.misc`. Locale reset to `en_US` for this provider. 行数: 101 文件名:factory.py
时间:2020-09-04 16:53:35,467  方法:_find_provider_class  级别:DEBUG  消息:Looking for locale `zh_CN` in provider `faker.providers.person`. 行数: 91 文件名:factory.py
时间:2020-09-04 16:53:35,471  方法:_find_provider_class  级别:DEBUG  消息:Provider `faker.providers.person` has been localized to `zh_CN`. 行数: 105 文件名:factory.py
时间:2020-09-04 16:53:35,472  方法:_find_provider_class  级别:DEBUG  消息:Looking for locale `zh_CN` in provider `faker.providers.phone_number`. 行数: 91 文件名:factory.py
时间:2020-09-04 16:53:35,476  方法:_find_provider_class  级别:DEBUG  消息:Provider `faker.providers.phone_number` has been localized to `zh_CN`. 行数: 105 文件名:factory.py
时间:2020-09-04 16:53:35,477  方法:_find_provider_class  级别:DEBUG  消息:Provider `faker.providers.profile` does not feature localization. Specified locale `zh_CN` is not utilized for this provider. 行数: 118 文件名:factory.py
时间:2020-09-04 16:53:35,477  方法:_find_provider_class  级别:DEBUG  消息:Provider `faker.providers.python` does not feature localization. Specified locale `zh_CN` is not utilized for this provider. 行数: 118 文件名:factory.py
时间:2020-09-04 16:53:35,477  方法:_find_provider_class  级别:DEBUG  消息:Looking for locale `zh_CN` in provider `faker.providers.ssn`. 行数: 91 文件名:factory.py
时间:2020-09-04 16:53:35,481  方法:_find_provider_class  级别:DEBUG  消息:Provider `faker.providers.ssn` has been localized to `zh_CN`. 行数: 105 文件名:factory.py
时间:2020-09-04 16:53:35,482  方法:_find_provider_class  级别:DEBUG  消息:Provider `faker.providers.user_agent` does not feature localization. Specified locale `zh_CN` is not utilized for this provider. 行数: 118 文件名:factory.py
时间:2020-09-04 16:53:44,398  方法:_new_conn  级别:DEBUG  消息:Starting new HTTPS connection (1): 2007225007-site.pool202.yun300.cn:443 行数: 941 文件名:connectionpool.py
时间:2020-09-04 16:53:44,793  方法:_make_request  级别:DEBUG  消息:https://2007225007-site.pool202.yun300.cn:443 "POST /manager/gwforward/manager-webapi/interaction/manager/newcustomer/findTips?tenantId=205217 HTTP/1.1" 200 None 行数: 442 文件名:connectionpool.py
