时间:2020-06-28 10:10:47,756  方法:_new_conn  级别:DEBUG  消息:Starting new HTTP connection (1): 2004105022.pool5-site.make.yun300.cn:80 行数: 230 文件名:connectionpool.py
时间:2020-06-28 10:10:48,657  方法:_make_request  级别:DEBUG  消息:http://2004105022.pool5-site.make.yun300.cn:80 "POST /manager/gwforward/manager-webapi/product/productAttribute/saveAttribute?viewType=1&authPermission=attribute_add?tenantId=188078 HTTP/1.1" 200 None 行数: 442 文件名:connectionpool.py
时间:2020-06-28 10:10:49,709  方法:_new_conn  级别:DEBUG  消息:Starting new HTTP connection (1): 2004105022.pool5-site.make.yun300.cn:80 行数: 230 文件名:connectionpool.py
时间:2020-06-28 10:10:50,713  方法:_make_request  级别:DEBUG  消息:http://2004105022.pool5-site.make.yun300.cn:80 "GET /manager/gwforward/manager-webapi/product/productAttribute/list?viewType=1&tenantId=196498&appId=2&ec_p=1&ec_crd=15&startDate=&endDate=&sortField=&sortType= HTTP/1.1" 200 None 行数: 442 文件名:connectionpool.py
时间:2020-06-28 10:10:50,729  方法:_new_conn  级别:DEBUG  消息:Starting new HTTP connection (1): 2004105022.pool5-site.make.yun300.cn:80 行数: 230 文件名:connectionpool.py
时间:2020-06-28 10:10:51,078  方法:_make_request  级别:DEBUG  消息:http://2004105022.pool5-site.make.yun300.cn:80 "GET /manager/gwforward/manager-webapi/product/productAttribute/getAttributeDetail?viewType=1&appId=2&id=32&operType=copy?tenantId=188078 HTTP/1.1" 200 None 行数: 442 文件名:connectionpool.py
时间:2020-06-28 10:10:52,277  方法:_new_conn  级别:DEBUG  消息:Starting new HTTP connection (1): 2004105022.pool5-site.make.yun300.cn:80 行数: 230 文件名:connectionpool.py
时间:2020-06-28 10:10:52,445  方法:_make_request  级别:DEBUG  消息:http://2004105022.pool5-site.make.yun300.cn:80 "GET /manager/gwforward/manager-webapi/product/productAttribute/list?viewType=1&tenantId=196498&appId=2&ec_p=1&ec_crd=15&startDate=&endDate=&sortField=&sortType= HTTP/1.1" 200 None 行数: 442 文件名:connectionpool.py
时间:2020-06-28 10:10:52,460  方法:_new_conn  级别:DEBUG  消息:Starting new HTTP connection (1): 2004105022.pool5-site.make.yun300.cn:80 行数: 230 文件名:connectionpool.py
时间:2020-06-28 10:10:52,624  方法:_make_request  级别:DEBUG  消息:http://2004105022.pool5-site.make.yun300.cn:80 "GET /manager/gwforward/manager-webapi/product/productAttribute/delAttribute?viewType=1&authPermission=attribute_del&templateId=10&appId=2?tenantId=188078 HTTP/1.1" 500 357 行数: 442 文件名:connectionpool.py
时间:2020-06-28 10:10:53,764  方法:_new_conn  级别:DEBUG  消息:Starting new HTTP connection (1): 2004105022.pool5-site.make.yun300.cn:80 行数: 230 文件名:connectionpool.py
时间:2020-06-28 10:10:53,925  方法:_make_request  级别:DEBUG  消息:http://2004105022.pool5-site.make.yun300.cn:80 "GET /manager/gwforward/manager-webapi/product/productAttribute/list?viewType=1&appId=2&ec_p=1&ec_crd=15&startDate=&endDate=&sortField=&sortType=?tenantId=188078 HTTP/1.1" 200 None 行数: 442 文件名:connectionpool.py
时间:2020-06-28 10:14:03,683  方法:_new_conn  级别:DEBUG  消息:Starting new HTTP connection (1): 2004105022.pool5-site.make.yun300.cn:80 行数: 230 文件名:connectionpool.py
时间:2020-06-28 10:14:03,886  方法:_make_request  级别:DEBUG  消息:http://2004105022.pool5-site.make.yun300.cn:80 "GET /manager/gwforward/manager-webapi/product/productAttribute/list?viewType=1&appId=2&ec_p=1&ec_crd=15&startDate=&endDate=&sortField=&sortType=?tenantId=188078 HTTP/1.1" 200 None 行数: 442 文件名:connectionpool.py
时间:2020-06-28 10:14:53,486  方法:_new_conn  级别:DEBUG  消息:Starting new HTTP connection (1): 2004105022.pool5-site.make.yun300.cn:80 行数: 230 文件名:connectionpool.py
时间:2020-06-28 10:14:53,663  方法:_make_request  级别:DEBUG  消息:http://2004105022.pool5-site.make.yun300.cn:80 "GET /manager/gwforward/manager-webapi/product/productAttribute/list?viewType=1&tenantId=196498&appId=2&ec_p=1&ec_crd=15&startDate=&endDate=&sortField=&sortType= HTTP/1.1" 200 None 行数: 442 文件名:connectionpool.py
时间:2020-06-28 10:14:53,678  方法:_new_conn  级别:DEBUG  消息:Starting new HTTP connection (1): 2004105022.pool5-site.make.yun300.cn:80 行数: 230 文件名:connectionpool.py
时间:2020-06-28 10:14:54,310  方法:_make_request  级别:DEBUG  消息:http://2004105022.pool5-site.make.yun300.cn:80 "POST /manager/gwforward/manager-webapi/product/productAttribute/saveAttribute?viewType=1&authPermission=attribute_edit?tenantId=188078 HTTP/1.1" 200 None 行数: 442 文件名:connectionpool.py
时间:2020-06-28 10:16:00,827  方法:_new_conn  级别:DEBUG  消息:Starting new HTTP connection (1): 2004105022.pool5-site.make.yun300.cn:80 行数: 230 文件名:connectionpool.py
时间:2020-06-28 10:16:02,097  方法:_make_request  级别:DEBUG  消息:http://2004105022.pool5-site.make.yun300.cn:80 "GET /manager/gwforward/manager-webapi/product/productAttribute/list?viewType=1&tenantId=196498&appId=2&ec_p=1&ec_crd=15&startDate=&endDate=&sortField=&sortType= HTTP/1.1" 200 None 行数: 442 文件名:connectionpool.py
时间:2020-06-28 10:16:02,112  方法:_new_conn  级别:DEBUG  消息:Starting new HTTP connection (1): 2004105022.pool5-site.make.yun300.cn:80 行数: 230 文件名:connectionpool.py
时间:2020-06-28 10:16:02,251  方法:_make_request  级别:DEBUG  消息:http://2004105022.pool5-site.make.yun300.cn:80 "GET /manager/gwforward/manager-webapi/product/productAttribute/getAttributeDetail?viewType=1&appId=2&id=24&operType=copy?tenantId=188078 HTTP/1.1" 200 None 行数: 442 文件名:connectionpool.py
时间:2020-06-28 10:21:23,303  方法:_new_conn  级别:DEBUG  消息:Starting new HTTP connection (1): 2004105022.pool5-site.make.yun300.cn:80 行数: 230 文件名:connectionpool.py
时间:2020-06-28 10:21:23,745  方法:_make_request  级别:DEBUG  消息:http://2004105022.pool5-site.make.yun300.cn:80 "GET /manager/gwforward/manager-webapi/product/productAttribute/list?viewType=1&tenantId=196498&appId=2&ec_p=1&ec_crd=15&startDate=&endDate=&sortField=&sortType= HTTP/1.1" 200 None 行数: 442 文件名:connectionpool.py
时间:2020-06-28 10:21:23,764  方法:_new_conn  级别:DEBUG  消息:Starting new HTTP connection (1): 2004105022.pool5-site.make.yun300.cn:80 行数: 230 文件名:connectionpool.py
时间:2020-06-28 10:21:24,106  方法:_make_request  级别:DEBUG  消息:http://2004105022.pool5-site.make.yun300.cn:80 "GET /manager/gwforward/manager-webapi/product/productAttribute/getAttributeDetail?tenantId=188078&appId=2&id=10&operType=copy HTTP/1.1" 200 None 行数: 442 文件名:connectionpool.py
时间:2020-06-28 10:21:59,462  方法:_new_conn  级别:DEBUG  消息:Starting new HTTP connection (1): 2004105022.pool5-site.make.yun300.cn:80 行数: 230 文件名:connectionpool.py
时间:2020-06-28 10:21:59,663  方法:_make_request  级别:DEBUG  消息:http://2004105022.pool5-site.make.yun300.cn:80 "GET /manager/gwforward/manager-webapi/product/productAttribute/list?viewType=1&tenantId=196498&appId=2&ec_p=1&ec_crd=15&startDate=&endDate=&sortField=&sortType= HTTP/1.1" 200 None 行数: 442 文件名:connectionpool.py
时间:2020-06-28 10:21:59,687  方法:_new_conn  级别:DEBUG  消息:Starting new HTTP connection (1): 2004105022.pool5-site.make.yun300.cn:80 行数: 230 文件名:connectionpool.py
时间:2020-06-28 10:22:00,072  方法:_make_request  级别:DEBUG  消息:http://2004105022.pool5-site.make.yun300.cn:80 "GET /manager/gwforward/manager-webapi/product/productAttribute/getAttributeDetail?tenantId=188078&appId=2&id=25&operType=copy HTTP/1.1" 200 None 行数: 442 文件名:connectionpool.py
时间:2020-06-28 10:22:16,186  方法:_new_conn  级别:DEBUG  消息:Starting new HTTP connection (1): 2004105022.pool5-site.make.yun300.cn:80 行数: 230 文件名:connectionpool.py
时间:2020-06-28 10:22:16,377  方法:_make_request  级别:DEBUG  消息:http://2004105022.pool5-site.make.yun300.cn:80 "GET /manager/gwforward/manager-webapi/product/productAttribute/list?viewType=1&tenantId=196498&appId=2&ec_p=1&ec_crd=15&startDate=&endDate=&sortField=&sortType= HTTP/1.1" 200 None 行数: 442 文件名:connectionpool.py
时间:2020-06-28 10:22:16,392  方法:_new_conn  级别:DEBUG  消息:Starting new HTTP connection (1): 2004105022.pool5-site.make.yun300.cn:80 行数: 230 文件名:connectionpool.py
时间:2020-06-28 10:22:16,567  方法:_make_request  级别:DEBUG  消息:http://2004105022.pool5-site.make.yun300.cn:80 "GET /manager/gwforward/manager-webapi/product/productAttribute/delAttribute?viewType=1&authPermission=attribute_del&templateId=8&appId=2?tenantId=188078 HTTP/1.1" 500 356 行数: 442 文件名:connectionpool.py
时间:2020-06-28 10:23:12,277  方法:_new_conn  级别:DEBUG  消息:Starting new HTTP connection (1): 2004105022.pool5-site.make.yun300.cn:80 行数: 230 文件名:connectionpool.py
时间:2020-06-28 10:23:12,480  方法:_make_request  级别:DEBUG  消息:http://2004105022.pool5-site.make.yun300.cn:80 "GET /manager/gwforward/manager-webapi/product/productAttribute/list?viewType=1&tenantId=196498&appId=2&ec_p=1&ec_crd=15&startDate=&endDate=&sortField=&sortType= HTTP/1.1" 200 None 行数: 442 文件名:connectionpool.py
时间:2020-06-28 10:23:12,498  方法:_new_conn  级别:DEBUG  消息:Starting new HTTP connection (1): 2004105022.pool5-site.make.yun300.cn:80 行数: 230 文件名:connectionpool.py
时间:2020-06-28 10:23:12,753  方法:_make_request  级别:DEBUG  消息:http://2004105022.pool5-site.make.yun300.cn:80 "GET /manager/gwforward/manager-webapi/product/productAttribute/delAttribute?tenantId=188078&authPermission=attribute_del&templateId=8&appId=2 HTTP/1.1" 200 None 行数: 442 文件名:connectionpool.py
时间:2020-06-28 10:23:34,701  方法:_new_conn  级别:DEBUG  消息:Starting new HTTP connection (1): 2004105022.pool5-site.make.yun300.cn:80 行数: 230 文件名:connectionpool.py
时间:2020-06-28 10:23:34,966  方法:_make_request  级别:DEBUG  消息:http://2004105022.pool5-site.make.yun300.cn:80 "GET /manager/gwforward/manager-webapi/product/productAttribute/list?viewType=1&tenantId=188078&_d=1591177451739&appId=2&ec_p=1&ec_crd=15&startDate=2020-06-23&endDate=2020-06-28&sortField=&sortType=?tenantId=188078 HTTP/1.1" 200 None 行数: 442 文件名:connectionpool.py
时间:2020-06-28 10:24:42,380  方法:_new_conn  级别:DEBUG  消息:Starting new HTTP connection (1): 2004105022.pool5-site.make.yun300.cn:80 行数: 230 文件名:connectionpool.py
时间:2020-06-28 10:24:42,639  方法:_make_request  级别:DEBUG  消息:http://2004105022.pool5-site.make.yun300.cn:80 "GET /manager/gwforward/manager-webapi/product/productAttribute/list?tenantId=188078&appId=2&ec_p=1&ec_crd=15&startDate=2020-06-23&endDate=2020-06-28&sortField=&sortType= HTTP/1.1" 200 None 行数: 442 文件名:connectionpool.py
